{"/Users/dsellers/code/caddy/src/js/App.js": {"path":"/Users/dsellers/code/caddy/src/js/App.js","statementMap":{"0":{"start":{"line":1,"column":13},"end":{"line":1,"column":75}},"1":{"start":{"line":1,"column":94},"end":{"line":1,"column":136}},"2":{"start":{"line":8,"column":13},"end":{"line":8,"column":29}},"3":{"start":{"line":8,"column":44},"end":{"line":8,"column":74}},"4":{"start":{"line":8,"column":96},"end":{"line":8,"column":121}},"5":{"start":{"line":8,"column":144},"end":{"line":8,"column":182}},"6":{"start":{"line":8,"column":205},"end":{"line":8,"column":232}},"7":{"start":{"line":8,"column":248},"end":{"line":8,"column":285}},"8":{"start":{"line":8,"column":302},"end":{"line":8,"column":334}},"9":{"start":{"line":10,"column":0},"end":{"line":10,"column":38}},"10":{"start":{"line":10,"column":76},"end":{"line":10,"column":130}},"11":{"start":{"line":13,"column":8},"end":{"line":13,"column":21}},"12":{"start":{"line":14,"column":8},"end":{"line":14,"column":43}},"13":{"start":{"line":18,"column":8},"end":{"line":20,"column":139}},"14":{"start":{"line":23,"column":6},"end":{"line":26,"column":4}}},"fnMap":{"0":{"name":"_interopRequireDefault","decl":{"start":{"line":10,"column":47},"end":{"line":10,"column":69}},"loc":{"start":{"line":10,"column":75},"end":{"line":10,"column":131}},"line":10},"1":{"name":"(anonymous_1)","decl":{"start":{"line":12,"column":4},"end":{"line":12,"column":5}},"loc":{"start":{"line":12,"column":23},"end":{"line":15,"column":5}},"line":12},"2":{"name":"(anonymous_2)","decl":{"start":{"line":17,"column":4},"end":{"line":17,"column":5}},"loc":{"start":{"line":17,"column":13},"end":{"line":23,"column":5}},"line":17}},"branchMap":{"0":{"loc":{"start":{"line":10,"column":83},"end":{"line":10,"column":129}},"type":"cond-expr","locations":[{"start":{"line":10,"column":107},"end":{"line":10,"column":110}},{"start":{"line":10,"column":113},"end":{"line":10,"column":129}}],"line":10},"1":{"loc":{"start":{"line":10,"column":83},"end":{"line":10,"column":104}},"type":"binary-expr","locations":[{"start":{"line":10,"column":83},"end":{"line":10,"column":86}},{"start":{"line":10,"column":90},"end":{"line":10,"column":104}}],"line":10}},"s":{"0":0,"1":0,"2":0,"3":0,"4":0,"5":0,"6":0,"7":0,"8":0,"9":0,"10":0,"11":0,"12":0,"13":0,"14":0},"f":{"0":0,"1":0,"2":0},"b":{"0":[0,0],"1":[0,0]}}
,"/Users/dsellers/code/caddy/src/js/CanvasImage.js": {"path":"/Users/dsellers/code/caddy/src/js/CanvasImage.js","statementMap":{"0":{"start":{"line":1,"column":13},"end":{"line":1,"column":75}},"1":{"start":{"line":1,"column":94},"end":{"line":1,"column":144}},"2":{"start":{"line":3,"column":13},"end":{"line":3,"column":29}},"3":{"start":{"line":3,"column":44},"end":{"line":3,"column":74}},"4":{"start":{"line":4,"column":21},"end":{"line":4,"column":46}},"5":{"start":{"line":4,"column":69},"end":{"line":4,"column":107}},"6":{"start":{"line":4,"column":146},"end":{"line":4,"column":200}},"7":{"start":{"line":11,"column":8},"end":{"line":11,"column":21}},"8":{"start":{"line":12,"column":8},"end":{"line":12,"column":43}},"9":{"start":{"line":17,"column":8},"end":{"line":23,"column":9}},"10":{"start":{"line":19,"column":24},"end":{"line":19,"column":57}},"11":{"start":{"line":20,"column":24},"end":{"line":20,"column":35}},"12":{"start":{"line":21,"column":12},"end":{"line":21,"column":44}},"13":{"start":{"line":22,"column":12},"end":{"line":22,"column":125}},"14":{"start":{"line":22,"column":33},"end":{"line":22,"column":124}},"15":{"start":{"line":25,"column":8},"end":{"line":33,"column":9}},"16":{"start":{"line":27,"column":12},"end":{"line":27,"column":46}},"17":{"start":{"line":28,"column":24},"end":{"line":28,"column":57}},"18":{"start":{"line":29,"column":24},"end":{"line":29,"column":35}},"19":{"start":{"line":30,"column":12},"end":{"line":30,"column":51}},"20":{"start":{"line":31,"column":12},"end":{"line":31,"column":125}},"21":{"start":{"line":31,"column":33},"end":{"line":31,"column":124}},"22":{"start":{"line":39,"column":8},"end":{"line":39,"column":51}},"23":{"start":{"line":44,"column":8},"end":{"line":44,"column":274}},"24":{"start":{"line":45,"column":6},"end":{"line":45,"column":36}}},"fnMap":{"0":{"name":"_interopRequireDefault","decl":{"start":{"line":4,"column":117},"end":{"line":4,"column":139}},"loc":{"start":{"line":4,"column":145},"end":{"line":4,"column":201}},"line":4},"1":{"name":"(anonymous_1)","decl":{"start":{"line":9,"column":4},"end":{"line":9,"column":5}},"loc":{"start":{"line":10,"column":4},"end":{"line":13,"column":5}},"line":10},"2":{"name":"(anonymous_2)","decl":{"start":{"line":15,"column":4},"end":{"line":15,"column":5}},"loc":{"start":{"line":16,"column":4},"end":{"line":35,"column":5}},"line":16},"3":{"name":"(anonymous_3)","decl":{"start":{"line":22,"column":27},"end":{"line":22,"column":28}},"loc":{"start":{"line":22,"column":33},"end":{"line":22,"column":124}},"line":22},"4":{"name":"(anonymous_4)","decl":{"start":{"line":31,"column":27},"end":{"line":31,"column":28}},"loc":{"start":{"line":31,"column":33},"end":{"line":31,"column":124}},"line":31},"5":{"name":"(anonymous_5)","decl":{"start":{"line":37,"column":4},"end":{"line":37,"column":5}},"loc":{"start":{"line":38,"column":4},"end":{"line":40,"column":5}},"line":38},"6":{"name":"(anonymous_6)","decl":{"start":{"line":42,"column":4},"end":{"line":42,"column":5}},"loc":{"start":{"line":43,"column":4},"end":{"line":45,"column":5}},"line":43}},"branchMap":{"0":{"loc":{"start":{"line":4,"column":153},"end":{"line":4,"column":199}},"type":"cond-expr","locations":[{"start":{"line":4,"column":177},"end":{"line":4,"column":180}},{"start":{"line":4,"column":183},"end":{"line":4,"column":199}}],"line":4},"1":{"loc":{"start":{"line":4,"column":153},"end":{"line":4,"column":174}},"type":"binary-expr","locations":[{"start":{"line":4,"column":153},"end":{"line":4,"column":156}},{"start":{"line":4,"column":160},"end":{"line":4,"column":174}}],"line":4},"2":{"loc":{"start":{"line":17,"column":8},"end":{"line":23,"column":9}},"type":"if","locations":[{"start":{"line":17,"column":8},"end":{"line":23,"column":9}},{"start":{"line":17,"column":8},"end":{"line":23,"column":9}}],"line":17},"3":{"loc":{"start":{"line":25,"column":8},"end":{"line":33,"column":9}},"type":"if","locations":[{"start":{"line":25,"column":8},"end":{"line":33,"column":9}},{"start":{"line":25,"column":8},"end":{"line":33,"column":9}}],"line":25},"4":{"loc":{"start":{"line":44,"column":68},"end":{"line":44,"column":135}},"type":"cond-expr","locations":[{"start":{"line":44,"column":122},"end":{"line":44,"column":124}},{"start":{"line":44,"column":127},"end":{"line":44,"column":135}}],"line":44},"5":{"loc":{"start":{"line":44,"column":68},"end":{"line":44,"column":119}},"type":"binary-expr","locations":[{"start":{"line":44,"column":68},"end":{"line":44,"column":88}},{"start":{"line":44,"column":92},"end":{"line":44,"column":119}}],"line":44}},"s":{"0":0,"1":0,"2":0,"3":0,"4":0,"5":0,"6":0,"7":0,"8":0,"9":0,"10":0,"11":0,"12":0,"13":0,"14":0,"15":0,"16":0,"17":0,"18":0,"19":0,"20":0,"21":0,"22":0,"23":0,"24":0},"f":{"0":0,"1":0,"2":0,"3":0,"4":0,"5":0,"6":0},"b":{"0":[0,0],"1":[0,0],"2":[0,0],"3":[0,0],"4":[0,0],"5":[0,0]}}
,"/Users/dsellers/code/caddy/src/js/CombinationItem.js": {"path":"/Users/dsellers/code/caddy/src/js/CombinationItem.js","statementMap":{"0":{"start":{"line":1,"column":13},"end":{"line":1,"column":75}},"1":{"start":{"line":1,"column":94},"end":{"line":1,"column":148}},"2":{"start":{"line":3,"column":13},"end":{"line":3,"column":29}},"3":{"start":{"line":3,"column":44},"end":{"line":3,"column":74}},"4":{"start":{"line":4,"column":21},"end":{"line":4,"column":46}},"5":{"start":{"line":4,"column":69},"end":{"line":4,"column":107}},"6":{"start":{"line":4,"column":146},"end":{"line":4,"column":200}},"7":{"start":{"line":11,"column":8},"end":{"line":11,"column":21}},"8":{"start":{"line":12,"column":8},"end":{"line":12,"column":43}},"9":{"start":{"line":17,"column":23},"end":{"line":17,"column":25}},"10":{"start":{"line":18,"column":8},"end":{"line":21,"column":9}},"11":{"start":{"line":20,"column":12},"end":{"line":20,"column":57}},"12":{"start":{"line":23,"column":8},"end":{"line":23,"column":24}},"13":{"start":{"line":27,"column":8},"end":{"line":27,"column":146}},"14":{"start":{"line":28,"column":6},"end":{"line":28,"column":40}}},"fnMap":{"0":{"name":"_interopRequireDefault","decl":{"start":{"line":4,"column":117},"end":{"line":4,"column":139}},"loc":{"start":{"line":4,"column":145},"end":{"line":4,"column":201}},"line":4},"1":{"name":"(anonymous_1)","decl":{"start":{"line":9,"column":4},"end":{"line":9,"column":5}},"loc":{"start":{"line":10,"column":4},"end":{"line":13,"column":5}},"line":10},"2":{"name":"(anonymous_2)","decl":{"start":{"line":15,"column":4},"end":{"line":15,"column":5}},"loc":{"start":{"line":16,"column":4},"end":{"line":24,"column":5}},"line":16},"3":{"name":"(anonymous_3)","decl":{"start":{"line":25,"column":4},"end":{"line":25,"column":5}},"loc":{"start":{"line":26,"column":4},"end":{"line":28,"column":5}},"line":26}},"branchMap":{"0":{"loc":{"start":{"line":4,"column":153},"end":{"line":4,"column":199}},"type":"cond-expr","locations":[{"start":{"line":4,"column":177},"end":{"line":4,"column":180}},{"start":{"line":4,"column":183},"end":{"line":4,"column":199}}],"line":4},"1":{"loc":{"start":{"line":4,"column":153},"end":{"line":4,"column":174}},"type":"binary-expr","locations":[{"start":{"line":4,"column":153},"end":{"line":4,"column":156}},{"start":{"line":4,"column":160},"end":{"line":4,"column":174}}],"line":4}},"s":{"0":0,"1":0,"2":0,"3":0,"4":0,"5":0,"6":0,"7":0,"8":0,"9":0,"10":0,"11":0,"12":0,"13":0,"14":0},"f":{"0":0,"1":0,"2":0,"3":0},"b":{"0":[0,0],"1":[0,0]}}
,"/Users/dsellers/code/caddy/src/js/CombinationList.js": {"path":"/Users/dsellers/code/caddy/src/js/CombinationList.js","statementMap":{"0":{"start":{"line":1,"column":13},"end":{"line":1,"column":75}},"1":{"start":{"line":1,"column":94},"end":{"line":1,"column":148}},"2":{"start":{"line":3,"column":13},"end":{"line":3,"column":29}},"3":{"start":{"line":3,"column":44},"end":{"line":3,"column":74}},"4":{"start":{"line":4,"column":21},"end":{"line":4,"column":46}},"5":{"start":{"line":4,"column":69},"end":{"line":4,"column":107}},"6":{"start":{"line":6,"column":23},"end":{"line":6,"column":51}},"7":{"start":{"line":6,"column":76},"end":{"line":6,"column":116}},"8":{"start":{"line":6,"column":155},"end":{"line":6,"column":209}},"9":{"start":{"line":12,"column":8},"end":{"line":12,"column":21}},"10":{"start":{"line":13,"column":8},"end":{"line":13,"column":43}},"11":{"start":{"line":14,"column":8},"end":{"line":14,"column":42}},"12":{"start":{"line":20,"column":21},"end":{"line":20,"column":23}},"13":{"start":{"line":21,"column":21},"end":{"line":21,"column":32}},"14":{"start":{"line":22,"column":20},"end":{"line":22,"column":28}},"15":{"start":{"line":23,"column":27},"end":{"line":23,"column":43}},"16":{"start":{"line":25,"column":8},"end":{"line":37,"column":9}},"17":{"start":{"line":27,"column":12},"end":{"line":27,"column":22}},"18":{"start":{"line":29,"column":12},"end":{"line":35,"column":13}},"19":{"start":{"line":31,"column":16},"end":{"line":34,"column":17}},"20":{"start":{"line":33,"column":20},"end":{"line":33,"column":50}},"21":{"start":{"line":36,"column":12},"end":{"line":36,"column":176}},"22":{"start":{"line":39,"column":8},"end":{"line":40,"column":36}},"23":{"start":{"line":47,"column":8},"end":{"line":47,"column":63}},"24":{"start":{"line":51,"column":8},"end":{"line":52,"column":147}},"25":{"start":{"line":54,"column":6},"end":{"line":54,"column":40}}},"fnMap":{"0":{"name":"_interopRequireDefault","decl":{"start":{"line":6,"column":126},"end":{"line":6,"column":148}},"loc":{"start":{"line":6,"column":154},"end":{"line":6,"column":210}},"line":6},"1":{"name":"(anonymous_1)","decl":{"start":{"line":10,"column":4},"end":{"line":10,"column":5}},"loc":{"start":{"line":11,"column":4},"end":{"line":15,"column":5}},"line":11},"2":{"name":"(anonymous_2)","decl":{"start":{"line":17,"column":4},"end":{"line":17,"column":5}},"loc":{"start":{"line":18,"column":4},"end":{"line":43,"column":5}},"line":18},"3":{"name":"(anonymous_3)","decl":{"start":{"line":45,"column":4},"end":{"line":45,"column":5}},"loc":{"start":{"line":46,"column":4},"end":{"line":48,"column":5}},"line":46},"4":{"name":"(anonymous_4)","decl":{"start":{"line":49,"column":4},"end":{"line":49,"column":5}},"loc":{"start":{"line":50,"column":4},"end":{"line":54,"column":5}},"line":50}},"branchMap":{"0":{"loc":{"start":{"line":6,"column":162},"end":{"line":6,"column":208}},"type":"cond-expr","locations":[{"start":{"line":6,"column":186},"end":{"line":6,"column":189}},{"start":{"line":6,"column":192},"end":{"line":6,"column":208}}],"line":6},"1":{"loc":{"start":{"line":6,"column":162},"end":{"line":6,"column":183}},"type":"binary-expr","locations":[{"start":{"line":6,"column":162},"end":{"line":6,"column":165}},{"start":{"line":6,"column":169},"end":{"line":6,"column":183}}],"line":6},"2":{"loc":{"start":{"line":31,"column":16},"end":{"line":34,"column":17}},"type":"if","locations":[{"start":{"line":31,"column":16},"end":{"line":34,"column":17}},{"start":{"line":31,"column":16},"end":{"line":34,"column":17}}],"line":31}},"s":{"0":0,"1":0,"2":0,"3":0,"4":0,"5":0,"6":0,"7":0,"8":0,"9":0,"10":0,"11":0,"12":0,"13":0,"14":0,"15":0,"16":0,"17":0,"18":0,"19":0,"20":0,"21":0,"22":0,"23":0,"24":0,"25":0},"f":{"0":0,"1":0,"2":0,"3":0,"4":0},"b":{"0":[0,0],"1":[0,0],"2":[0,0]}}
,"/Users/dsellers/code/caddy/src/js/CustomizationItem.js": {"path":"/Users/dsellers/code/caddy/src/js/CustomizationItem.js","statementMap":{"0":{"start":{"line":1,"column":13},"end":{"line":1,"column":75}},"1":{"start":{"line":1,"column":94},"end":{"line":1,"column":150}},"2":{"start":{"line":3,"column":13},"end":{"line":3,"column":29}},"3":{"start":{"line":3,"column":44},"end":{"line":3,"column":74}},"4":{"start":{"line":4,"column":21},"end":{"line":4,"column":46}},"5":{"start":{"line":4,"column":69},"end":{"line":4,"column":107}},"6":{"start":{"line":5,"column":19},"end":{"line":5,"column":43}},"7":{"start":{"line":5,"column":64},"end":{"line":5,"column":100}},"8":{"start":{"line":5,"column":139},"end":{"line":5,"column":193}},"9":{"start":{"line":7,"column":18},"end":{"line":14,"column":1}},"10":{"start":{"line":8,"column":4},"end":{"line":13,"column":7}},"11":{"start":{"line":9,"column":23},"end":{"line":9,"column":39}},"12":{"start":{"line":10,"column":8},"end":{"line":10,"column":53}},"13":{"start":{"line":10,"column":30},"end":{"line":10,"column":52}},"14":{"start":{"line":11,"column":8},"end":{"line":11,"column":48}},"15":{"start":{"line":11,"column":34},"end":{"line":11,"column":47}},"16":{"start":{"line":12,"column":8},"end":{"line":12,"column":35}},"17":{"start":{"line":20,"column":8},"end":{"line":20,"column":21}},"18":{"start":{"line":21,"column":8},"end":{"line":21,"column":43}},"19":{"start":{"line":22,"column":8},"end":{"line":22,"column":41}},"20":{"start":{"line":23,"column":8},"end":{"line":23,"column":27}},"21":{"start":{"line":24,"column":8},"end":{"line":24,"column":24}},"22":{"start":{"line":29,"column":8},"end":{"line":29,"column":87}},"23":{"start":{"line":34,"column":21},"end":{"line":34,"column":38}},"24":{"start":{"line":35,"column":8},"end":{"line":39,"column":11}},"25":{"start":{"line":36,"column":12},"end":{"line":37,"column":37}},"26":{"start":{"line":44,"column":21},"end":{"line":44,"column":38}},"27":{"start":{"line":45,"column":8},"end":{"line":49,"column":11}},"28":{"start":{"line":46,"column":12},"end":{"line":47,"column":36}},"29":{"start":{"line":54,"column":8},"end":{"line":54,"column":52}},"30":{"start":{"line":55,"column":8},"end":{"line":57,"column":50}},"31":{"start":{"line":64,"column":8},"end":{"line":64,"column":51}},"32":{"start":{"line":69,"column":8},"end":{"line":92,"column":215}},"33":{"start":{"line":75,"column":125},"end":{"line":75,"column":148}},"34":{"start":{"line":78,"column":85},"end":{"line":78,"column":144}},"35":{"start":{"line":98,"column":6},"end":{"line":98,"column":42}}},"fnMap":{"0":{"name":"_interopRequireDefault","decl":{"start":{"line":5,"column":110},"end":{"line":5,"column":132}},"loc":{"start":{"line":5,"column":138},"end":{"line":5,"column":194}},"line":5},"1":{"name":"(anonymous_1)","decl":{"start":{"line":7,"column":18},"end":{"line":7,"column":19}},"loc":{"start":{"line":7,"column":26},"end":{"line":14,"column":1}},"line":7},"2":{"name":"(anonymous_2)","decl":{"start":{"line":8,"column":23},"end":{"line":8,"column":24}},"loc":{"start":{"line":8,"column":44},"end":{"line":13,"column":5}},"line":8},"3":{"name":"(anonymous_3)","decl":{"start":{"line":10,"column":24},"end":{"line":10,"column":25}},"loc":{"start":{"line":10,"column":30},"end":{"line":10,"column":52}},"line":10},"4":{"name":"(anonymous_4)","decl":{"start":{"line":11,"column":25},"end":{"line":11,"column":26}},"loc":{"start":{"line":11,"column":34},"end":{"line":11,"column":47}},"line":11},"5":{"name":"(anonymous_5)","decl":{"start":{"line":18,"column":4},"end":{"line":18,"column":5}},"loc":{"start":{"line":19,"column":4},"end":{"line":25,"column":5}},"line":19},"6":{"name":"(anonymous_6)","decl":{"start":{"line":27,"column":4},"end":{"line":27,"column":5}},"loc":{"start":{"line":28,"column":4},"end":{"line":30,"column":5}},"line":28},"7":{"name":"(anonymous_7)","decl":{"start":{"line":32,"column":4},"end":{"line":32,"column":5}},"loc":{"start":{"line":33,"column":4},"end":{"line":40,"column":5}},"line":33},"8":{"name":"(anonymous_8)","decl":{"start":{"line":35,"column":29},"end":{"line":35,"column":30}},"loc":{"start":{"line":35,"column":39},"end":{"line":39,"column":9}},"line":35},"9":{"name":"(anonymous_9)","decl":{"start":{"line":42,"column":4},"end":{"line":42,"column":5}},"loc":{"start":{"line":43,"column":4},"end":{"line":50,"column":5}},"line":43},"10":{"name":"(anonymous_10)","decl":{"start":{"line":45,"column":29},"end":{"line":45,"column":30}},"loc":{"start":{"line":45,"column":39},"end":{"line":49,"column":9}},"line":45},"11":{"name":"(anonymous_11)","decl":{"start":{"line":52,"column":4},"end":{"line":52,"column":5}},"loc":{"start":{"line":53,"column":4},"end":{"line":60,"column":5}},"line":53},"12":{"name":"(anonymous_12)","decl":{"start":{"line":62,"column":4},"end":{"line":62,"column":5}},"loc":{"start":{"line":63,"column":4},"end":{"line":65,"column":5}},"line":63},"13":{"name":"(anonymous_13)","decl":{"start":{"line":67,"column":4},"end":{"line":67,"column":5}},"loc":{"start":{"line":68,"column":4},"end":{"line":98,"column":5}},"line":68},"14":{"name":"(anonymous_14)","decl":{"start":{"line":75,"column":115},"end":{"line":75,"column":116}},"loc":{"start":{"line":75,"column":124},"end":{"line":75,"column":149}},"line":75},"15":{"name":"(anonymous_15)","decl":{"start":{"line":78,"column":79},"end":{"line":78,"column":80}},"loc":{"start":{"line":78,"column":85},"end":{"line":78,"column":144}},"line":78}},"branchMap":{"0":{"loc":{"start":{"line":5,"column":146},"end":{"line":5,"column":192}},"type":"cond-expr","locations":[{"start":{"line":5,"column":170},"end":{"line":5,"column":173}},{"start":{"line":5,"column":176},"end":{"line":5,"column":192}}],"line":5},"1":{"loc":{"start":{"line":5,"column":146},"end":{"line":5,"column":167}},"type":"binary-expr","locations":[{"start":{"line":5,"column":146},"end":{"line":5,"column":149}},{"start":{"line":5,"column":153},"end":{"line":5,"column":167}}],"line":5}},"s":{"0":0,"1":0,"2":0,"3":0,"4":0,"5":0,"6":0,"7":0,"8":0,"9":0,"10":0,"11":0,"12":0,"13":0,"14":0,"15":0,"16":0,"17":0,"18":0,"19":0,"20":0,"21":0,"22":0,"23":0,"24":0,"25":0,"26":0,"27":0,"28":0,"29":0,"30":0,"31":0,"32":0,"33":0,"34":0,"35":0},"f":{"0":0,"1":0,"2":0,"3":0,"4":0,"5":0,"6":0,"7":0,"8":0,"9":0,"10":0,"11":0,"12":0,"13":0,"14":0,"15":0},"b":{"0":[0,0],"1":[0,0]}}
,"/Users/dsellers/code/caddy/src/js/CustomizationList.js": {"path":"/Users/dsellers/code/caddy/src/js/CustomizationList.js","statementMap":{"0":{"start":{"line":1,"column":13},"end":{"line":1,"column":75}},"1":{"start":{"line":1,"column":94},"end":{"line":1,"column":150}},"2":{"start":{"line":3,"column":13},"end":{"line":3,"column":29}},"3":{"start":{"line":3,"column":44},"end":{"line":3,"column":74}},"4":{"start":{"line":4,"column":21},"end":{"line":4,"column":46}},"5":{"start":{"line":4,"column":69},"end":{"line":4,"column":107}},"6":{"start":{"line":6,"column":25},"end":{"line":6,"column":55}},"7":{"start":{"line":6,"column":82},"end":{"line":6,"column":124}},"8":{"start":{"line":7,"column":19},"end":{"line":7,"column":43}},"9":{"start":{"line":7,"column":64},"end":{"line":7,"column":100}},"10":{"start":{"line":7,"column":139},"end":{"line":7,"column":193}},"11":{"start":{"line":13,"column":8},"end":{"line":13,"column":21}},"12":{"start":{"line":14,"column":8},"end":{"line":14,"column":43}},"13":{"start":{"line":15,"column":8},"end":{"line":16,"column":30}},"14":{"start":{"line":18,"column":8},"end":{"line":18,"column":34}},"15":{"start":{"line":23,"column":8},"end":{"line":23,"column":166}},"16":{"start":{"line":24,"column":8},"end":{"line":26,"column":63}},"17":{"start":{"line":33,"column":22},"end":{"line":33,"column":27}},"18":{"start":{"line":34,"column":8},"end":{"line":41,"column":9}},"19":{"start":{"line":36,"column":12},"end":{"line":40,"column":13}},"20":{"start":{"line":38,"column":16},"end":{"line":38,"column":31}},"21":{"start":{"line":39,"column":16},"end":{"line":39,"column":64}},"22":{"start":{"line":43,"column":8},"end":{"line":46,"column":9}},"23":{"start":{"line":45,"column":12},"end":{"line":45,"column":113}},"24":{"start":{"line":48,"column":8},"end":{"line":49,"column":67}},"25":{"start":{"line":56,"column":8},"end":{"line":71,"column":9}},"26":{"start":{"line":58,"column":12},"end":{"line":61,"column":42}},"27":{"start":{"line":66,"column":12},"end":{"line":68,"column":42}},"28":{"start":{"line":76,"column":8},"end":{"line":76,"column":72}},"29":{"start":{"line":81,"column":8},"end":{"line":87,"column":9}},"30":{"start":{"line":83,"column":12},"end":{"line":86,"column":13}},"31":{"start":{"line":85,"column":16},"end":{"line":85,"column":52}},"32":{"start":{"line":89,"column":8},"end":{"line":96,"column":9}},"33":{"start":{"line":91,"column":12},"end":{"line":94,"column":13}},"34":{"start":{"line":93,"column":16},"end":{"line":93,"column":54}},"35":{"start":{"line":101,"column":8},"end":{"line":101,"column":56}},"36":{"start":{"line":102,"column":8},"end":{"line":104,"column":67}},"37":{"start":{"line":110,"column":8},"end":{"line":110,"column":54}},"38":{"start":{"line":112,"column":8},"end":{"line":114,"column":63}},"39":{"start":{"line":118,"column":8},"end":{"line":121,"column":9}},"40":{"start":{"line":120,"column":12},"end":{"line":120,"column":34}},"41":{"start":{"line":127,"column":22},"end":{"line":127,"column":26}},"42":{"start":{"line":128,"column":21},"end":{"line":128,"column":38}},"43":{"start":{"line":129,"column":8},"end":{"line":133,"column":11}},"44":{"start":{"line":130,"column":12},"end":{"line":131,"column":37}},"45":{"start":{"line":138,"column":8},"end":{"line":138,"column":307}},"46":{"start":{"line":143,"column":8},"end":{"line":159,"column":207}},"47":{"start":{"line":164,"column":6},"end":{"line":164,"column":42}},"48":{"start":{"line":167,"column":18},"end":{"line":174,"column":1}},"49":{"start":{"line":168,"column":4},"end":{"line":173,"column":7}},"50":{"start":{"line":169,"column":23},"end":{"line":169,"column":39}},"51":{"start":{"line":170,"column":8},"end":{"line":170,"column":53}},"52":{"start":{"line":170,"column":30},"end":{"line":170,"column":52}},"53":{"start":{"line":171,"column":8},"end":{"line":171,"column":48}},"54":{"start":{"line":171,"column":34},"end":{"line":171,"column":47}},"55":{"start":{"line":172,"column":8},"end":{"line":172,"column":35}}},"fnMap":{"0":{"name":"_interopRequireDefault","decl":{"start":{"line":7,"column":110},"end":{"line":7,"column":132}},"loc":{"start":{"line":7,"column":138},"end":{"line":7,"column":194}},"line":7},"1":{"name":"(anonymous_1)","decl":{"start":{"line":11,"column":4},"end":{"line":11,"column":5}},"loc":{"start":{"line":12,"column":4},"end":{"line":19,"column":5}},"line":12},"2":{"name":"(anonymous_2)","decl":{"start":{"line":21,"column":4},"end":{"line":21,"column":5}},"loc":{"start":{"line":22,"column":4},"end":{"line":29,"column":5}},"line":22},"3":{"name":"(anonymous_3)","decl":{"start":{"line":31,"column":4},"end":{"line":31,"column":5}},"loc":{"start":{"line":32,"column":4},"end":{"line":51,"column":5}},"line":32},"4":{"name":"(anonymous_4)","decl":{"start":{"line":53,"column":4},"end":{"line":53,"column":5}},"loc":{"start":{"line":54,"column":4},"end":{"line":72,"column":5}},"line":54},"5":{"name":"(anonymous_5)","decl":{"start":{"line":74,"column":4},"end":{"line":74,"column":5}},"loc":{"start":{"line":75,"column":4},"end":{"line":77,"column":5}},"line":75},"6":{"name":"(anonymous_6)","decl":{"start":{"line":79,"column":4},"end":{"line":79,"column":5}},"loc":{"start":{"line":80,"column":4},"end":{"line":97,"column":5}},"line":80},"7":{"name":"(anonymous_7)","decl":{"start":{"line":99,"column":4},"end":{"line":99,"column":5}},"loc":{"start":{"line":100,"column":4},"end":{"line":107,"column":5}},"line":100},"8":{"name":"(anonymous_8)","decl":{"start":{"line":108,"column":4},"end":{"line":108,"column":5}},"loc":{"start":{"line":109,"column":4},"end":{"line":123,"column":5}},"line":109},"9":{"name":"(anonymous_9)","decl":{"start":{"line":125,"column":4},"end":{"line":125,"column":5}},"loc":{"start":{"line":126,"column":4},"end":{"line":134,"column":5}},"line":126},"10":{"name":"(anonymous_10)","decl":{"start":{"line":129,"column":29},"end":{"line":129,"column":30}},"loc":{"start":{"line":129,"column":39},"end":{"line":133,"column":9}},"line":129},"11":{"name":"(anonymous_11)","decl":{"start":{"line":136,"column":4},"end":{"line":136,"column":5}},"loc":{"start":{"line":137,"column":4},"end":{"line":139,"column":5}},"line":137},"12":{"name":"(anonymous_12)","decl":{"start":{"line":141,"column":4},"end":{"line":141,"column":5}},"loc":{"start":{"line":142,"column":4},"end":{"line":164,"column":5}},"line":142},"13":{"name":"(anonymous_13)","decl":{"start":{"line":167,"column":18},"end":{"line":167,"column":19}},"loc":{"start":{"line":167,"column":26},"end":{"line":174,"column":1}},"line":167},"14":{"name":"(anonymous_14)","decl":{"start":{"line":168,"column":23},"end":{"line":168,"column":24}},"loc":{"start":{"line":168,"column":44},"end":{"line":173,"column":5}},"line":168},"15":{"name":"(anonymous_15)","decl":{"start":{"line":170,"column":24},"end":{"line":170,"column":25}},"loc":{"start":{"line":170,"column":30},"end":{"line":170,"column":52}},"line":170},"16":{"name":"(anonymous_16)","decl":{"start":{"line":171,"column":25},"end":{"line":171,"column":26}},"loc":{"start":{"line":171,"column":34},"end":{"line":171,"column":47}},"line":171}},"branchMap":{"0":{"loc":{"start":{"line":7,"column":146},"end":{"line":7,"column":192}},"type":"cond-expr","locations":[{"start":{"line":7,"column":170},"end":{"line":7,"column":173}},{"start":{"line":7,"column":176},"end":{"line":7,"column":192}}],"line":7},"1":{"loc":{"start":{"line":7,"column":146},"end":{"line":7,"column":167}},"type":"binary-expr","locations":[{"start":{"line":7,"column":146},"end":{"line":7,"column":149}},{"start":{"line":7,"column":153},"end":{"line":7,"column":167}}],"line":7},"2":{"loc":{"start":{"line":34,"column":24},"end":{"line":34,"column":77}},"type":"binary-expr","locations":[{"start":{"line":34,"column":24},"end":{"line":34,"column":65}},{"start":{"line":34,"column":69},"end":{"line":34,"column":77}}],"line":34},"3":{"loc":{"start":{"line":36,"column":12},"end":{"line":40,"column":13}},"type":"if","locations":[{"start":{"line":36,"column":12},"end":{"line":40,"column":13}},{"start":{"line":36,"column":12},"end":{"line":40,"column":13}}],"line":36},"4":{"loc":{"start":{"line":43,"column":8},"end":{"line":46,"column":9}},"type":"if","locations":[{"start":{"line":43,"column":8},"end":{"line":46,"column":9}},{"start":{"line":43,"column":8},"end":{"line":46,"column":9}}],"line":43},"5":{"loc":{"start":{"line":56,"column":8},"end":{"line":71,"column":9}},"type":"if","locations":[{"start":{"line":56,"column":8},"end":{"line":71,"column":9}},{"start":{"line":56,"column":8},"end":{"line":71,"column":9}}],"line":56},"6":{"loc":{"start":{"line":83,"column":12},"end":{"line":86,"column":13}},"type":"if","locations":[{"start":{"line":83,"column":12},"end":{"line":86,"column":13}},{"start":{"line":83,"column":12},"end":{"line":86,"column":13}}],"line":83},"7":{"loc":{"start":{"line":91,"column":12},"end":{"line":94,"column":13}},"type":"if","locations":[{"start":{"line":91,"column":12},"end":{"line":94,"column":13}},{"start":{"line":91,"column":12},"end":{"line":94,"column":13}}],"line":91},"8":{"loc":{"start":{"line":118,"column":8},"end":{"line":121,"column":9}},"type":"if","locations":[{"start":{"line":118,"column":8},"end":{"line":121,"column":9}},{"start":{"line":118,"column":8},"end":{"line":121,"column":9}}],"line":118}},"s":{"0":0,"1":0,"2":0,"3":0,"4":0,"5":0,"6":0,"7":0,"8":0,"9":0,"10":0,"11":0,"12":0,"13":0,"14":0,"15":0,"16":0,"17":0,"18":0,"19":0,"20":0,"21":0,"22":0,"23":0,"24":0,"25":0,"26":0,"27":0,"28":0,"29":0,"30":0,"31":0,"32":0,"33":0,"34":0,"35":0,"36":0,"37":0,"38":0,"39":0,"40":0,"41":0,"42":0,"43":0,"44":0,"45":0,"46":0,"47":0,"48":0,"49":0,"50":0,"51":0,"52":0,"53":0,"54":0,"55":0},"f":{"0":0,"1":0,"2":0,"3":0,"4":0,"5":0,"6":0,"7":0,"8":0,"9":0,"10":0,"11":0,"12":0,"13":0,"14":0,"15":0,"16":0},"b":{"0":[0,0],"1":[0,0],"2":[0,0],"3":[0,0],"4":[0,0],"5":[0,0],"6":[0,0],"7":[0,0],"8":[0,0]}}
,"/Users/dsellers/code/caddy/src/js/Home.js": {"path":"/Users/dsellers/code/caddy/src/js/Home.js","statementMap":{"0":{"start":{"line":1,"column":13},"end":{"line":1,"column":75}},"1":{"start":{"line":1,"column":94},"end":{"line":1,"column":137}},"2":{"start":{"line":3,"column":13},"end":{"line":3,"column":29}},"3":{"start":{"line":3,"column":44},"end":{"line":3,"column":74}},"4":{"start":{"line":4,"column":22},"end":{"line":4,"column":49}},"5":{"start":{"line":5,"column":21},"end":{"line":5,"column":46}},"6":{"start":{"line":5,"column":69},"end":{"line":5,"column":107}},"7":{"start":{"line":7,"column":25},"end":{"line":7,"column":55}},"8":{"start":{"line":7,"column":82},"end":{"line":7,"column":124}},"9":{"start":{"line":8,"column":23},"end":{"line":8,"column":51}},"10":{"start":{"line":8,"column":76},"end":{"line":8,"column":116}},"11":{"start":{"line":8,"column":155},"end":{"line":8,"column":209}},"12":{"start":{"line":14,"column":8},"end":{"line":14,"column":21}},"13":{"start":{"line":15,"column":8},"end":{"line":15,"column":43}},"14":{"start":{"line":16,"column":8},"end":{"line":19,"column":36}},"15":{"start":{"line":25,"column":8},"end":{"line":27,"column":32}},"16":{"start":{"line":34,"column":8},"end":{"line":36,"column":42}},"17":{"start":{"line":42,"column":8},"end":{"line":65,"column":186}},"18":{"start":{"line":47,"column":80},"end":{"line":47,"column":97}},"19":{"start":{"line":50,"column":80},"end":{"line":50,"column":97}},"20":{"start":{"line":53,"column":80},"end":{"line":53,"column":97}},"21":{"start":{"line":72,"column":6},"end":{"line":75,"column":5}}},"fnMap":{"0":{"name":"_interopRequireDefault","decl":{"start":{"line":8,"column":126},"end":{"line":8,"column":148}},"loc":{"start":{"line":8,"column":154},"end":{"line":8,"column":210}},"line":8},"1":{"name":"(anonymous_1)","decl":{"start":{"line":12,"column":4},"end":{"line":12,"column":5}},"loc":{"start":{"line":13,"column":4},"end":{"line":21,"column":5}},"line":13},"2":{"name":"(anonymous_2)","decl":{"start":{"line":23,"column":4},"end":{"line":23,"column":5}},"loc":{"start":{"line":24,"column":4},"end":{"line":30,"column":5}},"line":24},"3":{"name":"(anonymous_3)","decl":{"start":{"line":32,"column":4},"end":{"line":32,"column":5}},"loc":{"start":{"line":33,"column":4},"end":{"line":39,"column":5}},"line":33},"4":{"name":"(anonymous_4)","decl":{"start":{"line":41,"column":4},"end":{"line":41,"column":5}},"loc":{"start":{"line":41,"column":13},"end":{"line":72,"column":5}},"line":41},"5":{"name":"(anonymous_5)","decl":{"start":{"line":47,"column":74},"end":{"line":47,"column":75}},"loc":{"start":{"line":47,"column":80},"end":{"line":47,"column":97}},"line":47},"6":{"name":"(anonymous_6)","decl":{"start":{"line":50,"column":74},"end":{"line":50,"column":75}},"loc":{"start":{"line":50,"column":80},"end":{"line":50,"column":97}},"line":50},"7":{"name":"(anonymous_7)","decl":{"start":{"line":53,"column":74},"end":{"line":53,"column":75}},"loc":{"start":{"line":53,"column":80},"end":{"line":53,"column":97}},"line":53}},"branchMap":{"0":{"loc":{"start":{"line":8,"column":162},"end":{"line":8,"column":208}},"type":"cond-expr","locations":[{"start":{"line":8,"column":186},"end":{"line":8,"column":189}},{"start":{"line":8,"column":192},"end":{"line":8,"column":208}}],"line":8},"1":{"loc":{"start":{"line":8,"column":162},"end":{"line":8,"column":183}},"type":"binary-expr","locations":[{"start":{"line":8,"column":162},"end":{"line":8,"column":165}},{"start":{"line":8,"column":169},"end":{"line":8,"column":183}}],"line":8},"2":{"loc":{"start":{"line":46,"column":73},"end":{"line":46,"column":114}},"type":"cond-expr","locations":[{"start":{"line":46,"column":101},"end":{"line":46,"column":109}},{"start":{"line":46,"column":112},"end":{"line":46,"column":114}}],"line":46},"3":{"loc":{"start":{"line":49,"column":73},"end":{"line":49,"column":114}},"type":"cond-expr","locations":[{"start":{"line":49,"column":101},"end":{"line":49,"column":109}},{"start":{"line":49,"column":112},"end":{"line":49,"column":114}}],"line":49},"4":{"loc":{"start":{"line":52,"column":73},"end":{"line":52,"column":114}},"type":"cond-expr","locations":[{"start":{"line":52,"column":101},"end":{"line":52,"column":109}},{"start":{"line":52,"column":112},"end":{"line":52,"column":114}}],"line":52},"5":{"loc":{"start":{"line":58,"column":74},"end":{"line":58,"column":132}},"type":"cond-expr","locations":[{"start":{"line":58,"column":102},"end":{"line":58,"column":119}},{"start":{"line":58,"column":122},"end":{"line":58,"column":132}}],"line":58},"6":{"loc":{"start":{"line":61,"column":74},"end":{"line":61,"column":132}},"type":"cond-expr","locations":[{"start":{"line":61,"column":102},"end":{"line":61,"column":119}},{"start":{"line":61,"column":122},"end":{"line":61,"column":132}}],"line":61},"7":{"loc":{"start":{"line":64,"column":74},"end":{"line":64,"column":132}},"type":"cond-expr","locations":[{"start":{"line":64,"column":102},"end":{"line":64,"column":119}},{"start":{"line":64,"column":122},"end":{"line":64,"column":132}}],"line":64}},"s":{"0":0,"1":0,"2":0,"3":0,"4":0,"5":0,"6":0,"7":0,"8":0,"9":0,"10":0,"11":0,"12":0,"13":0,"14":0,"15":0,"16":0,"17":0,"18":0,"19":0,"20":0,"21":0},"f":{"0":0,"1":0,"2":0,"3":0,"4":0,"5":0,"6":0,"7":0},"b":{"0":[0,0],"1":[0,0],"2":[0,0],"3":[0,0],"4":[0,0],"5":[0,0],"6":[0,0],"7":[0,0]}}
,"/Users/dsellers/code/caddy/src/js/Static.js": {"path":"/Users/dsellers/code/caddy/src/js/Static.js","statementMap":{"0":{"start":{"line":1,"column":13},"end":{"line":1,"column":75}},"1":{"start":{"line":1,"column":94},"end":{"line":1,"column":139}},"2":{"start":{"line":1,"column":153},"end":{"line":1,"column":169}},"3":{"start":{"line":1,"column":184},"end":{"line":1,"column":214}},"4":{"start":{"line":2,"column":21},"end":{"line":2,"column":46}},"5":{"start":{"line":2,"column":69},"end":{"line":2,"column":107}},"6":{"start":{"line":2,"column":146},"end":{"line":2,"column":200}},"7":{"start":{"line":8,"column":4},"end":{"line":8,"column":17}},"8":{"start":{"line":9,"column":4},"end":{"line":9,"column":39}},"9":{"start":{"line":13,"column":4},"end":{"line":14,"column":168}},"10":{"start":{"line":18,"column":4},"end":{"line":21,"column":7}}},"fnMap":{"0":{"name":"_interopRequireDefault","decl":{"start":{"line":2,"column":117},"end":{"line":2,"column":139}},"loc":{"start":{"line":2,"column":145},"end":{"line":2,"column":201}},"line":2},"1":{"name":"(anonymous_1)","decl":{"start":{"line":7,"column":2},"end":{"line":7,"column":3}},"loc":{"start":{"line":7,"column":21},"end":{"line":10,"column":3}},"line":7},"2":{"name":"(anonymous_2)","decl":{"start":{"line":12,"column":2},"end":{"line":12,"column":3}},"loc":{"start":{"line":12,"column":11},"end":{"line":18,"column":3}},"line":12}},"branchMap":{"0":{"loc":{"start":{"line":2,"column":153},"end":{"line":2,"column":199}},"type":"cond-expr","locations":[{"start":{"line":2,"column":177},"end":{"line":2,"column":180}},{"start":{"line":2,"column":183},"end":{"line":2,"column":199}}],"line":2},"1":{"loc":{"start":{"line":2,"column":153},"end":{"line":2,"column":174}},"type":"binary-expr","locations":[{"start":{"line":2,"column":153},"end":{"line":2,"column":156}},{"start":{"line":2,"column":160},"end":{"line":2,"column":174}}],"line":2}},"s":{"0":0,"1":0,"2":0,"3":0,"4":0,"5":0,"6":0,"7":0,"8":0,"9":0,"10":0},"f":{"0":0,"1":0,"2":0},"b":{"0":[0,0],"1":[0,0]}}
,"/Users/dsellers/code/caddy/src/js/index.js": {"path":"/Users/dsellers/code/caddy/src/js/index.js","statementMap":{"0":{"start":{"line":1,"column":32},"end":{"line":1,"column":76}},"1":{"start":{"line":10,"column":13},"end":{"line":10,"column":29}},"2":{"start":{"line":10,"column":44},"end":{"line":10,"column":74}},"3":{"start":{"line":10,"column":91},"end":{"line":10,"column":111}},"4":{"start":{"line":10,"column":129},"end":{"line":10,"column":162}},"5":{"start":{"line":10,"column":181},"end":{"line":10,"column":203}},"6":{"start":{"line":10,"column":226},"end":{"line":10,"column":253}},"7":{"start":{"line":10,"column":271},"end":{"line":10,"column":304}},"8":{"start":{"line":10,"column":323},"end":{"line":10,"column":357}},"9":{"start":{"line":10,"column":374},"end":{"line":10,"column":402}},"10":{"start":{"line":10,"column":420},"end":{"line":10,"column":453}},"11":{"start":{"line":10,"column":492},"end":{"line":10,"column":546}},"12":{"start":{"line":13,"column":17},"end":{"line":13,"column":64}},"13":{"start":{"line":14,"column":14},"end":{"line":14,"column":47}},"14":{"start":{"line":17,"column":0},"end":{"line":19,"column":162}},"15":{"start":{"line":23,"column":0},"end":{"line":25,"column":33}}},"fnMap":{"0":{"name":"_interopRequireDefault","decl":{"start":{"line":10,"column":463},"end":{"line":10,"column":485}},"loc":{"start":{"line":10,"column":491},"end":{"line":10,"column":547}},"line":10}},"branchMap":{"0":{"loc":{"start":{"line":10,"column":499},"end":{"line":10,"column":545}},"type":"cond-expr","locations":[{"start":{"line":10,"column":523},"end":{"line":10,"column":526}},{"start":{"line":10,"column":529},"end":{"line":10,"column":545}}],"line":10},"1":{"loc":{"start":{"line":10,"column":499},"end":{"line":10,"column":520}},"type":"binary-expr","locations":[{"start":{"line":10,"column":499},"end":{"line":10,"column":502}},{"start":{"line":10,"column":506},"end":{"line":10,"column":520}}],"line":10},"2":{"loc":{"start":{"line":13,"column":17},"end":{"line":13,"column":64}},"type":"cond-expr","locations":[{"start":{"line":13,"column":46},"end":{"line":13,"column":59}},{"start":{"line":13,"column":62},"end":{"line":13,"column":64}}],"line":13}},"s":{"0":0,"1":0,"2":0,"3":0,"4":0,"5":0,"6":0,"7":0,"8":0,"9":0,"10":0,"11":0,"12":0,"13":0,"14":0,"15":0},"f":{"0":0},"b":{"0":[0,0],"1":[0,0],"2":[0,0]}}
,"/Users/dsellers/code/caddy/src/js/actions/AppActions.js": {"path":"/Users/dsellers/code/caddy/src/js/actions/AppActions.js","statementMap":{"0":{"start":{"line":1,"column":13},"end":{"line":1,"column":75}},"1":{"start":{"line":1,"column":75},"end":{"line":3,"column":36}},"2":{"start":{"line":3,"column":56},"end":{"line":3,"column":92}},"3":{"start":{"line":3,"column":114},"end":{"line":3,"column":151}},"4":{"start":{"line":3,"column":190},"end":{"line":3,"column":244}},"5":{"start":{"line":4,"column":2},"end":{"line":6,"column":19}},"6":{"start":{"line":8,"column":1},"end":{"line":11,"column":21}}},"fnMap":{"0":{"name":"_interopRequireDefault","decl":{"start":{"line":3,"column":161},"end":{"line":3,"column":183}},"loc":{"start":{"line":3,"column":189},"end":{"line":3,"column":245}},"line":3},"1":{"name":"activateSideMenu","decl":{"start":{"line":3,"column":254},"end":{"line":3,"column":270}},"loc":{"start":{"line":3,"column":289},"end":{"line":8,"column":1}},"line":3}},"branchMap":{"0":{"loc":{"start":{"line":3,"column":197},"end":{"line":3,"column":243}},"type":"cond-expr","locations":[{"start":{"line":3,"column":221},"end":{"line":3,"column":224}},{"start":{"line":3,"column":227},"end":{"line":3,"column":243}}],"line":3},"1":{"loc":{"start":{"line":3,"column":197},"end":{"line":3,"column":218}},"type":"binary-expr","locations":[{"start":{"line":3,"column":197},"end":{"line":3,"column":200}},{"start":{"line":3,"column":204},"end":{"line":3,"column":218}}],"line":3}},"s":{"0":0,"1":0,"2":0,"3":0,"4":0,"5":0,"6":0},"f":{"0":0,"1":0},"b":{"0":[0,0],"1":[0,0]}}
,"/Users/dsellers/code/caddy/src/js/components/nocom/AppMain.js": {"path":"/Users/dsellers/code/caddy/src/js/components/nocom/AppMain.js","statementMap":{"0":{"start":{"line":1,"column":13},"end":{"line":1,"column":75}},"1":{"start":{"line":1,"column":94},"end":{"line":1,"column":157}},"2":{"start":{"line":13,"column":17},"end":{"line":13,"column":38}},"3":{"start":{"line":13,"column":57},"end":{"line":13,"column":91}},"4":{"start":{"line":13,"column":113},"end":{"line":13,"column":138}},"5":{"start":{"line":13,"column":161},"end":{"line":13,"column":199}},"6":{"start":{"line":13,"column":218},"end":{"line":13,"column":240}},"7":{"start":{"line":13,"column":254},"end":{"line":13,"column":270}},"8":{"start":{"line":13,"column":285},"end":{"line":13,"column":319}},"9":{"start":{"line":13,"column":335},"end":{"line":13,"column":366}},"10":{"start":{"line":13,"column":389},"end":{"line":13,"column":425}},"11":{"start":{"line":13,"column":449},"end":{"line":13,"column":488}},"12":{"start":{"line":13,"column":507},"end":{"line":13,"column":542}},"13":{"start":{"line":13,"column":560},"end":{"line":13,"column":596}},"14":{"start":{"line":14,"column":13},"end":{"line":14,"column":29}},"15":{"start":{"line":14,"column":44},"end":{"line":14,"column":74}},"16":{"start":{"line":14,"column":114},"end":{"line":14,"column":330}},"17":{"start":{"line":14,"column":142},"end":{"line":14,"column":153}},"18":{"start":{"line":14,"column":174},"end":{"line":14,"column":176}},"19":{"start":{"line":14,"column":177},"end":{"line":14,"column":294}},"20":{"start":{"line":14,"column":195},"end":{"line":14,"column":293}},"21":{"start":{"line":14,"column":217},"end":{"line":14,"column":292}},"22":{"start":{"line":14,"column":269},"end":{"line":14,"column":292}},"23":{"start":{"line":14,"column":294},"end":{"line":14,"column":315}},"24":{"start":{"line":14,"column":315},"end":{"line":14,"column":329}},"25":{"start":{"line":14,"column":369},"end":{"line":14,"column":423}},"26":{"start":{"line":18,"column":2},"end":{"line":19,"column":57}},"27":{"start":{"line":24,"column":18},"end":{"line":24,"column":70}},"28":{"start":{"line":25,"column":2},"end":{"line":26,"column":49}},"29":{"start":{"line":32,"column":4},"end":{"line":33,"column":193}},"30":{"start":{"line":35,"column":4},"end":{"line":39,"column":114}}},"fnMap":{"0":{"name":"_interopRequireWildcard","decl":{"start":{"line":14,"column":84},"end":{"line":14,"column":107}},"loc":{"start":{"line":14,"column":113},"end":{"line":14,"column":331}},"line":14},"1":{"name":"_interopRequireDefault","decl":{"start":{"line":14,"column":340},"end":{"line":14,"column":362}},"loc":{"start":{"line":14,"column":368},"end":{"line":14,"column":424}},"line":14},"2":{"name":"stateToProps","decl":{"start":{"line":16,"column":9},"end":{"line":16,"column":21}},"loc":{"start":{"line":16,"column":29},"end":{"line":21,"column":1}},"line":16},"3":{"name":"dispatchToProps","decl":{"start":{"line":23,"column":9},"end":{"line":23,"column":24}},"loc":{"start":{"line":23,"column":35},"end":{"line":28,"column":1}},"line":23},"4":{"name":"(anonymous_4)","decl":{"start":{"line":31,"column":2},"end":{"line":31,"column":3}},"loc":{"start":{"line":31,"column":11},"end":{"line":35,"column":3}},"line":31}},"branchMap":{"0":{"loc":{"start":{"line":14,"column":114},"end":{"line":14,"column":330}},"type":"if","locations":[{"start":{"line":14,"column":114},"end":{"line":14,"column":330}},{"start":{"line":14,"column":114},"end":{"line":14,"column":330}}],"line":14},"1":{"loc":{"start":{"line":14,"column":118},"end":{"line":14,"column":139}},"type":"binary-expr","locations":[{"start":{"line":14,"column":118},"end":{"line":14,"column":121}},{"start":{"line":14,"column":125},"end":{"line":14,"column":139}}],"line":14},"2":{"loc":{"start":{"line":14,"column":177},"end":{"line":14,"column":294}},"type":"if","locations":[{"start":{"line":14,"column":177},"end":{"line":14,"column":294}},{"start":{"line":14,"column":177},"end":{"line":14,"column":294}}],"line":14},"3":{"loc":{"start":{"line":14,"column":217},"end":{"line":14,"column":292}},"type":"if","locations":[{"start":{"line":14,"column":217},"end":{"line":14,"column":292}},{"start":{"line":14,"column":217},"end":{"line":14,"column":292}}],"line":14},"4":{"loc":{"start":{"line":14,"column":376},"end":{"line":14,"column":422}},"type":"cond-expr","locations":[{"start":{"line":14,"column":400},"end":{"line":14,"column":403}},{"start":{"line":14,"column":406},"end":{"line":14,"column":422}}],"line":14},"5":{"loc":{"start":{"line":14,"column":376},"end":{"line":14,"column":397}},"type":"binary-expr","locations":[{"start":{"line":14,"column":376},"end":{"line":14,"column":379}},{"start":{"line":14,"column":383},"end":{"line":14,"column":397}}],"line":14}},"s":{"0":0,"1":0,"2":0,"3":0,"4":0,"5":0,"6":0,"7":0,"8":0,"9":0,"10":0,"11":0,"12":0,"13":0,"14":0,"15":0,"16":0,"17":0,"18":0,"19":0,"20":0,"21":0,"22":0,"23":0,"24":0,"25":0,"26":0,"27":0,"28":0,"29":0,"30":0},"f":{"0":0,"1":0,"2":0,"3":0,"4":0},"b":{"0":[0,0],"1":[0,0],"2":[0,0],"3":[0,0],"4":[0,0],"5":[0,0]}}
,"/Users/dsellers/code/caddy/src/js/components/shared/Footer.js": {"path":"/Users/dsellers/code/caddy/src/js/components/shared/Footer.js","statementMap":{"0":{"start":{"line":1,"column":13},"end":{"line":1,"column":75}},"1":{"start":{"line":1,"column":94},"end":{"line":1,"column":157}},"2":{"start":{"line":1,"column":171},"end":{"line":1,"column":187}},"3":{"start":{"line":1,"column":202},"end":{"line":1,"column":232}},"4":{"start":{"line":1,"column":271},"end":{"line":1,"column":325}},"5":{"start":{"line":3,"column":15},"end":{"line":4,"column":141}},"6":{"start":{"line":4,"column":0},"end":{"line":4,"column":141}},"7":{"start":{"line":4,"column":142},"end":{"line":9,"column":7}}},"fnMap":{"0":{"name":"_interopRequireDefault","decl":{"start":{"line":1,"column":242},"end":{"line":1,"column":264}},"loc":{"start":{"line":1,"column":270},"end":{"line":1,"column":326}},"line":1},"1":{"name":"(anonymous_1)","decl":{"start":{"line":3,"column":15},"end":{"line":3,"column":16}},"loc":{"start":{"line":4,"column":0},"end":{"line":4,"column":141}},"line":4}},"branchMap":{"0":{"loc":{"start":{"line":1,"column":278},"end":{"line":1,"column":324}},"type":"cond-expr","locations":[{"start":{"line":1,"column":302},"end":{"line":1,"column":305}},{"start":{"line":1,"column":308},"end":{"line":1,"column":324}}],"line":1},"1":{"loc":{"start":{"line":1,"column":278},"end":{"line":1,"column":299}},"type":"binary-expr","locations":[{"start":{"line":1,"column":278},"end":{"line":1,"column":281}},{"start":{"line":1,"column":285},"end":{"line":1,"column":299}}],"line":1}},"s":{"0":0,"1":0,"2":0,"3":0,"4":0,"5":0,"6":0,"7":0},"f":{"0":0,"1":0},"b":{"0":[0,0],"1":[0,0]}}
,"/Users/dsellers/code/caddy/src/js/components/shared/Icon.js": {"path":"/Users/dsellers/code/caddy/src/js/components/shared/Icon.js","statementMap":{"0":{"start":{"line":1,"column":13},"end":{"line":1,"column":75}},"1":{"start":{"line":1,"column":94},"end":{"line":1,"column":155}},"2":{"start":{"line":2,"column":13},"end":{"line":2,"column":29}},"3":{"start":{"line":2,"column":44},"end":{"line":2,"column":74}},"4":{"start":{"line":2,"column":113},"end":{"line":2,"column":167}},"5":{"start":{"line":2,"column":227},"end":{"line":2,"column":229}},"6":{"start":{"line":2,"column":230},"end":{"line":2,"column":365}},"7":{"start":{"line":2,"column":250},"end":{"line":2,"column":285}},"8":{"start":{"line":2,"column":276},"end":{"line":2,"column":285}},"9":{"start":{"line":2,"column":285},"end":{"line":2,"column":345}},"10":{"start":{"line":2,"column":336},"end":{"line":2,"column":345}},"11":{"start":{"line":2,"column":345},"end":{"line":2,"column":364}},"12":{"start":{"line":2,"column":365},"end":{"line":2,"column":379}},"13":{"start":{"line":6,"column":19},"end":{"line":6,"column":29}},"14":{"start":{"line":6,"column":53},"end":{"line":6,"column":59}},"15":{"start":{"line":6,"column":72},"end":{"line":6,"column":128}},"16":{"start":{"line":8,"column":4},"end":{"line":10,"column":143}},"17":{"start":{"line":13,"column":4},"end":{"line":13,"column":27}},"18":{"start":{"line":16,"column":0},"end":{"line":18,"column":22}}},"fnMap":{"0":{"name":"_interopRequireDefault","decl":{"start":{"line":2,"column":84},"end":{"line":2,"column":106}},"loc":{"start":{"line":2,"column":112},"end":{"line":2,"column":168}},"line":2},"1":{"name":"_objectWithoutProperties","decl":{"start":{"line":2,"column":177},"end":{"line":2,"column":201}},"loc":{"start":{"line":2,"column":213},"end":{"line":2,"column":380}},"line":2},"2":{"name":"(anonymous_2)","decl":{"start":{"line":5,"column":2},"end":{"line":5,"column":3}},"loc":{"start":{"line":5,"column":11},"end":{"line":13,"column":3}},"line":5}},"branchMap":{"0":{"loc":{"start":{"line":2,"column":120},"end":{"line":2,"column":166}},"type":"cond-expr","locations":[{"start":{"line":2,"column":144},"end":{"line":2,"column":147}},{"start":{"line":2,"column":150},"end":{"line":2,"column":166}}],"line":2},"1":{"loc":{"start":{"line":2,"column":120},"end":{"line":2,"column":141}},"type":"binary-expr","locations":[{"start":{"line":2,"column":120},"end":{"line":2,"column":123}},{"start":{"line":2,"column":127},"end":{"line":2,"column":141}}],"line":2},"2":{"loc":{"start":{"line":2,"column":250},"end":{"line":2,"column":285}},"type":"if","locations":[{"start":{"line":2,"column":250},"end":{"line":2,"column":285}},{"start":{"line":2,"column":250},"end":{"line":2,"column":285}}],"line":2},"3":{"loc":{"start":{"line":2,"column":285},"end":{"line":2,"column":345}},"type":"if","locations":[{"start":{"line":2,"column":285},"end":{"line":2,"column":345}},{"start":{"line":2,"column":285},"end":{"line":2,"column":345}}],"line":2}},"s":{"0":0,"1":0,"2":0,"3":0,"4":0,"5":0,"6":0,"7":0,"8":0,"9":0,"10":0,"11":0,"12":0,"13":0,"14":0,"15":0,"16":0,"17":0,"18":0},"f":{"0":0,"1":0,"2":0},"b":{"0":[0,0],"1":[0,0],"2":[0,0],"3":[0,0]}}
,"/Users/dsellers/code/caddy/src/js/constants/AppConstants.js": {"path":"/Users/dsellers/code/caddy/src/js/constants/AppConstants.js","statementMap":{"0":{"start":{"line":4,"column":20},"end":{"line":8,"column":1}}},"fnMap":{},"branchMap":{},"s":{"0":1},"f":{},"b":{},"_coverageSchema":"332fd63041d2c1bcb487cc26dd0d5f7d97098a6c","hash":"e730a5de1242af1f02b9396bd45f587609b23f9b"}
,"/Users/dsellers/code/caddy/src/js/containers/AppLayout.js": {"path":"/Users/dsellers/code/caddy/src/js/containers/AppLayout.js","statementMap":{"0":{"start":{"line":1,"column":13},"end":{"line":1,"column":75}},"1":{"start":{"line":1,"column":94},"end":{"line":1,"column":153}},"2":{"start":{"line":3,"column":13},"end":{"line":3,"column":29}},"3":{"start":{"line":3,"column":44},"end":{"line":3,"column":74}},"4":{"start":{"line":4,"column":21},"end":{"line":4,"column":46}},"5":{"start":{"line":4,"column":69},"end":{"line":4,"column":107}},"6":{"start":{"line":5,"column":19},"end":{"line":5,"column":42}},"7":{"start":{"line":6,"column":11},"end":{"line":6,"column":28}},"8":{"start":{"line":6,"column":41},"end":{"line":6,"column":69}},"9":{"start":{"line":7,"column":12},"end":{"line":7,"column":30}},"10":{"start":{"line":7,"column":44},"end":{"line":7,"column":73}},"11":{"start":{"line":7,"column":112},"end":{"line":7,"column":166}},"12":{"start":{"line":11,"column":8},"end":{"line":11,"column":21}},"13":{"start":{"line":12,"column":8},"end":{"line":12,"column":43}},"14":{"start":{"line":16,"column":8},"end":{"line":16,"column":20}},"15":{"start":{"line":20,"column":8},"end":{"line":20,"column":133}},"16":{"start":{"line":25,"column":8},"end":{"line":27,"column":190}},"17":{"start":{"line":30,"column":6},"end":{"line":33,"column":10}}},"fnMap":{"0":{"name":"_interopRequireDefault","decl":{"start":{"line":7,"column":83},"end":{"line":7,"column":105}},"loc":{"start":{"line":7,"column":111},"end":{"line":7,"column":167}},"line":7},"1":{"name":"(anonymous_1)","decl":{"start":{"line":10,"column":4},"end":{"line":10,"column":5}},"loc":{"start":{"line":10,"column":23},"end":{"line":13,"column":5}},"line":10},"2":{"name":"(anonymous_2)","decl":{"start":{"line":15,"column":4},"end":{"line":15,"column":5}},"loc":{"start":{"line":15,"column":17},"end":{"line":17,"column":5}},"line":15},"3":{"name":"(anonymous_3)","decl":{"start":{"line":19,"column":4},"end":{"line":19,"column":5}},"loc":{"start":{"line":19,"column":15},"end":{"line":21,"column":5}},"line":19},"4":{"name":"(anonymous_4)","decl":{"start":{"line":23,"column":4},"end":{"line":23,"column":5}},"loc":{"start":{"line":23,"column":13},"end":{"line":30,"column":5}},"line":23}},"branchMap":{"0":{"loc":{"start":{"line":7,"column":119},"end":{"line":7,"column":165}},"type":"cond-expr","locations":[{"start":{"line":7,"column":143},"end":{"line":7,"column":146}},{"start":{"line":7,"column":149},"end":{"line":7,"column":165}}],"line":7},"1":{"loc":{"start":{"line":7,"column":119},"end":{"line":7,"column":140}},"type":"binary-expr","locations":[{"start":{"line":7,"column":119},"end":{"line":7,"column":122}},{"start":{"line":7,"column":126},"end":{"line":7,"column":140}}],"line":7}},"s":{"0":0,"1":0,"2":0,"3":0,"4":0,"5":0,"6":0,"7":0,"8":0,"9":0,"10":0,"11":0,"12":0,"13":0,"14":0,"15":0,"16":0,"17":0},"f":{"0":0,"1":0,"2":0,"3":0,"4":0},"b":{"0":[0,0],"1":[0,0]}}
,"/Users/dsellers/code/caddy/src/js/decorators/Resize.js": {"path":"/Users/dsellers/code/caddy/src/js/decorators/Resize.js","statementMap":{"0":{"start":{"line":1,"column":13},"end":{"line":1,"column":75}},"1":{"start":{"line":1,"column":94},"end":{"line":1,"column":150}},"2":{"start":{"line":1,"column":193},"end":{"line":16,"column":12}},"3":{"start":{"line":16,"column":26},"end":{"line":16,"column":43}},"4":{"start":{"line":16,"column":57},"end":{"line":16,"column":73}},"5":{"start":{"line":16,"column":88},"end":{"line":16,"column":118}},"6":{"start":{"line":16,"column":141},"end":{"line":16,"column":179}},"7":{"start":{"line":16,"column":203},"end":{"line":16,"column":242}},"8":{"start":{"line":16,"column":281},"end":{"line":16,"column":335}},"9":{"start":{"line":16,"column":353},"end":{"line":16,"column":355}},"10":{"start":{"line":16,"column":390},"end":{"line":16,"column":466}},"11":{"start":{"line":16,"column":418},"end":{"line":16,"column":463}},"12":{"start":{"line":16,"column":453},"end":{"line":16,"column":462}},"13":{"start":{"line":17,"column":23},"end":{"line":17,"column":29}},"14":{"start":{"line":18,"column":23},"end":{"line":18,"column":45}},"15":{"start":{"line":21,"column":2},"end":{"line":68,"column":4}},"16":{"start":{"line":22,"column":4},"end":{"line":66,"column":9}},"17":{"start":{"line":25,"column":8},"end":{"line":25,"column":23}},"18":{"start":{"line":26,"column":8},"end":{"line":26,"column":37}},"19":{"start":{"line":27,"column":8},"end":{"line":27,"column":98}},"20":{"start":{"line":31,"column":8},"end":{"line":36,"column":9}},"21":{"start":{"line":32,"column":27},"end":{"line":32,"column":61}},"22":{"start":{"line":33,"column":10},"end":{"line":35,"column":11}},"23":{"start":{"line":34,"column":12},"end":{"line":34,"column":28}},"24":{"start":{"line":37,"column":8},"end":{"line":37,"column":18}},"25":{"start":{"line":41,"column":8},"end":{"line":41,"column":39}},"26":{"start":{"line":45,"column":8},"end":{"line":45,"column":48}},"27":{"start":{"line":46,"column":8},"end":{"line":46,"column":43}},"28":{"start":{"line":48,"column":8},"end":{"line":50,"column":11}},"29":{"start":{"line":49,"column":10},"end":{"line":49,"column":47}},"30":{"start":{"line":55,"column":8},"end":{"line":55,"column":56}},"31":{"start":{"line":59,"column":8},"end":{"line":63,"column":96}},"32":{"start":{"line":61,"column":22},"end":{"line":61,"column":36}}},"fnMap":{"0":{"name":"_interopRequireDefault","decl":{"start":{"line":16,"column":252},"end":{"line":16,"column":274}},"loc":{"start":{"line":16,"column":280},"end":{"line":16,"column":336}},"line":16},"1":{"name":"deferredHandlerCaller","decl":{"start":{"line":16,"column":365},"end":{"line":16,"column":386}},"loc":{"start":{"line":16,"column":389},"end":{"line":16,"column":467}},"line":16},"2":{"name":"(anonymous_2)","decl":{"start":{"line":16,"column":407},"end":{"line":16,"column":408}},"loc":{"start":{"line":16,"column":417},"end":{"line":16,"column":464}},"line":16},"3":{"name":"resizeThunk","decl":{"start":{"line":16,"column":476},"end":{"line":16,"column":487}},"loc":{"start":{"line":16,"column":501},"end":{"line":69,"column":1}},"line":16},"4":{"name":"decorateClass","decl":{"start":{"line":21,"column":18},"end":{"line":21,"column":31}},"loc":{"start":{"line":21,"column":52},"end":{"line":68,"column":3}},"line":21},"5":{"name":"(anonymous_5)","decl":{"start":{"line":24,"column":6},"end":{"line":24,"column":7}},"loc":{"start":{"line":24,"column":27},"end":{"line":28,"column":7}},"line":24},"6":{"name":"(anonymous_6)","decl":{"start":{"line":30,"column":6},"end":{"line":30,"column":7}},"loc":{"start":{"line":30,"column":17},"end":{"line":38,"column":7}},"line":30},"7":{"name":"(anonymous_7)","decl":{"start":{"line":40,"column":6},"end":{"line":40,"column":7}},"loc":{"start":{"line":40,"column":23},"end":{"line":42,"column":7}},"line":40},"8":{"name":"(anonymous_8)","decl":{"start":{"line":44,"column":6},"end":{"line":44,"column":7}},"loc":{"start":{"line":44,"column":26},"end":{"line":51,"column":7}},"line":44},"9":{"name":"(anonymous_9)","decl":{"start":{"line":48,"column":60},"end":{"line":48,"column":61}},"loc":{"start":{"line":48,"column":66},"end":{"line":50,"column":9}},"line":48},"10":{"name":"(anonymous_10)","decl":{"start":{"line":53,"column":6},"end":{"line":53,"column":7}},"loc":{"start":{"line":53,"column":29},"end":{"line":56,"column":7}},"line":53},"11":{"name":"(anonymous_11)","decl":{"start":{"line":58,"column":6},"end":{"line":58,"column":7}},"loc":{"start":{"line":58,"column":15},"end":{"line":66,"column":7}},"line":58},"12":{"name":"(anonymous_12)","decl":{"start":{"line":61,"column":17},"end":{"line":61,"column":18}},"loc":{"start":{"line":61,"column":22},"end":{"line":61,"column":36}},"line":61}},"branchMap":{"0":{"loc":{"start":{"line":16,"column":288},"end":{"line":16,"column":334}},"type":"cond-expr","locations":[{"start":{"line":16,"column":312},"end":{"line":16,"column":315}},{"start":{"line":16,"column":318},"end":{"line":16,"column":334}}],"line":16},"1":{"loc":{"start":{"line":16,"column":288},"end":{"line":16,"column":309}},"type":"binary-expr","locations":[{"start":{"line":16,"column":288},"end":{"line":16,"column":291}},{"start":{"line":16,"column":295},"end":{"line":16,"column":309}}],"line":16},"2":{"loc":{"start":{"line":16,"column":418},"end":{"line":16,"column":463}},"type":"if","locations":[{"start":{"line":16,"column":418},"end":{"line":16,"column":463}},{"start":{"line":16,"column":418},"end":{"line":16,"column":463}}],"line":16},"3":{"loc":{"start":{"line":16,"column":488},"end":{"line":16,"column":499}},"type":"default-arg","locations":[{"start":{"line":16,"column":497},"end":{"line":16,"column":499}}],"line":16},"4":{"loc":{"start":{"line":18,"column":23},"end":{"line":18,"column":45}},"type":"binary-expr","locations":[{"start":{"line":18,"column":23},"end":{"line":18,"column":38}},{"start":{"line":18,"column":42},"end":{"line":18,"column":45}}],"line":18},"5":{"loc":{"start":{"line":31,"column":8},"end":{"line":36,"column":9}},"type":"if","locations":[{"start":{"line":31,"column":8},"end":{"line":36,"column":9}},{"start":{"line":31,"column":8},"end":{"line":36,"column":9}}],"line":31},"6":{"loc":{"start":{"line":33,"column":10},"end":{"line":35,"column":11}},"type":"if","locations":[{"start":{"line":33,"column":10},"end":{"line":35,"column":11}},{"start":{"line":33,"column":10},"end":{"line":35,"column":11}}],"line":33},"7":{"loc":{"start":{"line":33,"column":14},"end":{"line":33,"column":54}},"type":"binary-expr","locations":[{"start":{"line":33,"column":14},"end":{"line":33,"column":22}},{"start":{"line":33,"column":26},"end":{"line":33,"column":54}}],"line":33}},"s":{"0":0,"1":0,"2":0,"3":0,"4":0,"5":0,"6":0,"7":0,"8":0,"9":0,"10":0,"11":0,"12":0,"13":0,"14":0,"15":0,"16":0,"17":0,"18":0,"19":0,"20":0,"21":0,"22":0,"23":0,"24":0,"25":0,"26":0,"27":0,"28":0,"29":0,"30":0,"31":0,"32":0},"f":{"0":0,"1":0,"2":0,"3":0,"4":0,"5":0,"6":0,"7":0,"8":0,"9":0,"10":0,"11":0,"12":0},"b":{"0":[0,0],"1":[0,0],"2":[0,0],"3":[0],"4":[0,0],"5":[0,0],"6":[0,0],"7":[0,0]}}
,"/Users/dsellers/code/caddy/src/js/libs/HeaderHiderShouldUpdate.js": {"path":"/Users/dsellers/code/caddy/src/js/libs/HeaderHiderShouldUpdate.js","statementMap":{"0":{"start":{"line":1,"column":13},"end":{"line":1,"column":75}},"1":{"start":{"line":1,"column":75},"end":{"line":76,"column":2}},"2":{"start":{"line":7,"column":26},"end":{"line":7,"column":76}},"3":{"start":{"line":8,"column":27},"end":{"line":8,"column":70}},"4":{"start":{"line":11,"column":2},"end":{"line":70,"column":3}},"5":{"start":{"line":12,"column":4},"end":{"line":15,"column":25}},"6":{"start":{"line":18,"column":9},"end":{"line":70,"column":3}},"7":{"start":{"line":19,"column":4},"end":{"line":22,"column":25}},"8":{"start":{"line":25,"column":9},"end":{"line":70,"column":3}},"9":{"start":{"line":30,"column":4},"end":{"line":33,"column":25}},"10":{"start":{"line":37,"column":9},"end":{"line":70,"column":3}},"11":{"start":{"line":42,"column":4},"end":{"line":45,"column":25}},"12":{"start":{"line":48,"column":9},"end":{"line":70,"column":3}},"13":{"start":{"line":53,"column":4},"end":{"line":56,"column":25}},"14":{"start":{"line":60,"column":9},"end":{"line":70,"column":3}},"15":{"start":{"line":65,"column":4},"end":{"line":68,"column":25}},"16":{"start":{"line":71,"column":2},"end":{"line":74,"column":23}}},"fnMap":{"0":{"name":"(anonymous_0)","decl":{"start":{"line":1,"column":93},"end":{"line":1,"column":94}},"loc":{"start":{"line":6,"column":0},"end":{"line":76,"column":1}},"line":6}},"branchMap":{"0":{"loc":{"start":{"line":2,"column":0},"end":{"line":2,"column":20}},"type":"default-arg","locations":[{"start":{"line":2,"column":19},"end":{"line":2,"column":20}}],"line":2},"1":{"loc":{"start":{"line":3,"column":0},"end":{"line":3,"column":18}},"type":"default-arg","locations":[{"start":{"line":3,"column":17},"end":{"line":3,"column":18}}],"line":3},"2":{"loc":{"start":{"line":4,"column":0},"end":{"line":4,"column":10}},"type":"default-arg","locations":[{"start":{"line":4,"column":8},"end":{"line":4,"column":10}}],"line":4},"3":{"loc":{"start":{"line":5,"column":0},"end":{"line":5,"column":10}},"type":"default-arg","locations":[{"start":{"line":5,"column":8},"end":{"line":5,"column":10}}],"line":5},"4":{"loc":{"start":{"line":7,"column":26},"end":{"line":7,"column":76}},"type":"cond-expr","locations":[{"start":{"line":7,"column":63},"end":{"line":7,"column":69}},{"start":{"line":7,"column":72},"end":{"line":7,"column":76}}],"line":7},"5":{"loc":{"start":{"line":11,"column":2},"end":{"line":70,"column":3}},"type":"if","locations":[{"start":{"line":11,"column":2},"end":{"line":70,"column":3}},{"start":{"line":11,"column":2},"end":{"line":70,"column":3}}],"line":11},"6":{"loc":{"start":{"line":18,"column":9},"end":{"line":70,"column":3}},"type":"if","locations":[{"start":{"line":18,"column":9},"end":{"line":70,"column":3}},{"start":{"line":18,"column":9},"end":{"line":70,"column":3}}],"line":18},"7":{"loc":{"start":{"line":18,"column":13},"end":{"line":18,"column":74}},"type":"binary-expr","locations":[{"start":{"line":18,"column":13},"end":{"line":18,"column":45}},{"start":{"line":18,"column":49},"end":{"line":18,"column":74}}],"line":18},"8":{"loc":{"start":{"line":25,"column":9},"end":{"line":70,"column":3}},"type":"if","locations":[{"start":{"line":25,"column":9},"end":{"line":70,"column":3}},{"start":{"line":25,"column":9},"end":{"line":70,"column":3}}],"line":25},"9":{"loc":{"start":{"line":26,"column":2},"end":{"line":28,"column":27}},"type":"binary-expr","locations":[{"start":{"line":26,"column":2},"end":{"line":26,"column":32}},{"start":{"line":27,"column":2},"end":{"line":27,"column":28}},{"start":{"line":28,"column":2},"end":{"line":28,"column":27}}],"line":26},"10":{"loc":{"start":{"line":37,"column":9},"end":{"line":70,"column":3}},"type":"if","locations":[{"start":{"line":37,"column":9},"end":{"line":70,"column":3}},{"start":{"line":37,"column":9},"end":{"line":70,"column":3}}],"line":37},"11":{"loc":{"start":{"line":38,"column":2},"end":{"line":40,"column":90}},"type":"binary-expr","locations":[{"start":{"line":38,"column":2},"end":{"line":38,"column":28}},{"start":{"line":39,"column":2},"end":{"line":39,"column":49}},{"start":{"line":40,"column":2},"end":{"line":40,"column":48}},{"start":{"line":40,"column":52},"end":{"line":40,"column":90}}],"line":38},"12":{"loc":{"start":{"line":48,"column":9},"end":{"line":70,"column":3}},"type":"if","locations":[{"start":{"line":48,"column":9},"end":{"line":70,"column":3}},{"start":{"line":48,"column":9},"end":{"line":70,"column":3}}],"line":48},"13":{"loc":{"start":{"line":49,"column":2},"end":{"line":51,"column":48}},"type":"binary-expr","locations":[{"start":{"line":49,"column":2},"end":{"line":49,"column":26}},{"start":{"line":50,"column":2},"end":{"line":50,"column":38}},{"start":{"line":51,"column":2},"end":{"line":51,"column":48}}],"line":49},"14":{"loc":{"start":{"line":60,"column":9},"end":{"line":70,"column":3}},"type":"if","locations":[{"start":{"line":60,"column":9},"end":{"line":70,"column":3}},{"start":{"line":60,"column":9},"end":{"line":70,"column":3}}],"line":60},"15":{"loc":{"start":{"line":61,"column":2},"end":{"line":63,"column":48}},"type":"binary-expr","locations":[{"start":{"line":61,"column":2},"end":{"line":61,"column":26}},{"start":{"line":62,"column":2},"end":{"line":62,"column":32}},{"start":{"line":63,"column":2},"end":{"line":63,"column":48}}],"line":61}},"s":{"0":0,"1":0,"2":0,"3":0,"4":0,"5":0,"6":0,"7":0,"8":0,"9":0,"10":0,"11":0,"12":0,"13":0,"14":0,"15":0,"16":0},"f":{"0":0},"b":{"0":[0],"1":[0],"2":[0],"3":[0],"4":[0,0],"5":[0,0],"6":[0,0],"7":[0,0],"8":[0,0],"9":[0,0,0],"10":[0,0],"11":[0,0,0,0],"12":[0,0],"13":[0,0,0],"14":[0,0],"15":[0,0,0]}}
,"/Users/dsellers/code/caddy/src/js/libs/PDPBreakpoints.js": {"path":"/Users/dsellers/code/caddy/src/js/libs/PDPBreakpoints.js","statementMap":{"0":{"start":{"line":1,"column":13},"end":{"line":1,"column":75}},"1":{"start":{"line":1,"column":75},"end":{"line":23,"column":22}},"2":{"start":{"line":4,"column":37},"end":{"line":4,"column":40}},"3":{"start":{"line":5,"column":21},"end":{"line":5,"column":30}},"4":{"start":{"line":6,"column":4},"end":{"line":8,"column":5}},"5":{"start":{"line":7,"column":6},"end":{"line":7,"column":28}},"6":{"start":{"line":9,"column":4},"end":{"line":11,"column":5}},"7":{"start":{"line":10,"column":6},"end":{"line":10,"column":32}},"8":{"start":{"line":12,"column":4},"end":{"line":14,"column":5}},"9":{"start":{"line":13,"column":6},"end":{"line":13,"column":29}},"10":{"start":{"line":15,"column":4},"end":{"line":17,"column":5}},"11":{"start":{"line":16,"column":6},"end":{"line":16,"column":28}},"12":{"start":{"line":18,"column":4},"end":{"line":18,"column":36}}},"fnMap":{},"branchMap":{"0":{"loc":{"start":{"line":6,"column":4},"end":{"line":8,"column":5}},"type":"if","locations":[{"start":{"line":6,"column":4},"end":{"line":8,"column":5}},{"start":{"line":6,"column":4},"end":{"line":8,"column":5}}],"line":6},"1":{"loc":{"start":{"line":9,"column":4},"end":{"line":11,"column":5}},"type":"if","locations":[{"start":{"line":9,"column":4},"end":{"line":11,"column":5}},{"start":{"line":9,"column":4},"end":{"line":11,"column":5}}],"line":9},"2":{"loc":{"start":{"line":12,"column":4},"end":{"line":14,"column":5}},"type":"if","locations":[{"start":{"line":12,"column":4},"end":{"line":14,"column":5}},{"start":{"line":12,"column":4},"end":{"line":14,"column":5}}],"line":12},"3":{"loc":{"start":{"line":15,"column":4},"end":{"line":17,"column":5}},"type":"if","locations":[{"start":{"line":15,"column":4},"end":{"line":17,"column":5}},{"start":{"line":15,"column":4},"end":{"line":17,"column":5}}],"line":15}},"s":{"0":0,"1":0,"2":0,"3":0,"4":0,"5":0,"6":0,"7":0,"8":0,"9":0,"10":0,"11":0,"12":0},"f":{},"b":{"0":[0,0],"1":[0,0],"2":[0,0],"3":[0,0]}}
,"/Users/dsellers/code/caddy/src/js/libs/noop.js": {"path":"/Users/dsellers/code/caddy/src/js/libs/noop.js","statementMap":{"0":{"start":{"line":1,"column":13},"end":{"line":1,"column":75}},"1":{"start":{"line":1,"column":75},"end":{"line":1,"column":102}}},"fnMap":{"0":{"name":"(anonymous_0)","decl":{"start":{"line":1,"column":93},"end":{"line":1,"column":94}},"loc":{"start":{"line":1,"column":99},"end":{"line":1,"column":101}},"line":1}},"branchMap":{},"s":{"0":0,"1":0},"f":{"0":0},"b":{}}
,"/Users/dsellers/code/caddy/src/js/polyfills/windowPolyfill.js": {"path":"/Users/dsellers/code/caddy/src/js/polyfills/windowPolyfill.js","statementMap":{"0":{"start":{"line":1,"column":13},"end":{"line":1,"column":75}},"1":{"start":{"line":2,"column":12},"end":{"line":4,"column":16}},"2":{"start":{"line":4,"column":17},"end":{"line":6,"column":4}}},"fnMap":{},"branchMap":{"0":{"loc":{"start":{"line":2,"column":12},"end":{"line":4,"column":16}},"type":"cond-expr","locations":[{"start":{"line":3,"column":0},"end":{"line":3,"column":6}},{"start":{"line":4,"column":0},"end":{"line":4,"column":16}}],"line":2}},"s":{"0":0,"1":0,"2":0},"f":{},"b":{"0":[0,0]}}
,"/Users/dsellers/code/caddy/src/js/reducers/AppReducer.js": {"path":"/Users/dsellers/code/caddy/src/js/reducers/AppReducer.js","statementMap":{"0":{"start":{"line":4,"column":30},"end":{"line":7,"column":2}},"1":{"start":{"line":10,"column":2},"end":{"line":19,"column":3}},"2":{"start":{"line":12,"column":6},"end":{"line":14,"column":9}},"3":{"start":{"line":17,"column":6},"end":{"line":17,"column":21}}},"fnMap":{"0":{"name":"AppReducer","decl":{"start":{"line":9,"column":24},"end":{"line":9,"column":34}},"loc":{"start":{"line":9,"column":76},"end":{"line":20,"column":1}},"line":9}},"branchMap":{"0":{"loc":{"start":{"line":9,"column":35},"end":{"line":9,"column":59}},"type":"default-arg","locations":[{"start":{"line":9,"column":45},"end":{"line":9,"column":59}}],"line":9},"1":{"loc":{"start":{"line":9,"column":61},"end":{"line":9,"column":74}},"type":"default-arg","locations":[{"start":{"line":9,"column":70},"end":{"line":9,"column":74}}],"line":9},"2":{"loc":{"start":{"line":10,"column":2},"end":{"line":19,"column":3}},"type":"switch","locations":[{"start":{"line":11,"column":4},"end":{"line":15,"column":5}},{"start":{"line":16,"column":4},"end":{"line":18,"column":5}}],"line":10}},"s":{"0":1,"1":3,"2":0,"3":3},"f":{"0":3},"b":{"0":[2],"1":[0],"2":[0,3]},"_coverageSchema":"332fd63041d2c1bcb487cc26dd0d5f7d97098a6c","hash":"8722f898756f57bf1da528e919af8ebe3624a541"}
,"/Users/dsellers/code/caddy/src/js/reducers/index.js": {"path":"/Users/dsellers/code/caddy/src/js/reducers/index.js","statementMap":{"0":{"start":{"line":7,"column":29},"end":{"line":9,"column":1}}},"fnMap":{},"branchMap":{},"s":{"0":1},"f":{},"b":{},"_coverageSchema":"332fd63041d2c1bcb487cc26dd0d5f7d97098a6c","hash":"e9c2a1d2a79a69d5fcee3682232dc95c8c7f858c"}
,"/Users/dsellers/code/caddy/src/js/startup/AppStartup.js": {"path":"/Users/dsellers/code/caddy/src/js/startup/AppStartup.js","statementMap":{},"fnMap":{},"branchMap":{},"s":{},"f":{},"b":{}}
,"/Users/dsellers/code/caddy/src/js/stores/AppStore.js": {"path":"/Users/dsellers/code/caddy/src/js/stores/AppStore.js","statementMap":{"0":{"start":{"line":13,"column":19},"end":{"line":13,"column":37}},"1":{"start":{"line":14,"column":20},"end":{"line":14,"column":96}},"2":{"start":{"line":14,"column":41},"end":{"line":14,"column":95}},"3":{"start":{"line":15,"column":2},"end":{"line":15,"column":32}},"4":{"start":{"line":26,"column":2},"end":{"line":32,"column":9}},"5":{"start":{"line":27,"column":4},"end":{"line":30,"column":6}},"6":{"start":{"line":28,"column":31},"end":{"line":28,"column":94}},"7":{"start":{"line":31,"column":4},"end":{"line":31,"column":15}},"8":{"start":{"line":37,"column":27},"end":{"line":37,"column":52}},"9":{"start":{"line":38,"column":25},"end":{"line":38,"column":61}},"10":{"start":{"line":39,"column":18},"end":{"line":39,"column":43}},"11":{"start":{"line":40,"column":24},"end":{"line":40,"column":86}},"12":{"start":{"line":42,"column":2},"end":{"line":42,"column":61}}},"fnMap":{"0":{"name":"cleanHydratedState","decl":{"start":{"line":12,"column":9},"end":{"line":12,"column":27}},"loc":{"start":{"line":12,"column":35},"end":{"line":16,"column":1}},"line":12},"1":{"name":"(anonymous_1)","decl":{"start":{"line":14,"column":36},"end":{"line":14,"column":37}},"loc":{"start":{"line":14,"column":41},"end":{"line":14,"column":95}},"line":14},"2":{"name":"mergeInjectedProps","decl":{"start":{"line":25,"column":9},"end":{"line":25,"column":27}},"loc":{"start":{"line":25,"column":35},"end":{"line":33,"column":1}},"line":25},"3":{"name":"(anonymous_3)","decl":{"start":{"line":26,"column":43},"end":{"line":26,"column":44}},"loc":{"start":{"line":26,"column":62},"end":{"line":32,"column":3}},"line":26},"4":{"name":"(anonymous_4)","decl":{"start":{"line":28,"column":6},"end":{"line":28,"column":7}},"loc":{"start":{"line":28,"column":31},"end":{"line":28,"column":94}},"line":28},"5":{"name":"(anonymous_5)","decl":{"start":{"line":36,"column":15},"end":{"line":36,"column":16}},"loc":{"start":{"line":36,"column":31},"end":{"line":43,"column":1}},"line":36}},"branchMap":{"0":{"loc":{"start":{"line":28,"column":31},"end":{"line":28,"column":94}},"type":"cond-expr","locations":[{"start":{"line":28,"column":75},"end":{"line":28,"column":85}},{"start":{"line":28,"column":88},"end":{"line":28,"column":94}}],"line":28},"1":{"loc":{"start":{"line":28,"column":32},"end":{"line":28,"column":71}},"type":"binary-expr","locations":[{"start":{"line":28,"column":32},"end":{"line":28,"column":47}},{"start":{"line":28,"column":51},"end":{"line":28,"column":71}}],"line":28},"2":{"loc":{"start":{"line":36,"column":16},"end":{"line":36,"column":26}},"type":"default-arg","locations":[{"start":{"line":36,"column":24},"end":{"line":36,"column":26}}],"line":36}},"s":{"0":1,"1":1,"2":0,"3":1,"4":1,"5":1,"6":0,"7":1,"8":1,"9":1,"10":1,"11":1,"12":1},"f":{"0":1,"1":0,"2":1,"3":1,"4":0,"5":1},"b":{"0":[0,0],"1":[0,0],"2":[1]},"_coverageSchema":"332fd63041d2c1bcb487cc26dd0d5f7d97098a6c","hash":"6f38f5450cb5a93e29d833f0ab218a44ef2ded00"}
,"/Users/dsellers/code/caddy/src/lib/testNullCompiler.js": {"path":"/Users/dsellers/code/caddy/src/lib/testNullCompiler.js","statementMap":{"0":{"start":{"line":2,"column":13},"end":{"line":2,"column":20}},"1":{"start":{"line":2,"column":19},"end":{"line":2,"column":20}},"2":{"start":{"line":4,"column":0},"end":{"line":4,"column":34}},"3":{"start":{"line":5,"column":0},"end":{"line":5,"column":35}},"4":{"start":{"line":6,"column":0},"end":{"line":6,"column":34}},"5":{"start":{"line":7,"column":0},"end":{"line":7,"column":34}},"6":{"start":{"line":8,"column":0},"end":{"line":8,"column":35}},"7":{"start":{"line":9,"column":0},"end":{"line":9,"column":34}},"8":{"start":{"line":10,"column":0},"end":{"line":10,"column":34}}},"fnMap":{"0":{"name":"(anonymous_0)","decl":{"start":{"line":2,"column":13},"end":{"line":2,"column":14}},"loc":{"start":{"line":2,"column":19},"end":{"line":2,"column":20}},"line":2}},"branchMap":{},"s":{"0":0,"1":0,"2":0,"3":0,"4":0,"5":0,"6":0,"7":0,"8":0},"f":{"0":0},"b":{}}
}
