{"/Users/dsellers/code/cad-prototype/app/src/js/App.js": {"path":"/Users/dsellers/code/cad-prototype/app/src/js/App.js","statementMap":{"0":{"start":{"line":1,"column":13},"end":{"line":1,"column":75}},"1":{"start":{"line":1,"column":94},"end":{"line":1,"column":623}},"2":{"start":{"line":1,"column":149},"end":{"line":1,"column":414}},"3":{"start":{"line":1,"column":206},"end":{"line":1,"column":214}},"4":{"start":{"line":1,"column":215},"end":{"line":1,"column":270}},"5":{"start":{"line":1,"column":270},"end":{"line":1,"column":301}},"6":{"start":{"line":1,"column":301},"end":{"line":1,"column":355}},"7":{"start":{"line":1,"column":328},"end":{"line":1,"column":355}},"8":{"start":{"line":1,"column":355},"end":{"line":1,"column":413}},"9":{"start":{"line":1,"column":415},"end":{"line":1,"column":620}},"10":{"start":{"line":1,"column":471},"end":{"line":1,"column":539}},"11":{"start":{"line":1,"column":487},"end":{"line":1,"column":539}},"12":{"start":{"line":1,"column":539},"end":{"line":1,"column":599}},"13":{"start":{"line":1,"column":556},"end":{"line":1,"column":599}},"14":{"start":{"line":1,"column":599},"end":{"line":1,"column":618}},"15":{"start":{"line":3,"column":13},"end":{"line":3,"column":29}},"16":{"start":{"line":3,"column":44},"end":{"line":3,"column":74}},"17":{"start":{"line":4,"column":21},"end":{"line":4,"column":46}},"18":{"start":{"line":4,"column":69},"end":{"line":4,"column":107}},"19":{"start":{"line":5,"column":22},"end":{"line":5,"column":49}},"20":{"start":{"line":8,"column":15},"end":{"line":8,"column":52}},"21":{"start":{"line":8,"column":69},"end":{"line":8,"column":101}},"22":{"start":{"line":10,"column":0},"end":{"line":10,"column":38}},"23":{"start":{"line":10,"column":76},"end":{"line":10,"column":130}},"24":{"start":{"line":10,"column":180},"end":{"line":10,"column":279}},"25":{"start":{"line":10,"column":221},"end":{"line":10,"column":278}},"26":{"start":{"line":10,"column":329},"end":{"line":10,"column":428}},"27":{"start":{"line":10,"column":341},"end":{"line":10,"column":427}},"28":{"start":{"line":10,"column":428},"end":{"line":10,"column":514}},"29":{"start":{"line":10,"column":557},"end":{"line":10,"column":720}},"30":{"start":{"line":10,"column":619},"end":{"line":10,"column":719}},"31":{"start":{"line":10,"column":720},"end":{"line":10,"column":884}},"32":{"start":{"line":10,"column":884},"end":{"line":10,"column":1002}},"33":{"start":{"line":10,"column":900},"end":{"line":10,"column":1002}},"34":{"start":{"line":11,"column":10},"end":{"line":23,"column":44}},"35":{"start":{"line":11,"column":33},"end":{"line":11,"column":60}},"36":{"start":{"line":12,"column":25},"end":{"line":12,"column":52}},"37":{"start":{"line":12,"column":64},"end":{"line":13,"column":15}},"38":{"start":{"line":14,"column":8},"end":{"line":14,"column":44}},"39":{"start":{"line":14,"column":44},"end":{"line":14,"column":57}},"40":{"start":{"line":15,"column":5},"end":{"line":23,"column":14}},"41":{"start":{"line":18,"column":12},"end":{"line":20,"column":77}},"42":{"start":{"line":23,"column":14},"end":{"line":23,"column":25}},"43":{"start":{"line":23,"column":45},"end":{"line":26,"column":4}},"44":{"start":{"line":26,"column":4},"end":{"line":26,"column":40}}},"fnMap":{"0":{"name":"(anonymous_0)","decl":{"start":{"line":1,"column":94},"end":{"line":1,"column":95}},"loc":{"start":{"line":1,"column":106},"end":{"line":1,"column":621}},"line":1},"1":{"name":"defineProperties","decl":{"start":{"line":1,"column":116},"end":{"line":1,"column":132}},"loc":{"start":{"line":1,"column":148},"end":{"line":1,"column":415}},"line":1},"2":{"name":"(anonymous_2)","decl":{"start":{"line":1,"column":422},"end":{"line":1,"column":423}},"loc":{"start":{"line":1,"column":470},"end":{"line":1,"column":619}},"line":1},"3":{"name":"_interopRequireDefault","decl":{"start":{"line":10,"column":47},"end":{"line":10,"column":69}},"loc":{"start":{"line":10,"column":75},"end":{"line":10,"column":131}},"line":10},"4":{"name":"_classCallCheck","decl":{"start":{"line":10,"column":140},"end":{"line":10,"column":155}},"loc":{"start":{"line":10,"column":179},"end":{"line":10,"column":280}},"line":10},"5":{"name":"_possibleConstructorReturn","decl":{"start":{"line":10,"column":289},"end":{"line":10,"column":315}},"loc":{"start":{"line":10,"column":328},"end":{"line":10,"column":515}},"line":10},"6":{"name":"_inherits","decl":{"start":{"line":10,"column":524},"end":{"line":10,"column":533}},"loc":{"start":{"line":10,"column":556},"end":{"line":10,"column":1003}},"line":10},"7":{"name":"(anonymous_7)","decl":{"start":{"line":11,"column":10},"end":{"line":11,"column":11}},"loc":{"start":{"line":11,"column":32},"end":{"line":23,"column":26}},"line":11},"8":{"name":"App","decl":{"start":{"line":12,"column":13},"end":{"line":12,"column":16}},"loc":{"start":{"line":12,"column":24},"end":{"line":15,"column":5}},"line":12},"9":{"name":"render","decl":{"start":{"line":15,"column":57},"end":{"line":15,"column":63}},"loc":{"start":{"line":17,"column":8},"end":{"line":23,"column":9}},"line":17}},"branchMap":{"0":{"loc":{"start":{"line":1,"column":239},"end":{"line":1,"column":269}},"type":"binary-expr","locations":[{"start":{"line":1,"column":239},"end":{"line":1,"column":260}},{"start":{"line":1,"column":264},"end":{"line":1,"column":269}}],"line":1},"1":{"loc":{"start":{"line":1,"column":301},"end":{"line":1,"column":355}},"type":"if","locations":[{"start":{"line":1,"column":301},"end":{"line":1,"column":355}},{"start":{"line":1,"column":301},"end":{"line":1,"column":355}}],"line":1},"2":{"loc":{"start":{"line":1,"column":471},"end":{"line":1,"column":539}},"type":"if","locations":[{"start":{"line":1,"column":471},"end":{"line":1,"column":539}},{"start":{"line":1,"column":471},"end":{"line":1,"column":539}}],"line":1},"3":{"loc":{"start":{"line":1,"column":539},"end":{"line":1,"column":599}},"type":"if","locations":[{"start":{"line":1,"column":539},"end":{"line":1,"column":599}},{"start":{"line":1,"column":539},"end":{"line":1,"column":599}}],"line":1},"4":{"loc":{"start":{"line":10,"column":83},"end":{"line":10,"column":129}},"type":"cond-expr","locations":[{"start":{"line":10,"column":107},"end":{"line":10,"column":110}},{"start":{"line":10,"column":113},"end":{"line":10,"column":129}}],"line":10},"5":{"loc":{"start":{"line":10,"column":83},"end":{"line":10,"column":104}},"type":"binary-expr","locations":[{"start":{"line":10,"column":83},"end":{"line":10,"column":86}},{"start":{"line":10,"column":90},"end":{"line":10,"column":104}}],"line":10},"6":{"loc":{"start":{"line":10,"column":180},"end":{"line":10,"column":279}},"type":"if","locations":[{"start":{"line":10,"column":180},"end":{"line":10,"column":279}},{"start":{"line":10,"column":180},"end":{"line":10,"column":279}}],"line":10},"7":{"loc":{"start":{"line":10,"column":329},"end":{"line":10,"column":428}},"type":"if","locations":[{"start":{"line":10,"column":329},"end":{"line":10,"column":428}},{"start":{"line":10,"column":329},"end":{"line":10,"column":428}}],"line":10},"8":{"loc":{"start":{"line":10,"column":435},"end":{"line":10,"column":513}},"type":"cond-expr","locations":[{"start":{"line":10,"column":502},"end":{"line":10,"column":506}},{"start":{"line":10,"column":509},"end":{"line":10,"column":513}}],"line":10},"9":{"loc":{"start":{"line":10,"column":435},"end":{"line":10,"column":499}},"type":"binary-expr","locations":[{"start":{"line":10,"column":435},"end":{"line":10,"column":439}},{"start":{"line":10,"column":444},"end":{"line":10,"column":468}},{"start":{"line":10,"column":472},"end":{"line":10,"column":498}}],"line":10},"10":{"loc":{"start":{"line":10,"column":557},"end":{"line":10,"column":720}},"type":"if","locations":[{"start":{"line":10,"column":557},"end":{"line":10,"column":720}},{"start":{"line":10,"column":557},"end":{"line":10,"column":720}}],"line":10},"11":{"loc":{"start":{"line":10,"column":561},"end":{"line":10,"column":616}},"type":"binary-expr","locations":[{"start":{"line":10,"column":561},"end":{"line":10,"column":593}},{"start":{"line":10,"column":597},"end":{"line":10,"column":616}}],"line":10},"12":{"loc":{"start":{"line":10,"column":755},"end":{"line":10,"column":789}},"type":"binary-expr","locations":[{"start":{"line":10,"column":755},"end":{"line":10,"column":765}},{"start":{"line":10,"column":769},"end":{"line":10,"column":789}}],"line":10},"13":{"loc":{"start":{"line":10,"column":884},"end":{"line":10,"column":1002}},"type":"if","locations":[{"start":{"line":10,"column":884},"end":{"line":10,"column":1002}},{"start":{"line":10,"column":884},"end":{"line":10,"column":1002}}],"line":10},"14":{"loc":{"start":{"line":10,"column":900},"end":{"line":10,"column":1001}},"type":"cond-expr","locations":[{"start":{"line":10,"column":924},"end":{"line":10,"column":967}},{"start":{"line":10,"column":970},"end":{"line":10,"column":1001}}],"line":10},"15":{"loc":{"start":{"line":12,"column":98},"end":{"line":12,"column":141}},"type":"binary-expr","locations":[{"start":{"line":12,"column":98},"end":{"line":12,"column":111}},{"start":{"line":12,"column":115},"end":{"line":12,"column":141}}],"line":12}},"s":{"0":0,"1":0,"2":0,"3":0,"4":0,"5":0,"6":0,"7":0,"8":0,"9":0,"10":0,"11":0,"12":0,"13":0,"14":0,"15":0,"16":0,"17":0,"18":0,"19":0,"20":0,"21":0,"22":0,"23":0,"24":0,"25":0,"26":0,"27":0,"28":0,"29":0,"30":0,"31":0,"32":0,"33":0,"34":0,"35":0,"36":0,"37":0,"38":0,"39":0,"40":0,"41":0,"42":0,"43":0,"44":0},"f":{"0":0,"1":0,"2":0,"3":0,"4":0,"5":0,"6":0,"7":0,"8":0,"9":0},"b":{"0":[0,0],"1":[0,0],"2":[0,0],"3":[0,0],"4":[0,0],"5":[0,0],"6":[0,0],"7":[0,0],"8":[0,0],"9":[0,0,0],"10":[0,0],"11":[0,0],"12":[0,0],"13":[0,0],"14":[0,0],"15":[0,0]}}
,"/Users/dsellers/code/cad-prototype/app/src/js/CombinationItem.js": {"path":"/Users/dsellers/code/cad-prototype/app/src/js/CombinationItem.js","statementMap":{"0":{"start":{"line":1,"column":13},"end":{"line":1,"column":75}},"1":{"start":{"line":1,"column":94},"end":{"line":1,"column":623}},"2":{"start":{"line":1,"column":149},"end":{"line":1,"column":414}},"3":{"start":{"line":1,"column":206},"end":{"line":1,"column":214}},"4":{"start":{"line":1,"column":215},"end":{"line":1,"column":270}},"5":{"start":{"line":1,"column":270},"end":{"line":1,"column":301}},"6":{"start":{"line":1,"column":301},"end":{"line":1,"column":355}},"7":{"start":{"line":1,"column":328},"end":{"line":1,"column":355}},"8":{"start":{"line":1,"column":355},"end":{"line":1,"column":413}},"9":{"start":{"line":1,"column":415},"end":{"line":1,"column":620}},"10":{"start":{"line":1,"column":471},"end":{"line":1,"column":539}},"11":{"start":{"line":1,"column":487},"end":{"line":1,"column":539}},"12":{"start":{"line":1,"column":539},"end":{"line":1,"column":599}},"13":{"start":{"line":1,"column":556},"end":{"line":1,"column":599}},"14":{"start":{"line":1,"column":599},"end":{"line":1,"column":618}},"15":{"start":{"line":3,"column":13},"end":{"line":3,"column":29}},"16":{"start":{"line":3,"column":44},"end":{"line":3,"column":74}},"17":{"start":{"line":4,"column":21},"end":{"line":4,"column":46}},"18":{"start":{"line":4,"column":69},"end":{"line":4,"column":107}},"19":{"start":{"line":4,"column":146},"end":{"line":4,"column":200}},"20":{"start":{"line":4,"column":250},"end":{"line":4,"column":349}},"21":{"start":{"line":4,"column":291},"end":{"line":4,"column":348}},"22":{"start":{"line":4,"column":399},"end":{"line":4,"column":498}},"23":{"start":{"line":4,"column":411},"end":{"line":4,"column":497}},"24":{"start":{"line":4,"column":498},"end":{"line":4,"column":584}},"25":{"start":{"line":4,"column":627},"end":{"line":4,"column":790}},"26":{"start":{"line":4,"column":689},"end":{"line":4,"column":789}},"27":{"start":{"line":4,"column":790},"end":{"line":4,"column":954}},"28":{"start":{"line":4,"column":954},"end":{"line":4,"column":1072}},"29":{"start":{"line":4,"column":970},"end":{"line":4,"column":1072}},"30":{"start":{"line":7,"column":18},"end":{"line":28,"column":65}},"31":{"start":{"line":7,"column":47},"end":{"line":7,"column":92}},"32":{"start":{"line":10,"column":5},"end":{"line":10,"column":44}},"33":{"start":{"line":10,"column":56},"end":{"line":11,"column":15}},"34":{"start":{"line":12,"column":8},"end":{"line":12,"column":44}},"35":{"start":{"line":12,"column":44},"end":{"line":12,"column":57}},"36":{"start":{"line":13,"column":5},"end":{"line":28,"column":14}},"37":{"start":{"line":17,"column":27},"end":{"line":17,"column":29}},"38":{"start":{"line":18,"column":12},"end":{"line":21,"column":13}},"39":{"start":{"line":20,"column":16},"end":{"line":20,"column":61}},"40":{"start":{"line":23,"column":12},"end":{"line":23,"column":28}},"41":{"start":{"line":27,"column":12},"end":{"line":27,"column":84}},"42":{"start":{"line":28,"column":14},"end":{"line":28,"column":37}},"43":{"start":{"line":28,"column":66},"end":{"line":28,"column":100}},"44":{"start":{"line":28,"column":100},"end":{"line":28,"column":136}}},"fnMap":{"0":{"name":"(anonymous_0)","decl":{"start":{"line":1,"column":94},"end":{"line":1,"column":95}},"loc":{"start":{"line":1,"column":106},"end":{"line":1,"column":621}},"line":1},"1":{"name":"defineProperties","decl":{"start":{"line":1,"column":116},"end":{"line":1,"column":132}},"loc":{"start":{"line":1,"column":148},"end":{"line":1,"column":415}},"line":1},"2":{"name":"(anonymous_2)","decl":{"start":{"line":1,"column":422},"end":{"line":1,"column":423}},"loc":{"start":{"line":1,"column":470},"end":{"line":1,"column":619}},"line":1},"3":{"name":"_interopRequireDefault","decl":{"start":{"line":4,"column":117},"end":{"line":4,"column":139}},"loc":{"start":{"line":4,"column":145},"end":{"line":4,"column":201}},"line":4},"4":{"name":"_classCallCheck","decl":{"start":{"line":4,"column":210},"end":{"line":4,"column":225}},"loc":{"start":{"line":4,"column":249},"end":{"line":4,"column":350}},"line":4},"5":{"name":"_possibleConstructorReturn","decl":{"start":{"line":4,"column":359},"end":{"line":4,"column":385}},"loc":{"start":{"line":4,"column":398},"end":{"line":4,"column":585}},"line":4},"6":{"name":"_inherits","decl":{"start":{"line":4,"column":594},"end":{"line":4,"column":603}},"loc":{"start":{"line":4,"column":626},"end":{"line":4,"column":1073}},"line":4},"7":{"name":"(anonymous_7)","decl":{"start":{"line":7,"column":18},"end":{"line":7,"column":19}},"loc":{"start":{"line":7,"column":46},"end":{"line":28,"column":38}},"line":7},"8":{"name":"CombinationItem","decl":{"start":{"line":9,"column":13},"end":{"line":9,"column":28}},"loc":{"start":{"line":10,"column":4},"end":{"line":13,"column":5}},"line":10},"9":{"name":"renderedValue","decl":{"start":{"line":13,"column":76},"end":{"line":13,"column":89}},"loc":{"start":{"line":16,"column":8},"end":{"line":24,"column":9}},"line":16},"10":{"name":"render","decl":{"start":{"line":24,"column":46},"end":{"line":24,"column":52}},"loc":{"start":{"line":26,"column":8},"end":{"line":28,"column":9}},"line":26}},"branchMap":{"0":{"loc":{"start":{"line":1,"column":239},"end":{"line":1,"column":269}},"type":"binary-expr","locations":[{"start":{"line":1,"column":239},"end":{"line":1,"column":260}},{"start":{"line":1,"column":264},"end":{"line":1,"column":269}}],"line":1},"1":{"loc":{"start":{"line":1,"column":301},"end":{"line":1,"column":355}},"type":"if","locations":[{"start":{"line":1,"column":301},"end":{"line":1,"column":355}},{"start":{"line":1,"column":301},"end":{"line":1,"column":355}}],"line":1},"2":{"loc":{"start":{"line":1,"column":471},"end":{"line":1,"column":539}},"type":"if","locations":[{"start":{"line":1,"column":471},"end":{"line":1,"column":539}},{"start":{"line":1,"column":471},"end":{"line":1,"column":539}}],"line":1},"3":{"loc":{"start":{"line":1,"column":539},"end":{"line":1,"column":599}},"type":"if","locations":[{"start":{"line":1,"column":539},"end":{"line":1,"column":599}},{"start":{"line":1,"column":539},"end":{"line":1,"column":599}}],"line":1},"4":{"loc":{"start":{"line":4,"column":153},"end":{"line":4,"column":199}},"type":"cond-expr","locations":[{"start":{"line":4,"column":177},"end":{"line":4,"column":180}},{"start":{"line":4,"column":183},"end":{"line":4,"column":199}}],"line":4},"5":{"loc":{"start":{"line":4,"column":153},"end":{"line":4,"column":174}},"type":"binary-expr","locations":[{"start":{"line":4,"column":153},"end":{"line":4,"column":156}},{"start":{"line":4,"column":160},"end":{"line":4,"column":174}}],"line":4},"6":{"loc":{"start":{"line":4,"column":250},"end":{"line":4,"column":349}},"type":"if","locations":[{"start":{"line":4,"column":250},"end":{"line":4,"column":349}},{"start":{"line":4,"column":250},"end":{"line":4,"column":349}}],"line":4},"7":{"loc":{"start":{"line":4,"column":399},"end":{"line":4,"column":498}},"type":"if","locations":[{"start":{"line":4,"column":399},"end":{"line":4,"column":498}},{"start":{"line":4,"column":399},"end":{"line":4,"column":498}}],"line":4},"8":{"loc":{"start":{"line":4,"column":505},"end":{"line":4,"column":583}},"type":"cond-expr","locations":[{"start":{"line":4,"column":572},"end":{"line":4,"column":576}},{"start":{"line":4,"column":579},"end":{"line":4,"column":583}}],"line":4},"9":{"loc":{"start":{"line":4,"column":505},"end":{"line":4,"column":569}},"type":"binary-expr","locations":[{"start":{"line":4,"column":505},"end":{"line":4,"column":509}},{"start":{"line":4,"column":514},"end":{"line":4,"column":538}},{"start":{"line":4,"column":542},"end":{"line":4,"column":568}}],"line":4},"10":{"loc":{"start":{"line":4,"column":627},"end":{"line":4,"column":790}},"type":"if","locations":[{"start":{"line":4,"column":627},"end":{"line":4,"column":790}},{"start":{"line":4,"column":627},"end":{"line":4,"column":790}}],"line":4},"11":{"loc":{"start":{"line":4,"column":631},"end":{"line":4,"column":686}},"type":"binary-expr","locations":[{"start":{"line":4,"column":631},"end":{"line":4,"column":663}},{"start":{"line":4,"column":667},"end":{"line":4,"column":686}}],"line":4},"12":{"loc":{"start":{"line":4,"column":825},"end":{"line":4,"column":859}},"type":"binary-expr","locations":[{"start":{"line":4,"column":825},"end":{"line":4,"column":835}},{"start":{"line":4,"column":839},"end":{"line":4,"column":859}}],"line":4},"13":{"loc":{"start":{"line":4,"column":954},"end":{"line":4,"column":1072}},"type":"if","locations":[{"start":{"line":4,"column":954},"end":{"line":4,"column":1072}},{"start":{"line":4,"column":954},"end":{"line":4,"column":1072}}],"line":4},"14":{"loc":{"start":{"line":4,"column":970},"end":{"line":4,"column":1071}},"type":"cond-expr","locations":[{"start":{"line":4,"column":994},"end":{"line":4,"column":1037}},{"start":{"line":4,"column":1040},"end":{"line":4,"column":1071}}],"line":4},"15":{"loc":{"start":{"line":10,"column":90},"end":{"line":10,"column":157}},"type":"binary-expr","locations":[{"start":{"line":10,"column":90},"end":{"line":10,"column":115}},{"start":{"line":10,"column":119},"end":{"line":10,"column":157}}],"line":10}},"s":{"0":0,"1":0,"2":0,"3":0,"4":0,"5":0,"6":0,"7":0,"8":0,"9":0,"10":0,"11":0,"12":0,"13":0,"14":0,"15":0,"16":0,"17":0,"18":0,"19":0,"20":0,"21":0,"22":0,"23":0,"24":0,"25":0,"26":0,"27":0,"28":0,"29":0,"30":0,"31":0,"32":0,"33":0,"34":0,"35":0,"36":0,"37":0,"38":0,"39":0,"40":0,"41":0,"42":0,"43":0,"44":0},"f":{"0":0,"1":0,"2":0,"3":0,"4":0,"5":0,"6":0,"7":0,"8":0,"9":0,"10":0},"b":{"0":[0,0],"1":[0,0],"2":[0,0],"3":[0,0],"4":[0,0],"5":[0,0],"6":[0,0],"7":[0,0],"8":[0,0],"9":[0,0,0],"10":[0,0],"11":[0,0],"12":[0,0],"13":[0,0],"14":[0,0],"15":[0,0]}}
,"/Users/dsellers/code/cad-prototype/app/src/js/CombinationList.js": {"path":"/Users/dsellers/code/cad-prototype/app/src/js/CombinationList.js","statementMap":{"0":{"start":{"line":1,"column":13},"end":{"line":1,"column":75}},"1":{"start":{"line":1,"column":94},"end":{"line":1,"column":623}},"2":{"start":{"line":1,"column":149},"end":{"line":1,"column":414}},"3":{"start":{"line":1,"column":206},"end":{"line":1,"column":214}},"4":{"start":{"line":1,"column":215},"end":{"line":1,"column":270}},"5":{"start":{"line":1,"column":270},"end":{"line":1,"column":301}},"6":{"start":{"line":1,"column":301},"end":{"line":1,"column":355}},"7":{"start":{"line":1,"column":328},"end":{"line":1,"column":355}},"8":{"start":{"line":1,"column":355},"end":{"line":1,"column":413}},"9":{"start":{"line":1,"column":415},"end":{"line":1,"column":620}},"10":{"start":{"line":1,"column":471},"end":{"line":1,"column":539}},"11":{"start":{"line":1,"column":487},"end":{"line":1,"column":539}},"12":{"start":{"line":1,"column":539},"end":{"line":1,"column":599}},"13":{"start":{"line":1,"column":556},"end":{"line":1,"column":599}},"14":{"start":{"line":1,"column":599},"end":{"line":1,"column":618}},"15":{"start":{"line":3,"column":13},"end":{"line":3,"column":29}},"16":{"start":{"line":3,"column":44},"end":{"line":3,"column":74}},"17":{"start":{"line":4,"column":21},"end":{"line":4,"column":46}},"18":{"start":{"line":4,"column":69},"end":{"line":4,"column":107}},"19":{"start":{"line":6,"column":23},"end":{"line":6,"column":51}},"20":{"start":{"line":6,"column":76},"end":{"line":6,"column":116}},"21":{"start":{"line":6,"column":155},"end":{"line":6,"column":209}},"22":{"start":{"line":6,"column":259},"end":{"line":6,"column":358}},"23":{"start":{"line":6,"column":300},"end":{"line":6,"column":357}},"24":{"start":{"line":6,"column":408},"end":{"line":6,"column":507}},"25":{"start":{"line":6,"column":420},"end":{"line":6,"column":506}},"26":{"start":{"line":6,"column":507},"end":{"line":6,"column":593}},"27":{"start":{"line":6,"column":636},"end":{"line":6,"column":799}},"28":{"start":{"line":6,"column":698},"end":{"line":6,"column":798}},"29":{"start":{"line":6,"column":799},"end":{"line":6,"column":963}},"30":{"start":{"line":6,"column":963},"end":{"line":6,"column":1081}},"31":{"start":{"line":6,"column":979},"end":{"line":6,"column":1081}},"32":{"start":{"line":8,"column":18},"end":{"line":54,"column":65}},"33":{"start":{"line":8,"column":47},"end":{"line":8,"column":92}},"34":{"start":{"line":11,"column":5},"end":{"line":11,"column":44}},"35":{"start":{"line":11,"column":56},"end":{"line":12,"column":15}},"36":{"start":{"line":13,"column":8},"end":{"line":13,"column":44}},"37":{"start":{"line":14,"column":8},"end":{"line":14,"column":43}},"38":{"start":{"line":14,"column":43},"end":{"line":14,"column":56}},"39":{"start":{"line":15,"column":5},"end":{"line":54,"column":14}},"40":{"start":{"line":19,"column":20},"end":{"line":19,"column":26}},"41":{"start":{"line":19,"column":31},"end":{"line":19,"column":37}},"42":{"start":{"line":19,"column":45},"end":{"line":19,"column":51}},"43":{"start":{"line":20,"column":25},"end":{"line":20,"column":27}},"44":{"start":{"line":21,"column":25},"end":{"line":21,"column":36}},"45":{"start":{"line":22,"column":24},"end":{"line":22,"column":32}},"46":{"start":{"line":23,"column":31},"end":{"line":23,"column":47}},"47":{"start":{"line":25,"column":12},"end":{"line":37,"column":13}},"48":{"start":{"line":27,"column":16},"end":{"line":27,"column":26}},"49":{"start":{"line":29,"column":16},"end":{"line":35,"column":17}},"50":{"start":{"line":31,"column":20},"end":{"line":34,"column":21}},"51":{"start":{"line":33,"column":24},"end":{"line":33,"column":54}},"52":{"start":{"line":36,"column":16},"end":{"line":36,"column":112}},"53":{"start":{"line":39,"column":12},"end":{"line":40,"column":40}},"54":{"start":{"line":47,"column":12},"end":{"line":47,"column":67}},"55":{"start":{"line":51,"column":12},"end":{"line":52,"column":85}},"56":{"start":{"line":54,"column":14},"end":{"line":54,"column":37}},"57":{"start":{"line":54,"column":66},"end":{"line":54,"column":100}},"58":{"start":{"line":54,"column":100},"end":{"line":54,"column":136}}},"fnMap":{"0":{"name":"(anonymous_0)","decl":{"start":{"line":1,"column":94},"end":{"line":1,"column":95}},"loc":{"start":{"line":1,"column":106},"end":{"line":1,"column":621}},"line":1},"1":{"name":"defineProperties","decl":{"start":{"line":1,"column":116},"end":{"line":1,"column":132}},"loc":{"start":{"line":1,"column":148},"end":{"line":1,"column":415}},"line":1},"2":{"name":"(anonymous_2)","decl":{"start":{"line":1,"column":422},"end":{"line":1,"column":423}},"loc":{"start":{"line":1,"column":470},"end":{"line":1,"column":619}},"line":1},"3":{"name":"_interopRequireDefault","decl":{"start":{"line":6,"column":126},"end":{"line":6,"column":148}},"loc":{"start":{"line":6,"column":154},"end":{"line":6,"column":210}},"line":6},"4":{"name":"_classCallCheck","decl":{"start":{"line":6,"column":219},"end":{"line":6,"column":234}},"loc":{"start":{"line":6,"column":258},"end":{"line":6,"column":359}},"line":6},"5":{"name":"_possibleConstructorReturn","decl":{"start":{"line":6,"column":368},"end":{"line":6,"column":394}},"loc":{"start":{"line":6,"column":407},"end":{"line":6,"column":594}},"line":6},"6":{"name":"_inherits","decl":{"start":{"line":6,"column":603},"end":{"line":6,"column":612}},"loc":{"start":{"line":6,"column":635},"end":{"line":6,"column":1082}},"line":6},"7":{"name":"(anonymous_7)","decl":{"start":{"line":8,"column":18},"end":{"line":8,"column":19}},"loc":{"start":{"line":8,"column":46},"end":{"line":54,"column":38}},"line":8},"8":{"name":"CombinationList","decl":{"start":{"line":10,"column":13},"end":{"line":10,"column":28}},"loc":{"start":{"line":11,"column":4},"end":{"line":15,"column":5}},"line":11},"9":{"name":"generateCombinations","decl":{"start":{"line":15,"column":83},"end":{"line":15,"column":103}},"loc":{"start":{"line":18,"column":8},"end":{"line":43,"column":9}},"line":18},"10":{"name":"componentWillReceiveProps","decl":{"start":{"line":43,"column":65},"end":{"line":43,"column":90}},"loc":{"start":{"line":46,"column":8},"end":{"line":48,"column":9}},"line":46},"11":{"name":"render","decl":{"start":{"line":48,"column":46},"end":{"line":48,"column":52}},"loc":{"start":{"line":50,"column":8},"end":{"line":54,"column":9}},"line":50}},"branchMap":{"0":{"loc":{"start":{"line":1,"column":239},"end":{"line":1,"column":269}},"type":"binary-expr","locations":[{"start":{"line":1,"column":239},"end":{"line":1,"column":260}},{"start":{"line":1,"column":264},"end":{"line":1,"column":269}}],"line":1},"1":{"loc":{"start":{"line":1,"column":301},"end":{"line":1,"column":355}},"type":"if","locations":[{"start":{"line":1,"column":301},"end":{"line":1,"column":355}},{"start":{"line":1,"column":301},"end":{"line":1,"column":355}}],"line":1},"2":{"loc":{"start":{"line":1,"column":471},"end":{"line":1,"column":539}},"type":"if","locations":[{"start":{"line":1,"column":471},"end":{"line":1,"column":539}},{"start":{"line":1,"column":471},"end":{"line":1,"column":539}}],"line":1},"3":{"loc":{"start":{"line":1,"column":539},"end":{"line":1,"column":599}},"type":"if","locations":[{"start":{"line":1,"column":539},"end":{"line":1,"column":599}},{"start":{"line":1,"column":539},"end":{"line":1,"column":599}}],"line":1},"4":{"loc":{"start":{"line":6,"column":162},"end":{"line":6,"column":208}},"type":"cond-expr","locations":[{"start":{"line":6,"column":186},"end":{"line":6,"column":189}},{"start":{"line":6,"column":192},"end":{"line":6,"column":208}}],"line":6},"5":{"loc":{"start":{"line":6,"column":162},"end":{"line":6,"column":183}},"type":"binary-expr","locations":[{"start":{"line":6,"column":162},"end":{"line":6,"column":165}},{"start":{"line":6,"column":169},"end":{"line":6,"column":183}}],"line":6},"6":{"loc":{"start":{"line":6,"column":259},"end":{"line":6,"column":358}},"type":"if","locations":[{"start":{"line":6,"column":259},"end":{"line":6,"column":358}},{"start":{"line":6,"column":259},"end":{"line":6,"column":358}}],"line":6},"7":{"loc":{"start":{"line":6,"column":408},"end":{"line":6,"column":507}},"type":"if","locations":[{"start":{"line":6,"column":408},"end":{"line":6,"column":507}},{"start":{"line":6,"column":408},"end":{"line":6,"column":507}}],"line":6},"8":{"loc":{"start":{"line":6,"column":514},"end":{"line":6,"column":592}},"type":"cond-expr","locations":[{"start":{"line":6,"column":581},"end":{"line":6,"column":585}},{"start":{"line":6,"column":588},"end":{"line":6,"column":592}}],"line":6},"9":{"loc":{"start":{"line":6,"column":514},"end":{"line":6,"column":578}},"type":"binary-expr","locations":[{"start":{"line":6,"column":514},"end":{"line":6,"column":518}},{"start":{"line":6,"column":523},"end":{"line":6,"column":547}},{"start":{"line":6,"column":551},"end":{"line":6,"column":577}}],"line":6},"10":{"loc":{"start":{"line":6,"column":636},"end":{"line":6,"column":799}},"type":"if","locations":[{"start":{"line":6,"column":636},"end":{"line":6,"column":799}},{"start":{"line":6,"column":636},"end":{"line":6,"column":799}}],"line":6},"11":{"loc":{"start":{"line":6,"column":640},"end":{"line":6,"column":695}},"type":"binary-expr","locations":[{"start":{"line":6,"column":640},"end":{"line":6,"column":672}},{"start":{"line":6,"column":676},"end":{"line":6,"column":695}}],"line":6},"12":{"loc":{"start":{"line":6,"column":834},"end":{"line":6,"column":868}},"type":"binary-expr","locations":[{"start":{"line":6,"column":834},"end":{"line":6,"column":844}},{"start":{"line":6,"column":848},"end":{"line":6,"column":868}}],"line":6},"13":{"loc":{"start":{"line":6,"column":963},"end":{"line":6,"column":1081}},"type":"if","locations":[{"start":{"line":6,"column":963},"end":{"line":6,"column":1081}},{"start":{"line":6,"column":963},"end":{"line":6,"column":1081}}],"line":6},"14":{"loc":{"start":{"line":6,"column":979},"end":{"line":6,"column":1080}},"type":"cond-expr","locations":[{"start":{"line":6,"column":1003},"end":{"line":6,"column":1046}},{"start":{"line":6,"column":1049},"end":{"line":6,"column":1080}}],"line":6},"15":{"loc":{"start":{"line":11,"column":90},"end":{"line":11,"column":157}},"type":"binary-expr","locations":[{"start":{"line":11,"column":90},"end":{"line":11,"column":115}},{"start":{"line":11,"column":119},"end":{"line":11,"column":157}}],"line":11},"16":{"loc":{"start":{"line":31,"column":20},"end":{"line":34,"column":21}},"type":"if","locations":[{"start":{"line":31,"column":20},"end":{"line":34,"column":21}},{"start":{"line":31,"column":20},"end":{"line":34,"column":21}}],"line":31}},"s":{"0":0,"1":0,"2":0,"3":0,"4":0,"5":0,"6":0,"7":0,"8":0,"9":0,"10":0,"11":0,"12":0,"13":0,"14":0,"15":0,"16":0,"17":0,"18":0,"19":0,"20":0,"21":0,"22":0,"23":0,"24":0,"25":0,"26":0,"27":0,"28":0,"29":0,"30":0,"31":0,"32":0,"33":0,"34":0,"35":0,"36":0,"37":0,"38":0,"39":0,"40":0,"41":0,"42":0,"43":0,"44":0,"45":0,"46":0,"47":0,"48":0,"49":0,"50":0,"51":0,"52":0,"53":0,"54":0,"55":0,"56":0,"57":0,"58":0},"f":{"0":0,"1":0,"2":0,"3":0,"4":0,"5":0,"6":0,"7":0,"8":0,"9":0,"10":0,"11":0},"b":{"0":[0,0],"1":[0,0],"2":[0,0],"3":[0,0],"4":[0,0],"5":[0,0],"6":[0,0],"7":[0,0],"8":[0,0],"9":[0,0,0],"10":[0,0],"11":[0,0],"12":[0,0],"13":[0,0],"14":[0,0],"15":[0,0],"16":[0,0]}}
,"/Users/dsellers/code/cad-prototype/app/src/js/CustomizationItem.js": {"path":"/Users/dsellers/code/cad-prototype/app/src/js/CustomizationItem.js","statementMap":{"0":{"start":{"line":1,"column":13},"end":{"line":1,"column":75}},"1":{"start":{"line":1,"column":94},"end":{"line":1,"column":623}},"2":{"start":{"line":1,"column":149},"end":{"line":1,"column":414}},"3":{"start":{"line":1,"column":206},"end":{"line":1,"column":214}},"4":{"start":{"line":1,"column":215},"end":{"line":1,"column":270}},"5":{"start":{"line":1,"column":270},"end":{"line":1,"column":301}},"6":{"start":{"line":1,"column":301},"end":{"line":1,"column":355}},"7":{"start":{"line":1,"column":328},"end":{"line":1,"column":355}},"8":{"start":{"line":1,"column":355},"end":{"line":1,"column":413}},"9":{"start":{"line":1,"column":415},"end":{"line":1,"column":620}},"10":{"start":{"line":1,"column":471},"end":{"line":1,"column":539}},"11":{"start":{"line":1,"column":487},"end":{"line":1,"column":539}},"12":{"start":{"line":1,"column":539},"end":{"line":1,"column":599}},"13":{"start":{"line":1,"column":556},"end":{"line":1,"column":599}},"14":{"start":{"line":1,"column":599},"end":{"line":1,"column":618}},"15":{"start":{"line":3,"column":13},"end":{"line":3,"column":29}},"16":{"start":{"line":3,"column":44},"end":{"line":3,"column":74}},"17":{"start":{"line":4,"column":21},"end":{"line":4,"column":46}},"18":{"start":{"line":4,"column":69},"end":{"line":4,"column":107}},"19":{"start":{"line":4,"column":146},"end":{"line":4,"column":200}},"20":{"start":{"line":4,"column":250},"end":{"line":4,"column":349}},"21":{"start":{"line":4,"column":291},"end":{"line":4,"column":348}},"22":{"start":{"line":4,"column":399},"end":{"line":4,"column":498}},"23":{"start":{"line":4,"column":411},"end":{"line":4,"column":497}},"24":{"start":{"line":4,"column":498},"end":{"line":4,"column":584}},"25":{"start":{"line":4,"column":627},"end":{"line":4,"column":790}},"26":{"start":{"line":4,"column":689},"end":{"line":4,"column":789}},"27":{"start":{"line":4,"column":790},"end":{"line":4,"column":954}},"28":{"start":{"line":4,"column":954},"end":{"line":4,"column":1072}},"29":{"start":{"line":4,"column":970},"end":{"line":4,"column":1072}},"30":{"start":{"line":6,"column":20},"end":{"line":26,"column":67}},"31":{"start":{"line":6,"column":49},"end":{"line":6,"column":96}},"32":{"start":{"line":9,"column":5},"end":{"line":9,"column":46}},"33":{"start":{"line":9,"column":58},"end":{"line":10,"column":15}},"34":{"start":{"line":11,"column":8},"end":{"line":11,"column":44}},"35":{"start":{"line":11,"column":44},"end":{"line":11,"column":57}},"36":{"start":{"line":12,"column":5},"end":{"line":26,"column":14}},"37":{"start":{"line":16,"column":12},"end":{"line":16,"column":91}},"38":{"start":{"line":20,"column":22},"end":{"line":20,"column":26}},"39":{"start":{"line":21,"column":12},"end":{"line":23,"column":324}},"40":{"start":{"line":23,"column":128},"end":{"line":23,"column":153}},"41":{"start":{"line":23,"column":236},"end":{"line":23,"column":307}},"42":{"start":{"line":26,"column":14},"end":{"line":26,"column":39}},"43":{"start":{"line":26,"column":68},"end":{"line":26,"column":104}},"44":{"start":{"line":26,"column":104},"end":{"line":26,"column":140}}},"fnMap":{"0":{"name":"(anonymous_0)","decl":{"start":{"line":1,"column":94},"end":{"line":1,"column":95}},"loc":{"start":{"line":1,"column":106},"end":{"line":1,"column":621}},"line":1},"1":{"name":"defineProperties","decl":{"start":{"line":1,"column":116},"end":{"line":1,"column":132}},"loc":{"start":{"line":1,"column":148},"end":{"line":1,"column":415}},"line":1},"2":{"name":"(anonymous_2)","decl":{"start":{"line":1,"column":422},"end":{"line":1,"column":423}},"loc":{"start":{"line":1,"column":470},"end":{"line":1,"column":619}},"line":1},"3":{"name":"_interopRequireDefault","decl":{"start":{"line":4,"column":117},"end":{"line":4,"column":139}},"loc":{"start":{"line":4,"column":145},"end":{"line":4,"column":201}},"line":4},"4":{"name":"_classCallCheck","decl":{"start":{"line":4,"column":210},"end":{"line":4,"column":225}},"loc":{"start":{"line":4,"column":249},"end":{"line":4,"column":350}},"line":4},"5":{"name":"_possibleConstructorReturn","decl":{"start":{"line":4,"column":359},"end":{"line":4,"column":385}},"loc":{"start":{"line":4,"column":398},"end":{"line":4,"column":585}},"line":4},"6":{"name":"_inherits","decl":{"start":{"line":4,"column":594},"end":{"line":4,"column":603}},"loc":{"start":{"line":4,"column":626},"end":{"line":4,"column":1073}},"line":4},"7":{"name":"(anonymous_7)","decl":{"start":{"line":6,"column":20},"end":{"line":6,"column":21}},"loc":{"start":{"line":6,"column":48},"end":{"line":26,"column":40}},"line":6},"8":{"name":"CustomizationItem","decl":{"start":{"line":8,"column":13},"end":{"line":8,"column":30}},"loc":{"start":{"line":9,"column":4},"end":{"line":12,"column":5}},"line":9},"9":{"name":"updateValue","decl":{"start":{"line":12,"column":76},"end":{"line":12,"column":87}},"loc":{"start":{"line":15,"column":8},"end":{"line":17,"column":9}},"line":15},"10":{"name":"render","decl":{"start":{"line":17,"column":46},"end":{"line":17,"column":52}},"loc":{"start":{"line":20,"column":8},"end":{"line":26,"column":9}},"line":20},"11":{"name":"ref","decl":{"start":{"line":23,"column":116},"end":{"line":23,"column":119}},"loc":{"start":{"line":23,"column":127},"end":{"line":23,"column":154}},"line":23},"12":{"name":"onClick","decl":{"start":{"line":23,"column":225},"end":{"line":23,"column":232}},"loc":{"start":{"line":23,"column":235},"end":{"line":23,"column":308}},"line":23}},"branchMap":{"0":{"loc":{"start":{"line":1,"column":239},"end":{"line":1,"column":269}},"type":"binary-expr","locations":[{"start":{"line":1,"column":239},"end":{"line":1,"column":260}},{"start":{"line":1,"column":264},"end":{"line":1,"column":269}}],"line":1},"1":{"loc":{"start":{"line":1,"column":301},"end":{"line":1,"column":355}},"type":"if","locations":[{"start":{"line":1,"column":301},"end":{"line":1,"column":355}},{"start":{"line":1,"column":301},"end":{"line":1,"column":355}}],"line":1},"2":{"loc":{"start":{"line":1,"column":471},"end":{"line":1,"column":539}},"type":"if","locations":[{"start":{"line":1,"column":471},"end":{"line":1,"column":539}},{"start":{"line":1,"column":471},"end":{"line":1,"column":539}}],"line":1},"3":{"loc":{"start":{"line":1,"column":539},"end":{"line":1,"column":599}},"type":"if","locations":[{"start":{"line":1,"column":539},"end":{"line":1,"column":599}},{"start":{"line":1,"column":539},"end":{"line":1,"column":599}}],"line":1},"4":{"loc":{"start":{"line":4,"column":153},"end":{"line":4,"column":199}},"type":"cond-expr","locations":[{"start":{"line":4,"column":177},"end":{"line":4,"column":180}},{"start":{"line":4,"column":183},"end":{"line":4,"column":199}}],"line":4},"5":{"loc":{"start":{"line":4,"column":153},"end":{"line":4,"column":174}},"type":"binary-expr","locations":[{"start":{"line":4,"column":153},"end":{"line":4,"column":156}},{"start":{"line":4,"column":160},"end":{"line":4,"column":174}}],"line":4},"6":{"loc":{"start":{"line":4,"column":250},"end":{"line":4,"column":349}},"type":"if","locations":[{"start":{"line":4,"column":250},"end":{"line":4,"column":349}},{"start":{"line":4,"column":250},"end":{"line":4,"column":349}}],"line":4},"7":{"loc":{"start":{"line":4,"column":399},"end":{"line":4,"column":498}},"type":"if","locations":[{"start":{"line":4,"column":399},"end":{"line":4,"column":498}},{"start":{"line":4,"column":399},"end":{"line":4,"column":498}}],"line":4},"8":{"loc":{"start":{"line":4,"column":505},"end":{"line":4,"column":583}},"type":"cond-expr","locations":[{"start":{"line":4,"column":572},"end":{"line":4,"column":576}},{"start":{"line":4,"column":579},"end":{"line":4,"column":583}}],"line":4},"9":{"loc":{"start":{"line":4,"column":505},"end":{"line":4,"column":569}},"type":"binary-expr","locations":[{"start":{"line":4,"column":505},"end":{"line":4,"column":509}},{"start":{"line":4,"column":514},"end":{"line":4,"column":538}},{"start":{"line":4,"column":542},"end":{"line":4,"column":568}}],"line":4},"10":{"loc":{"start":{"line":4,"column":627},"end":{"line":4,"column":790}},"type":"if","locations":[{"start":{"line":4,"column":627},"end":{"line":4,"column":790}},{"start":{"line":4,"column":627},"end":{"line":4,"column":790}}],"line":4},"11":{"loc":{"start":{"line":4,"column":631},"end":{"line":4,"column":686}},"type":"binary-expr","locations":[{"start":{"line":4,"column":631},"end":{"line":4,"column":663}},{"start":{"line":4,"column":667},"end":{"line":4,"column":686}}],"line":4},"12":{"loc":{"start":{"line":4,"column":825},"end":{"line":4,"column":859}},"type":"binary-expr","locations":[{"start":{"line":4,"column":825},"end":{"line":4,"column":835}},{"start":{"line":4,"column":839},"end":{"line":4,"column":859}}],"line":4},"13":{"loc":{"start":{"line":4,"column":954},"end":{"line":4,"column":1072}},"type":"if","locations":[{"start":{"line":4,"column":954},"end":{"line":4,"column":1072}},{"start":{"line":4,"column":954},"end":{"line":4,"column":1072}}],"line":4},"14":{"loc":{"start":{"line":4,"column":970},"end":{"line":4,"column":1071}},"type":"cond-expr","locations":[{"start":{"line":4,"column":994},"end":{"line":4,"column":1037}},{"start":{"line":4,"column":1040},"end":{"line":4,"column":1071}}],"line":4},"15":{"loc":{"start":{"line":9,"column":92},"end":{"line":9,"column":163}},"type":"binary-expr","locations":[{"start":{"line":9,"column":92},"end":{"line":9,"column":119}},{"start":{"line":9,"column":123},"end":{"line":9,"column":163}}],"line":9}},"s":{"0":0,"1":0,"2":0,"3":0,"4":0,"5":0,"6":0,"7":0,"8":0,"9":0,"10":0,"11":0,"12":0,"13":0,"14":0,"15":0,"16":0,"17":0,"18":0,"19":0,"20":0,"21":0,"22":0,"23":0,"24":0,"25":0,"26":0,"27":0,"28":0,"29":0,"30":0,"31":0,"32":0,"33":0,"34":0,"35":0,"36":0,"37":0,"38":0,"39":0,"40":0,"41":0,"42":0,"43":0,"44":0},"f":{"0":0,"1":0,"2":0,"3":0,"4":0,"5":0,"6":0,"7":0,"8":0,"9":0,"10":0,"11":0,"12":0},"b":{"0":[0,0],"1":[0,0],"2":[0,0],"3":[0,0],"4":[0,0],"5":[0,0],"6":[0,0],"7":[0,0],"8":[0,0],"9":[0,0,0],"10":[0,0],"11":[0,0],"12":[0,0],"13":[0,0],"14":[0,0],"15":[0,0]}}
,"/Users/dsellers/code/cad-prototype/app/src/js/CustomizationList.js": {"path":"/Users/dsellers/code/cad-prototype/app/src/js/CustomizationList.js","statementMap":{"0":{"start":{"line":1,"column":13},"end":{"line":1,"column":75}},"1":{"start":{"line":1,"column":94},"end":{"line":1,"column":623}},"2":{"start":{"line":1,"column":149},"end":{"line":1,"column":414}},"3":{"start":{"line":1,"column":206},"end":{"line":1,"column":214}},"4":{"start":{"line":1,"column":215},"end":{"line":1,"column":270}},"5":{"start":{"line":1,"column":270},"end":{"line":1,"column":301}},"6":{"start":{"line":1,"column":301},"end":{"line":1,"column":355}},"7":{"start":{"line":1,"column":328},"end":{"line":1,"column":355}},"8":{"start":{"line":1,"column":355},"end":{"line":1,"column":413}},"9":{"start":{"line":1,"column":415},"end":{"line":1,"column":620}},"10":{"start":{"line":1,"column":471},"end":{"line":1,"column":539}},"11":{"start":{"line":1,"column":487},"end":{"line":1,"column":539}},"12":{"start":{"line":1,"column":539},"end":{"line":1,"column":599}},"13":{"start":{"line":1,"column":556},"end":{"line":1,"column":599}},"14":{"start":{"line":1,"column":599},"end":{"line":1,"column":618}},"15":{"start":{"line":3,"column":13},"end":{"line":3,"column":29}},"16":{"start":{"line":3,"column":44},"end":{"line":3,"column":74}},"17":{"start":{"line":4,"column":21},"end":{"line":4,"column":46}},"18":{"start":{"line":4,"column":69},"end":{"line":4,"column":107}},"19":{"start":{"line":6,"column":25},"end":{"line":6,"column":55}},"20":{"start":{"line":6,"column":82},"end":{"line":6,"column":124}},"21":{"start":{"line":6,"column":163},"end":{"line":6,"column":217}},"22":{"start":{"line":6,"column":267},"end":{"line":6,"column":366}},"23":{"start":{"line":6,"column":308},"end":{"line":6,"column":365}},"24":{"start":{"line":6,"column":416},"end":{"line":6,"column":515}},"25":{"start":{"line":6,"column":428},"end":{"line":6,"column":514}},"26":{"start":{"line":6,"column":515},"end":{"line":6,"column":601}},"27":{"start":{"line":6,"column":644},"end":{"line":6,"column":807}},"28":{"start":{"line":6,"column":706},"end":{"line":6,"column":806}},"29":{"start":{"line":6,"column":807},"end":{"line":6,"column":971}},"30":{"start":{"line":6,"column":971},"end":{"line":6,"column":1089}},"31":{"start":{"line":6,"column":987},"end":{"line":6,"column":1089}},"32":{"start":{"line":8,"column":20},"end":{"line":140,"column":67}},"33":{"start":{"line":8,"column":49},"end":{"line":8,"column":96}},"34":{"start":{"line":11,"column":5},"end":{"line":11,"column":46}},"35":{"start":{"line":11,"column":58},"end":{"line":12,"column":15}},"36":{"start":{"line":13,"column":8},"end":{"line":13,"column":44}},"37":{"start":{"line":14,"column":8},"end":{"line":14,"column":35}},"38":{"start":{"line":14,"column":35},"end":{"line":14,"column":48}},"39":{"start":{"line":15,"column":5},"end":{"line":140,"column":14}},"40":{"start":{"line":19,"column":12},"end":{"line":23,"column":371}},"41":{"start":{"line":32,"column":26},"end":{"line":32,"column":31}},"42":{"start":{"line":33,"column":12},"end":{"line":40,"column":13}},"43":{"start":{"line":35,"column":16},"end":{"line":39,"column":17}},"44":{"start":{"line":37,"column":20},"end":{"line":37,"column":35}},"45":{"start":{"line":38,"column":20},"end":{"line":38,"column":68}},"46":{"start":{"line":42,"column":12},"end":{"line":45,"column":13}},"47":{"start":{"line":44,"column":16},"end":{"line":44,"column":117}},"48":{"start":{"line":47,"column":12},"end":{"line":48,"column":71}},"49":{"start":{"line":55,"column":12},"end":{"line":71,"column":13}},"50":{"start":{"line":57,"column":16},"end":{"line":60,"column":46}},"51":{"start":{"line":66,"column":16},"end":{"line":68,"column":226}},"52":{"start":{"line":76,"column":12},"end":{"line":76,"column":76}},"53":{"start":{"line":81,"column":12},"end":{"line":87,"column":13}},"54":{"start":{"line":83,"column":16},"end":{"line":86,"column":17}},"55":{"start":{"line":85,"column":20},"end":{"line":85,"column":56}},"56":{"start":{"line":89,"column":12},"end":{"line":96,"column":13}},"57":{"start":{"line":91,"column":16},"end":{"line":94,"column":17}},"58":{"start":{"line":93,"column":20},"end":{"line":93,"column":58}},"59":{"start":{"line":101,"column":12},"end":{"line":101,"column":60}},"60":{"start":{"line":102,"column":12},"end":{"line":104,"column":71}},"61":{"start":{"line":110,"column":12},"end":{"line":110,"column":58}},"62":{"start":{"line":112,"column":12},"end":{"line":114,"column":67}},"63":{"start":{"line":118,"column":12},"end":{"line":121,"column":13}},"64":{"start":{"line":120,"column":16},"end":{"line":120,"column":38}},"65":{"start":{"line":126,"column":12},"end":{"line":135,"column":103}},"66":{"start":{"line":140,"column":14},"end":{"line":140,"column":39}},"67":{"start":{"line":140,"column":68},"end":{"line":140,"column":104}},"68":{"start":{"line":140,"column":104},"end":{"line":140,"column":140}}},"fnMap":{"0":{"name":"(anonymous_0)","decl":{"start":{"line":1,"column":94},"end":{"line":1,"column":95}},"loc":{"start":{"line":1,"column":106},"end":{"line":1,"column":621}},"line":1},"1":{"name":"defineProperties","decl":{"start":{"line":1,"column":116},"end":{"line":1,"column":132}},"loc":{"start":{"line":1,"column":148},"end":{"line":1,"column":415}},"line":1},"2":{"name":"(anonymous_2)","decl":{"start":{"line":1,"column":422},"end":{"line":1,"column":423}},"loc":{"start":{"line":1,"column":470},"end":{"line":1,"column":619}},"line":1},"3":{"name":"_interopRequireDefault","decl":{"start":{"line":6,"column":134},"end":{"line":6,"column":156}},"loc":{"start":{"line":6,"column":162},"end":{"line":6,"column":218}},"line":6},"4":{"name":"_classCallCheck","decl":{"start":{"line":6,"column":227},"end":{"line":6,"column":242}},"loc":{"start":{"line":6,"column":266},"end":{"line":6,"column":367}},"line":6},"5":{"name":"_possibleConstructorReturn","decl":{"start":{"line":6,"column":376},"end":{"line":6,"column":402}},"loc":{"start":{"line":6,"column":415},"end":{"line":6,"column":602}},"line":6},"6":{"name":"_inherits","decl":{"start":{"line":6,"column":611},"end":{"line":6,"column":620}},"loc":{"start":{"line":6,"column":643},"end":{"line":6,"column":1090}},"line":6},"7":{"name":"(anonymous_7)","decl":{"start":{"line":8,"column":20},"end":{"line":8,"column":21}},"loc":{"start":{"line":8,"column":48},"end":{"line":140,"column":40}},"line":8},"8":{"name":"CustomizationList","decl":{"start":{"line":10,"column":13},"end":{"line":10,"column":30}},"loc":{"start":{"line":11,"column":4},"end":{"line":15,"column":5}},"line":11},"9":{"name":"addCustomization","decl":{"start":{"line":15,"column":81},"end":{"line":15,"column":97}},"loc":{"start":{"line":18,"column":8},"end":{"line":28,"column":9}},"line":18},"10":{"name":"updateCustomizationValue","decl":{"start":{"line":28,"column":64},"end":{"line":28,"column":88}},"loc":{"start":{"line":31,"column":8},"end":{"line":50,"column":9}},"line":31},"11":{"name":"addDefaultItem","decl":{"start":{"line":50,"column":54},"end":{"line":50,"column":68}},"loc":{"start":{"line":53,"column":8},"end":{"line":72,"column":9}},"line":53},"12":{"name":"update","decl":{"start":{"line":72,"column":46},"end":{"line":72,"column":52}},"loc":{"start":{"line":75,"column":8},"end":{"line":77,"column":9}},"line":75},"13":{"name":"deleteCustomization","decl":{"start":{"line":77,"column":59},"end":{"line":77,"column":78}},"loc":{"start":{"line":80,"column":8},"end":{"line":97,"column":9}},"line":80},"14":{"name":"removeFromCustomizationValues","decl":{"start":{"line":97,"column":69},"end":{"line":97,"column":98}},"loc":{"start":{"line":100,"column":8},"end":{"line":107,"column":9}},"line":100},"15":{"name":"removeFromCustomizationList","decl":{"start":{"line":107,"column":67},"end":{"line":107,"column":94}},"loc":{"start":{"line":109,"column":8},"end":{"line":123,"column":9}},"line":109},"16":{"name":"render","decl":{"start":{"line":123,"column":46},"end":{"line":123,"column":52}},"loc":{"start":{"line":125,"column":8},"end":{"line":140,"column":9}},"line":125}},"branchMap":{"0":{"loc":{"start":{"line":1,"column":239},"end":{"line":1,"column":269}},"type":"binary-expr","locations":[{"start":{"line":1,"column":239},"end":{"line":1,"column":260}},{"start":{"line":1,"column":264},"end":{"line":1,"column":269}}],"line":1},"1":{"loc":{"start":{"line":1,"column":301},"end":{"line":1,"column":355}},"type":"if","locations":[{"start":{"line":1,"column":301},"end":{"line":1,"column":355}},{"start":{"line":1,"column":301},"end":{"line":1,"column":355}}],"line":1},"2":{"loc":{"start":{"line":1,"column":471},"end":{"line":1,"column":539}},"type":"if","locations":[{"start":{"line":1,"column":471},"end":{"line":1,"column":539}},{"start":{"line":1,"column":471},"end":{"line":1,"column":539}}],"line":1},"3":{"loc":{"start":{"line":1,"column":539},"end":{"line":1,"column":599}},"type":"if","locations":[{"start":{"line":1,"column":539},"end":{"line":1,"column":599}},{"start":{"line":1,"column":539},"end":{"line":1,"column":599}}],"line":1},"4":{"loc":{"start":{"line":6,"column":170},"end":{"line":6,"column":216}},"type":"cond-expr","locations":[{"start":{"line":6,"column":194},"end":{"line":6,"column":197}},{"start":{"line":6,"column":200},"end":{"line":6,"column":216}}],"line":6},"5":{"loc":{"start":{"line":6,"column":170},"end":{"line":6,"column":191}},"type":"binary-expr","locations":[{"start":{"line":6,"column":170},"end":{"line":6,"column":173}},{"start":{"line":6,"column":177},"end":{"line":6,"column":191}}],"line":6},"6":{"loc":{"start":{"line":6,"column":267},"end":{"line":6,"column":366}},"type":"if","locations":[{"start":{"line":6,"column":267},"end":{"line":6,"column":366}},{"start":{"line":6,"column":267},"end":{"line":6,"column":366}}],"line":6},"7":{"loc":{"start":{"line":6,"column":416},"end":{"line":6,"column":515}},"type":"if","locations":[{"start":{"line":6,"column":416},"end":{"line":6,"column":515}},{"start":{"line":6,"column":416},"end":{"line":6,"column":515}}],"line":6},"8":{"loc":{"start":{"line":6,"column":522},"end":{"line":6,"column":600}},"type":"cond-expr","locations":[{"start":{"line":6,"column":589},"end":{"line":6,"column":593}},{"start":{"line":6,"column":596},"end":{"line":6,"column":600}}],"line":6},"9":{"loc":{"start":{"line":6,"column":522},"end":{"line":6,"column":586}},"type":"binary-expr","locations":[{"start":{"line":6,"column":522},"end":{"line":6,"column":526}},{"start":{"line":6,"column":531},"end":{"line":6,"column":555}},{"start":{"line":6,"column":559},"end":{"line":6,"column":585}}],"line":6},"10":{"loc":{"start":{"line":6,"column":644},"end":{"line":6,"column":807}},"type":"if","locations":[{"start":{"line":6,"column":644},"end":{"line":6,"column":807}},{"start":{"line":6,"column":644},"end":{"line":6,"column":807}}],"line":6},"11":{"loc":{"start":{"line":6,"column":648},"end":{"line":6,"column":703}},"type":"binary-expr","locations":[{"start":{"line":6,"column":648},"end":{"line":6,"column":680}},{"start":{"line":6,"column":684},"end":{"line":6,"column":703}}],"line":6},"12":{"loc":{"start":{"line":6,"column":842},"end":{"line":6,"column":876}},"type":"binary-expr","locations":[{"start":{"line":6,"column":842},"end":{"line":6,"column":852}},{"start":{"line":6,"column":856},"end":{"line":6,"column":876}}],"line":6},"13":{"loc":{"start":{"line":6,"column":971},"end":{"line":6,"column":1089}},"type":"if","locations":[{"start":{"line":6,"column":971},"end":{"line":6,"column":1089}},{"start":{"line":6,"column":971},"end":{"line":6,"column":1089}}],"line":6},"14":{"loc":{"start":{"line":6,"column":987},"end":{"line":6,"column":1088}},"type":"cond-expr","locations":[{"start":{"line":6,"column":1011},"end":{"line":6,"column":1054}},{"start":{"line":6,"column":1057},"end":{"line":6,"column":1088}}],"line":6},"15":{"loc":{"start":{"line":11,"column":92},"end":{"line":11,"column":163}},"type":"binary-expr","locations":[{"start":{"line":11,"column":92},"end":{"line":11,"column":119}},{"start":{"line":11,"column":123},"end":{"line":11,"column":163}}],"line":11},"16":{"loc":{"start":{"line":33,"column":28},"end":{"line":33,"column":81}},"type":"binary-expr","locations":[{"start":{"line":33,"column":28},"end":{"line":33,"column":69}},{"start":{"line":33,"column":73},"end":{"line":33,"column":81}}],"line":33},"17":{"loc":{"start":{"line":35,"column":16},"end":{"line":39,"column":17}},"type":"if","locations":[{"start":{"line":35,"column":16},"end":{"line":39,"column":17}},{"start":{"line":35,"column":16},"end":{"line":39,"column":17}}],"line":35},"18":{"loc":{"start":{"line":42,"column":12},"end":{"line":45,"column":13}},"type":"if","locations":[{"start":{"line":42,"column":12},"end":{"line":45,"column":13}},{"start":{"line":42,"column":12},"end":{"line":45,"column":13}}],"line":42},"19":{"loc":{"start":{"line":55,"column":12},"end":{"line":71,"column":13}},"type":"if","locations":[{"start":{"line":55,"column":12},"end":{"line":71,"column":13}},{"start":{"line":55,"column":12},"end":{"line":71,"column":13}}],"line":55},"20":{"loc":{"start":{"line":83,"column":16},"end":{"line":86,"column":17}},"type":"if","locations":[{"start":{"line":83,"column":16},"end":{"line":86,"column":17}},{"start":{"line":83,"column":16},"end":{"line":86,"column":17}}],"line":83},"21":{"loc":{"start":{"line":91,"column":16},"end":{"line":94,"column":17}},"type":"if","locations":[{"start":{"line":91,"column":16},"end":{"line":94,"column":17}},{"start":{"line":91,"column":16},"end":{"line":94,"column":17}}],"line":91},"22":{"loc":{"start":{"line":118,"column":12},"end":{"line":121,"column":13}},"type":"if","locations":[{"start":{"line":118,"column":12},"end":{"line":121,"column":13}},{"start":{"line":118,"column":12},"end":{"line":121,"column":13}}],"line":118}},"s":{"0":0,"1":0,"2":0,"3":0,"4":0,"5":0,"6":0,"7":0,"8":0,"9":0,"10":0,"11":0,"12":0,"13":0,"14":0,"15":0,"16":0,"17":0,"18":0,"19":0,"20":0,"21":0,"22":0,"23":0,"24":0,"25":0,"26":0,"27":0,"28":0,"29":0,"30":0,"31":0,"32":0,"33":0,"34":0,"35":0,"36":0,"37":0,"38":0,"39":0,"40":0,"41":0,"42":0,"43":0,"44":0,"45":0,"46":0,"47":0,"48":0,"49":0,"50":0,"51":0,"52":0,"53":0,"54":0,"55":0,"56":0,"57":0,"58":0,"59":0,"60":0,"61":0,"62":0,"63":0,"64":0,"65":0,"66":0,"67":0,"68":0},"f":{"0":0,"1":0,"2":0,"3":0,"4":0,"5":0,"6":0,"7":0,"8":0,"9":0,"10":0,"11":0,"12":0,"13":0,"14":0,"15":0,"16":0},"b":{"0":[0,0],"1":[0,0],"2":[0,0],"3":[0,0],"4":[0,0],"5":[0,0],"6":[0,0],"7":[0,0],"8":[0,0],"9":[0,0,0],"10":[0,0],"11":[0,0],"12":[0,0],"13":[0,0],"14":[0,0],"15":[0,0],"16":[0,0],"17":[0,0],"18":[0,0],"19":[0,0],"20":[0,0],"21":[0,0],"22":[0,0]}}
,"/Users/dsellers/code/cad-prototype/app/src/js/Home.js": {"path":"/Users/dsellers/code/cad-prototype/app/src/js/Home.js","statementMap":{"0":{"start":{"line":1,"column":13},"end":{"line":1,"column":75}},"1":{"start":{"line":1,"column":94},"end":{"line":1,"column":623}},"2":{"start":{"line":1,"column":149},"end":{"line":1,"column":414}},"3":{"start":{"line":1,"column":206},"end":{"line":1,"column":214}},"4":{"start":{"line":1,"column":215},"end":{"line":1,"column":270}},"5":{"start":{"line":1,"column":270},"end":{"line":1,"column":301}},"6":{"start":{"line":1,"column":301},"end":{"line":1,"column":355}},"7":{"start":{"line":1,"column":328},"end":{"line":1,"column":355}},"8":{"start":{"line":1,"column":355},"end":{"line":1,"column":413}},"9":{"start":{"line":1,"column":415},"end":{"line":1,"column":620}},"10":{"start":{"line":1,"column":471},"end":{"line":1,"column":539}},"11":{"start":{"line":1,"column":487},"end":{"line":1,"column":539}},"12":{"start":{"line":1,"column":539},"end":{"line":1,"column":599}},"13":{"start":{"line":1,"column":556},"end":{"line":1,"column":599}},"14":{"start":{"line":1,"column":599},"end":{"line":1,"column":618}},"15":{"start":{"line":3,"column":13},"end":{"line":3,"column":29}},"16":{"start":{"line":3,"column":44},"end":{"line":3,"column":74}},"17":{"start":{"line":4,"column":22},"end":{"line":4,"column":49}},"18":{"start":{"line":5,"column":21},"end":{"line":5,"column":46}},"19":{"start":{"line":5,"column":69},"end":{"line":5,"column":107}},"20":{"start":{"line":7,"column":25},"end":{"line":7,"column":55}},"21":{"start":{"line":7,"column":82},"end":{"line":7,"column":124}},"22":{"start":{"line":8,"column":23},"end":{"line":8,"column":51}},"23":{"start":{"line":8,"column":76},"end":{"line":8,"column":116}},"24":{"start":{"line":8,"column":155},"end":{"line":8,"column":209}},"25":{"start":{"line":8,"column":259},"end":{"line":8,"column":358}},"26":{"start":{"line":8,"column":300},"end":{"line":8,"column":357}},"27":{"start":{"line":8,"column":408},"end":{"line":8,"column":507}},"28":{"start":{"line":8,"column":420},"end":{"line":8,"column":506}},"29":{"start":{"line":8,"column":507},"end":{"line":8,"column":593}},"30":{"start":{"line":8,"column":636},"end":{"line":8,"column":799}},"31":{"start":{"line":8,"column":698},"end":{"line":8,"column":798}},"32":{"start":{"line":8,"column":799},"end":{"line":8,"column":963}},"33":{"start":{"line":8,"column":963},"end":{"line":8,"column":1081}},"34":{"start":{"line":8,"column":979},"end":{"line":8,"column":1081}},"35":{"start":{"line":10,"column":7},"end":{"line":72,"column":54}},"36":{"start":{"line":10,"column":36},"end":{"line":10,"column":70}},"37":{"start":{"line":13,"column":5},"end":{"line":13,"column":33}},"38":{"start":{"line":13,"column":45},"end":{"line":14,"column":15}},"39":{"start":{"line":15,"column":8},"end":{"line":15,"column":44}},"40":{"start":{"line":16,"column":8},"end":{"line":19,"column":36}},"41":{"start":{"line":19,"column":36},"end":{"line":19,"column":49}},"42":{"start":{"line":21,"column":5},"end":{"line":72,"column":14}},"43":{"start":{"line":25,"column":12},"end":{"line":27,"column":36}},"44":{"start":{"line":34,"column":12},"end":{"line":36,"column":46}},"45":{"start":{"line":41,"column":22},"end":{"line":41,"column":26}},"46":{"start":{"line":42,"column":12},"end":{"line":65,"column":124}},"47":{"start":{"line":47,"column":98},"end":{"line":47,"column":125}},"48":{"start":{"line":50,"column":98},"end":{"line":50,"column":125}},"49":{"start":{"line":53,"column":98},"end":{"line":53,"column":125}},"50":{"start":{"line":72,"column":14},"end":{"line":72,"column":26}},"51":{"start":{"line":72,"column":55},"end":{"line":75,"column":5}},"52":{"start":{"line":75,"column":5},"end":{"line":75,"column":41}}},"fnMap":{"0":{"name":"(anonymous_0)","decl":{"start":{"line":1,"column":94},"end":{"line":1,"column":95}},"loc":{"start":{"line":1,"column":106},"end":{"line":1,"column":621}},"line":1},"1":{"name":"defineProperties","decl":{"start":{"line":1,"column":116},"end":{"line":1,"column":132}},"loc":{"start":{"line":1,"column":148},"end":{"line":1,"column":415}},"line":1},"2":{"name":"(anonymous_2)","decl":{"start":{"line":1,"column":422},"end":{"line":1,"column":423}},"loc":{"start":{"line":1,"column":470},"end":{"line":1,"column":619}},"line":1},"3":{"name":"_interopRequireDefault","decl":{"start":{"line":8,"column":126},"end":{"line":8,"column":148}},"loc":{"start":{"line":8,"column":154},"end":{"line":8,"column":210}},"line":8},"4":{"name":"_classCallCheck","decl":{"start":{"line":8,"column":219},"end":{"line":8,"column":234}},"loc":{"start":{"line":8,"column":258},"end":{"line":8,"column":359}},"line":8},"5":{"name":"_possibleConstructorReturn","decl":{"start":{"line":8,"column":368},"end":{"line":8,"column":394}},"loc":{"start":{"line":8,"column":407},"end":{"line":8,"column":594}},"line":8},"6":{"name":"_inherits","decl":{"start":{"line":8,"column":603},"end":{"line":8,"column":612}},"loc":{"start":{"line":8,"column":635},"end":{"line":8,"column":1082}},"line":8},"7":{"name":"(anonymous_7)","decl":{"start":{"line":10,"column":7},"end":{"line":10,"column":8}},"loc":{"start":{"line":10,"column":35},"end":{"line":72,"column":27}},"line":10},"8":{"name":"Home","decl":{"start":{"line":12,"column":13},"end":{"line":12,"column":17}},"loc":{"start":{"line":13,"column":4},"end":{"line":21,"column":5}},"line":13},"9":{"name":"swapToTab","decl":{"start":{"line":21,"column":61},"end":{"line":21,"column":70}},"loc":{"start":{"line":24,"column":8},"end":{"line":30,"column":9}},"line":24},"10":{"name":"updateCustomizationList","decl":{"start":{"line":30,"column":63},"end":{"line":30,"column":86}},"loc":{"start":{"line":33,"column":8},"end":{"line":39,"column":9}},"line":33},"11":{"name":"render","decl":{"start":{"line":39,"column":46},"end":{"line":39,"column":52}},"loc":{"start":{"line":41,"column":8},"end":{"line":72,"column":9}},"line":41},"12":{"name":"onClick","decl":{"start":{"line":47,"column":87},"end":{"line":47,"column":94}},"loc":{"start":{"line":47,"column":97},"end":{"line":47,"column":126}},"line":47},"13":{"name":"onClick","decl":{"start":{"line":50,"column":87},"end":{"line":50,"column":94}},"loc":{"start":{"line":50,"column":97},"end":{"line":50,"column":126}},"line":50},"14":{"name":"onClick","decl":{"start":{"line":53,"column":87},"end":{"line":53,"column":94}},"loc":{"start":{"line":53,"column":97},"end":{"line":53,"column":126}},"line":53}},"branchMap":{"0":{"loc":{"start":{"line":1,"column":239},"end":{"line":1,"column":269}},"type":"binary-expr","locations":[{"start":{"line":1,"column":239},"end":{"line":1,"column":260}},{"start":{"line":1,"column":264},"end":{"line":1,"column":269}}],"line":1},"1":{"loc":{"start":{"line":1,"column":301},"end":{"line":1,"column":355}},"type":"if","locations":[{"start":{"line":1,"column":301},"end":{"line":1,"column":355}},{"start":{"line":1,"column":301},"end":{"line":1,"column":355}}],"line":1},"2":{"loc":{"start":{"line":1,"column":471},"end":{"line":1,"column":539}},"type":"if","locations":[{"start":{"line":1,"column":471},"end":{"line":1,"column":539}},{"start":{"line":1,"column":471},"end":{"line":1,"column":539}}],"line":1},"3":{"loc":{"start":{"line":1,"column":539},"end":{"line":1,"column":599}},"type":"if","locations":[{"start":{"line":1,"column":539},"end":{"line":1,"column":599}},{"start":{"line":1,"column":539},"end":{"line":1,"column":599}}],"line":1},"4":{"loc":{"start":{"line":8,"column":162},"end":{"line":8,"column":208}},"type":"cond-expr","locations":[{"start":{"line":8,"column":186},"end":{"line":8,"column":189}},{"start":{"line":8,"column":192},"end":{"line":8,"column":208}}],"line":8},"5":{"loc":{"start":{"line":8,"column":162},"end":{"line":8,"column":183}},"type":"binary-expr","locations":[{"start":{"line":8,"column":162},"end":{"line":8,"column":165}},{"start":{"line":8,"column":169},"end":{"line":8,"column":183}}],"line":8},"6":{"loc":{"start":{"line":8,"column":259},"end":{"line":8,"column":358}},"type":"if","locations":[{"start":{"line":8,"column":259},"end":{"line":8,"column":358}},{"start":{"line":8,"column":259},"end":{"line":8,"column":358}}],"line":8},"7":{"loc":{"start":{"line":8,"column":408},"end":{"line":8,"column":507}},"type":"if","locations":[{"start":{"line":8,"column":408},"end":{"line":8,"column":507}},{"start":{"line":8,"column":408},"end":{"line":8,"column":507}}],"line":8},"8":{"loc":{"start":{"line":8,"column":514},"end":{"line":8,"column":592}},"type":"cond-expr","locations":[{"start":{"line":8,"column":581},"end":{"line":8,"column":585}},{"start":{"line":8,"column":588},"end":{"line":8,"column":592}}],"line":8},"9":{"loc":{"start":{"line":8,"column":514},"end":{"line":8,"column":578}},"type":"binary-expr","locations":[{"start":{"line":8,"column":514},"end":{"line":8,"column":518}},{"start":{"line":8,"column":523},"end":{"line":8,"column":547}},{"start":{"line":8,"column":551},"end":{"line":8,"column":577}}],"line":8},"10":{"loc":{"start":{"line":8,"column":636},"end":{"line":8,"column":799}},"type":"if","locations":[{"start":{"line":8,"column":636},"end":{"line":8,"column":799}},{"start":{"line":8,"column":636},"end":{"line":8,"column":799}}],"line":8},"11":{"loc":{"start":{"line":8,"column":640},"end":{"line":8,"column":695}},"type":"binary-expr","locations":[{"start":{"line":8,"column":640},"end":{"line":8,"column":672}},{"start":{"line":8,"column":676},"end":{"line":8,"column":695}}],"line":8},"12":{"loc":{"start":{"line":8,"column":834},"end":{"line":8,"column":868}},"type":"binary-expr","locations":[{"start":{"line":8,"column":834},"end":{"line":8,"column":844}},{"start":{"line":8,"column":848},"end":{"line":8,"column":868}}],"line":8},"13":{"loc":{"start":{"line":8,"column":963},"end":{"line":8,"column":1081}},"type":"if","locations":[{"start":{"line":8,"column":963},"end":{"line":8,"column":1081}},{"start":{"line":8,"column":963},"end":{"line":8,"column":1081}}],"line":8},"14":{"loc":{"start":{"line":8,"column":979},"end":{"line":8,"column":1080}},"type":"cond-expr","locations":[{"start":{"line":8,"column":1003},"end":{"line":8,"column":1046}},{"start":{"line":8,"column":1049},"end":{"line":8,"column":1080}}],"line":8},"15":{"loc":{"start":{"line":13,"column":79},"end":{"line":13,"column":124}},"type":"binary-expr","locations":[{"start":{"line":13,"column":79},"end":{"line":13,"column":93}},{"start":{"line":13,"column":97},"end":{"line":13,"column":124}}],"line":13},"16":{"loc":{"start":{"line":46,"column":77},"end":{"line":46,"column":118}},"type":"cond-expr","locations":[{"start":{"line":46,"column":105},"end":{"line":46,"column":113}},{"start":{"line":46,"column":116},"end":{"line":46,"column":118}}],"line":46},"17":{"loc":{"start":{"line":49,"column":77},"end":{"line":49,"column":118}},"type":"cond-expr","locations":[{"start":{"line":49,"column":105},"end":{"line":49,"column":113}},{"start":{"line":49,"column":116},"end":{"line":49,"column":118}}],"line":49},"18":{"loc":{"start":{"line":52,"column":77},"end":{"line":52,"column":118}},"type":"cond-expr","locations":[{"start":{"line":52,"column":105},"end":{"line":52,"column":113}},{"start":{"line":52,"column":116},"end":{"line":52,"column":118}}],"line":52},"19":{"loc":{"start":{"line":58,"column":78},"end":{"line":58,"column":136}},"type":"cond-expr","locations":[{"start":{"line":58,"column":106},"end":{"line":58,"column":123}},{"start":{"line":58,"column":126},"end":{"line":58,"column":136}}],"line":58},"20":{"loc":{"start":{"line":61,"column":78},"end":{"line":61,"column":136}},"type":"cond-expr","locations":[{"start":{"line":61,"column":106},"end":{"line":61,"column":123}},{"start":{"line":61,"column":126},"end":{"line":61,"column":136}}],"line":61},"21":{"loc":{"start":{"line":64,"column":78},"end":{"line":64,"column":136}},"type":"cond-expr","locations":[{"start":{"line":64,"column":106},"end":{"line":64,"column":123}},{"start":{"line":64,"column":126},"end":{"line":64,"column":136}}],"line":64}},"s":{"0":0,"1":0,"2":0,"3":0,"4":0,"5":0,"6":0,"7":0,"8":0,"9":0,"10":0,"11":0,"12":0,"13":0,"14":0,"15":0,"16":0,"17":0,"18":0,"19":0,"20":0,"21":0,"22":0,"23":0,"24":0,"25":0,"26":0,"27":0,"28":0,"29":0,"30":0,"31":0,"32":0,"33":0,"34":0,"35":0,"36":0,"37":0,"38":0,"39":0,"40":0,"41":0,"42":0,"43":0,"44":0,"45":0,"46":0,"47":0,"48":0,"49":0,"50":0,"51":0,"52":0},"f":{"0":0,"1":0,"2":0,"3":0,"4":0,"5":0,"6":0,"7":0,"8":0,"9":0,"10":0,"11":0,"12":0,"13":0,"14":0},"b":{"0":[0,0],"1":[0,0],"2":[0,0],"3":[0,0],"4":[0,0],"5":[0,0],"6":[0,0],"7":[0,0],"8":[0,0],"9":[0,0,0],"10":[0,0],"11":[0,0],"12":[0,0],"13":[0,0],"14":[0,0],"15":[0,0],"16":[0,0],"17":[0,0],"18":[0,0],"19":[0,0],"20":[0,0],"21":[0,0]}}
,"/Users/dsellers/code/cad-prototype/app/src/js/Static.js": {"path":"/Users/dsellers/code/cad-prototype/app/src/js/Static.js","statementMap":{"0":{"start":{"line":1,"column":13},"end":{"line":1,"column":75}},"1":{"start":{"line":1,"column":94},"end":{"line":1,"column":623}},"2":{"start":{"line":1,"column":149},"end":{"line":1,"column":414}},"3":{"start":{"line":1,"column":206},"end":{"line":1,"column":214}},"4":{"start":{"line":1,"column":215},"end":{"line":1,"column":270}},"5":{"start":{"line":1,"column":270},"end":{"line":1,"column":301}},"6":{"start":{"line":1,"column":301},"end":{"line":1,"column":355}},"7":{"start":{"line":1,"column":328},"end":{"line":1,"column":355}},"8":{"start":{"line":1,"column":355},"end":{"line":1,"column":413}},"9":{"start":{"line":1,"column":415},"end":{"line":1,"column":620}},"10":{"start":{"line":1,"column":471},"end":{"line":1,"column":539}},"11":{"start":{"line":1,"column":487},"end":{"line":1,"column":539}},"12":{"start":{"line":1,"column":539},"end":{"line":1,"column":599}},"13":{"start":{"line":1,"column":556},"end":{"line":1,"column":599}},"14":{"start":{"line":1,"column":599},"end":{"line":1,"column":618}},"15":{"start":{"line":1,"column":637},"end":{"line":1,"column":653}},"16":{"start":{"line":1,"column":668},"end":{"line":1,"column":698}},"17":{"start":{"line":2,"column":21},"end":{"line":2,"column":46}},"18":{"start":{"line":2,"column":69},"end":{"line":2,"column":107}},"19":{"start":{"line":2,"column":146},"end":{"line":2,"column":200}},"20":{"start":{"line":2,"column":250},"end":{"line":2,"column":349}},"21":{"start":{"line":2,"column":291},"end":{"line":2,"column":348}},"22":{"start":{"line":2,"column":399},"end":{"line":2,"column":498}},"23":{"start":{"line":2,"column":411},"end":{"line":2,"column":497}},"24":{"start":{"line":2,"column":498},"end":{"line":2,"column":584}},"25":{"start":{"line":2,"column":627},"end":{"line":2,"column":790}},"26":{"start":{"line":2,"column":689},"end":{"line":2,"column":789}},"27":{"start":{"line":2,"column":790},"end":{"line":2,"column":954}},"28":{"start":{"line":2,"column":954},"end":{"line":2,"column":1072}},"29":{"start":{"line":2,"column":970},"end":{"line":2,"column":1072}},"30":{"start":{"line":6,"column":9},"end":{"line":18,"column":43}},"31":{"start":{"line":6,"column":32},"end":{"line":6,"column":62}},"32":{"start":{"line":7,"column":26},"end":{"line":7,"column":56}},"33":{"start":{"line":7,"column":68},"end":{"line":8,"column":11}},"34":{"start":{"line":9,"column":4},"end":{"line":9,"column":40}},"35":{"start":{"line":9,"column":40},"end":{"line":9,"column":53}},"36":{"start":{"line":10,"column":3},"end":{"line":18,"column":10}},"37":{"start":{"line":13,"column":6},"end":{"line":14,"column":102}},"38":{"start":{"line":18,"column":10},"end":{"line":18,"column":24}},"39":{"start":{"line":18,"column":44},"end":{"line":21,"column":7}},"40":{"start":{"line":21,"column":7},"end":{"line":21,"column":43}}},"fnMap":{"0":{"name":"(anonymous_0)","decl":{"start":{"line":1,"column":94},"end":{"line":1,"column":95}},"loc":{"start":{"line":1,"column":106},"end":{"line":1,"column":621}},"line":1},"1":{"name":"defineProperties","decl":{"start":{"line":1,"column":116},"end":{"line":1,"column":132}},"loc":{"start":{"line":1,"column":148},"end":{"line":1,"column":415}},"line":1},"2":{"name":"(anonymous_2)","decl":{"start":{"line":1,"column":422},"end":{"line":1,"column":423}},"loc":{"start":{"line":1,"column":470},"end":{"line":1,"column":619}},"line":1},"3":{"name":"_interopRequireDefault","decl":{"start":{"line":2,"column":117},"end":{"line":2,"column":139}},"loc":{"start":{"line":2,"column":145},"end":{"line":2,"column":201}},"line":2},"4":{"name":"_classCallCheck","decl":{"start":{"line":2,"column":210},"end":{"line":2,"column":225}},"loc":{"start":{"line":2,"column":249},"end":{"line":2,"column":350}},"line":2},"5":{"name":"_possibleConstructorReturn","decl":{"start":{"line":2,"column":359},"end":{"line":2,"column":385}},"loc":{"start":{"line":2,"column":398},"end":{"line":2,"column":585}},"line":2},"6":{"name":"_inherits","decl":{"start":{"line":2,"column":594},"end":{"line":2,"column":603}},"loc":{"start":{"line":2,"column":626},"end":{"line":2,"column":1073}},"line":2},"7":{"name":"(anonymous_7)","decl":{"start":{"line":6,"column":9},"end":{"line":6,"column":10}},"loc":{"start":{"line":6,"column":31},"end":{"line":18,"column":25}},"line":6},"8":{"name":"Static","decl":{"start":{"line":7,"column":11},"end":{"line":7,"column":17}},"loc":{"start":{"line":7,"column":25},"end":{"line":10,"column":3}},"line":7},"9":{"name":"render","decl":{"start":{"line":10,"column":58},"end":{"line":10,"column":64}},"loc":{"start":{"line":12,"column":4},"end":{"line":18,"column":5}},"line":12}},"branchMap":{"0":{"loc":{"start":{"line":1,"column":239},"end":{"line":1,"column":269}},"type":"binary-expr","locations":[{"start":{"line":1,"column":239},"end":{"line":1,"column":260}},{"start":{"line":1,"column":264},"end":{"line":1,"column":269}}],"line":1},"1":{"loc":{"start":{"line":1,"column":301},"end":{"line":1,"column":355}},"type":"if","locations":[{"start":{"line":1,"column":301},"end":{"line":1,"column":355}},{"start":{"line":1,"column":301},"end":{"line":1,"column":355}}],"line":1},"2":{"loc":{"start":{"line":1,"column":471},"end":{"line":1,"column":539}},"type":"if","locations":[{"start":{"line":1,"column":471},"end":{"line":1,"column":539}},{"start":{"line":1,"column":471},"end":{"line":1,"column":539}}],"line":1},"3":{"loc":{"start":{"line":1,"column":539},"end":{"line":1,"column":599}},"type":"if","locations":[{"start":{"line":1,"column":539},"end":{"line":1,"column":599}},{"start":{"line":1,"column":539},"end":{"line":1,"column":599}}],"line":1},"4":{"loc":{"start":{"line":2,"column":153},"end":{"line":2,"column":199}},"type":"cond-expr","locations":[{"start":{"line":2,"column":177},"end":{"line":2,"column":180}},{"start":{"line":2,"column":183},"end":{"line":2,"column":199}}],"line":2},"5":{"loc":{"start":{"line":2,"column":153},"end":{"line":2,"column":174}},"type":"binary-expr","locations":[{"start":{"line":2,"column":153},"end":{"line":2,"column":156}},{"start":{"line":2,"column":160},"end":{"line":2,"column":174}}],"line":2},"6":{"loc":{"start":{"line":2,"column":250},"end":{"line":2,"column":349}},"type":"if","locations":[{"start":{"line":2,"column":250},"end":{"line":2,"column":349}},{"start":{"line":2,"column":250},"end":{"line":2,"column":349}}],"line":2},"7":{"loc":{"start":{"line":2,"column":399},"end":{"line":2,"column":498}},"type":"if","locations":[{"start":{"line":2,"column":399},"end":{"line":2,"column":498}},{"start":{"line":2,"column":399},"end":{"line":2,"column":498}}],"line":2},"8":{"loc":{"start":{"line":2,"column":505},"end":{"line":2,"column":583}},"type":"cond-expr","locations":[{"start":{"line":2,"column":572},"end":{"line":2,"column":576}},{"start":{"line":2,"column":579},"end":{"line":2,"column":583}}],"line":2},"9":{"loc":{"start":{"line":2,"column":505},"end":{"line":2,"column":569}},"type":"binary-expr","locations":[{"start":{"line":2,"column":505},"end":{"line":2,"column":509}},{"start":{"line":2,"column":514},"end":{"line":2,"column":538}},{"start":{"line":2,"column":542},"end":{"line":2,"column":568}}],"line":2},"10":{"loc":{"start":{"line":2,"column":627},"end":{"line":2,"column":790}},"type":"if","locations":[{"start":{"line":2,"column":627},"end":{"line":2,"column":790}},{"start":{"line":2,"column":627},"end":{"line":2,"column":790}}],"line":2},"11":{"loc":{"start":{"line":2,"column":631},"end":{"line":2,"column":686}},"type":"binary-expr","locations":[{"start":{"line":2,"column":631},"end":{"line":2,"column":663}},{"start":{"line":2,"column":667},"end":{"line":2,"column":686}}],"line":2},"12":{"loc":{"start":{"line":2,"column":825},"end":{"line":2,"column":859}},"type":"binary-expr","locations":[{"start":{"line":2,"column":825},"end":{"line":2,"column":835}},{"start":{"line":2,"column":839},"end":{"line":2,"column":859}}],"line":2},"13":{"loc":{"start":{"line":2,"column":954},"end":{"line":2,"column":1072}},"type":"if","locations":[{"start":{"line":2,"column":954},"end":{"line":2,"column":1072}},{"start":{"line":2,"column":954},"end":{"line":2,"column":1072}}],"line":2},"14":{"loc":{"start":{"line":2,"column":970},"end":{"line":2,"column":1071}},"type":"cond-expr","locations":[{"start":{"line":2,"column":994},"end":{"line":2,"column":1037}},{"start":{"line":2,"column":1040},"end":{"line":2,"column":1071}}],"line":2},"15":{"loc":{"start":{"line":7,"column":102},"end":{"line":7,"column":151}},"type":"binary-expr","locations":[{"start":{"line":7,"column":102},"end":{"line":7,"column":118}},{"start":{"line":7,"column":122},"end":{"line":7,"column":151}}],"line":7}},"s":{"0":0,"1":0,"2":0,"3":0,"4":0,"5":0,"6":0,"7":0,"8":0,"9":0,"10":0,"11":0,"12":0,"13":0,"14":0,"15":0,"16":0,"17":0,"18":0,"19":0,"20":0,"21":0,"22":0,"23":0,"24":0,"25":0,"26":0,"27":0,"28":0,"29":0,"30":0,"31":0,"32":0,"33":0,"34":0,"35":0,"36":0,"37":0,"38":0,"39":0,"40":0},"f":{"0":0,"1":0,"2":0,"3":0,"4":0,"5":0,"6":0,"7":0,"8":0,"9":0},"b":{"0":[0,0],"1":[0,0],"2":[0,0],"3":[0,0],"4":[0,0],"5":[0,0],"6":[0,0],"7":[0,0],"8":[0,0],"9":[0,0,0],"10":[0,0],"11":[0,0],"12":[0,0],"13":[0,0],"14":[0,0],"15":[0,0]}}
,"/Users/dsellers/code/cad-prototype/app/src/js/index.js": {"path":"/Users/dsellers/code/cad-prototype/app/src/js/index.js","statementMap":{"0":{"start":{"line":1,"column":27},"end":{"line":1,"column":277}},"1":{"start":{"line":1,"column":113},"end":{"line":1,"column":131}},"2":{"start":{"line":1,"column":151},"end":{"line":1,"column":276}},"3":{"start":{"line":10,"column":13},"end":{"line":10,"column":29}},"4":{"start":{"line":10,"column":44},"end":{"line":10,"column":74}},"5":{"start":{"line":10,"column":91},"end":{"line":10,"column":111}},"6":{"start":{"line":10,"column":129},"end":{"line":10,"column":162}},"7":{"start":{"line":10,"column":181},"end":{"line":10,"column":203}},"8":{"start":{"line":10,"column":226},"end":{"line":10,"column":253}},"9":{"start":{"line":10,"column":271},"end":{"line":10,"column":304}},"10":{"start":{"line":10,"column":323},"end":{"line":10,"column":357}},"11":{"start":{"line":10,"column":374},"end":{"line":10,"column":402}},"12":{"start":{"line":10,"column":420},"end":{"line":10,"column":453}},"13":{"start":{"line":10,"column":492},"end":{"line":10,"column":546}},"14":{"start":{"line":13,"column":15},"end":{"line":13,"column":112}},"15":{"start":{"line":14,"column":12},"end":{"line":14,"column":45}},"16":{"start":{"line":17,"column":0},"end":{"line":19,"column":66}},"17":{"start":{"line":23,"column":0},"end":{"line":25,"column":33}}},"fnMap":{"0":{"name":"(anonymous_0)","decl":{"start":{"line":1,"column":97},"end":{"line":1,"column":98}},"loc":{"start":{"line":1,"column":112},"end":{"line":1,"column":132}},"line":1},"1":{"name":"(anonymous_1)","decl":{"start":{"line":1,"column":135},"end":{"line":1,"column":136}},"loc":{"start":{"line":1,"column":150},"end":{"line":1,"column":277}},"line":1},"2":{"name":"_interopRequireDefault","decl":{"start":{"line":10,"column":463},"end":{"line":10,"column":485}},"loc":{"start":{"line":10,"column":491},"end":{"line":10,"column":547}},"line":10}},"branchMap":{"0":{"loc":{"start":{"line":1,"column":27},"end":{"line":1,"column":277}},"type":"cond-expr","locations":[{"start":{"line":1,"column":97},"end":{"line":1,"column":132}},{"start":{"line":1,"column":135},"end":{"line":1,"column":277}}],"line":1},"1":{"loc":{"start":{"line":1,"column":27},"end":{"line":1,"column":94}},"type":"binary-expr","locations":[{"start":{"line":1,"column":27},"end":{"line":1,"column":55}},{"start":{"line":1,"column":59},"end":{"line":1,"column":94}}],"line":1},"2":{"loc":{"start":{"line":1,"column":158},"end":{"line":1,"column":275}},"type":"cond-expr
[...]
,"/Users/dsellers/code/cad-prototype/app/src/js/libs/HeaderHiderShouldUpdate.js": {"path":"/Users/dsellers/code/cad-prototype/app/src/js/libs/HeaderHiderShouldUpdate.js","statementMap":{"0":{"start":{"line":1,"column":13},"end":{"line":1,"column":75}},"1":{"start":{"line":1,"column":75},"end":{"line":76,"column":2}},"2":{"start":{"line":6,"column":24},"end":{"line":6,"column":93}},"3":{"start":{"line":6,"column":115},"end":{"line":6,"column":184}},"4":{"start":{"line":6,"column":197},"end":{"line":6,"column":267}},"5":{"start":{"line":6,"column":280},"end":{"line":6,"column":350}},"6":{"start":{"line":7,"column":24},"end":{"line":7,"column":74}},"7":{"start":{"line":8,"column":25},"end":{"line":8,"column":68}},"8":{"start":{"line":11,"column":2},"end":{"line":70,"column":3}},"9":{"start":{"line":12,"column":4},"end":{"line":15,"column":43}},"10":{"start":{"line":18,"column":9},"end":{"line":70,"column":3}},"11":{"start":{"line":19,"column":4},"end":{"line":22,"column":43}},"12":{"start":{"line":25,"column":9},"end":{"line":70,"column":3}},"13":{"start":{"line":30,"column":4},"end":{"line":33,"column":43}},"14":{"start":{"line":37,"column":9},"end":{"line":70,"column":3}},"15":{"start":{"line":42,"column":4},"end":{"line":45,"column":43}},"16":{"start":{"line":48,"column":9},"end":{"line":70,"column":3}},"17":{"start":{"line":53,"column":4},"end":{"line":56,"column":43}},"18":{"start":{"line":60,"column":9},"end":{"line":70,"column":3}},"19":{"start":{"line":65,"column":4},"end":{"line":68,"column":43}},"20":{"start":{"line":71,"column":2},"end":{"line":74,"column":41}},"21":{"start":{"line":76,"column":2},"end":{"line":76,"column":38}}},"fnMap":{"0":{"name":"(anonymous_0)","decl":{"start":{"line":1,"column":93},"end":{"line":1,"column":94}},"loc":{"start":{"line":6,"column":0},"end":{"line":76,"column":1}},"line":6}},"branchMap":{"0":{"loc":{"start":{"line":6,"column":24},"end":{"line":6,"column":93}},"type":"cond-expr","locations":[{"start":{"line":6,"column":77},"end":{"line":6,"column":89}},{"start":{"line":6,"column":92},"end":{"line":6,"column":93}}],"line":6},"1":{"loc":{"start":{"line":6,"column":24},"end":{"line":6,"column":74}},"type":"binary-expr","locations":[{"start":{"line":6,"column":24},"end":{"line":6,"column":44}},{"start":{"line":6,"column":48},"end":{"line":6,"column":74}}],"line":6},"2":{"loc":{"start":{"line":6,"column":115},"end":{"line":6,"column":184}},"type":"cond-expr","locations":[{"start":{"line":6,"column":168},"end":{"line":6,"column":180}},{"start":{"line":6,"column":183},"end":{"line":6,"column":184}}],"line":6},"3":{"loc":{"start":{"line":6,"column":115},"end":{"line":6,"column":165}},"type":"binary-expr","locations":[{"start":{"line":6,"column":115},"end":{"line":6,"column":135}},{"start":{"line":6,"column":139},"end":{"line":6,"column":165}}],"line":6},"4":{"loc":{"start":{"line":6,"column":197},"end":{"line":6,"column":267}},"type":"cond-expr","locations":[{"start":{"line":6,"column":250},"end":{"line":6,"column":262}},{"start":{"line":6,"column":265},"end":{"line":6,"column":267}}],"line":6},"5":{"loc":{"start":{"line":6,"column":197},"end":{"line":6,"column":247}},"type":"binary-expr","locations":[{"start":{"line":6,"column":197},"end":{"line":6,"column":217}},{"start":{"line":6,"column":221},"end":{"line":6,"column":247}}],"line":6},"6":{"loc":{"start":{"line":6,"column":280},"end":{"line":6,"column":350}},"type":"cond-expr","locations":[{"start":{"line":6,"column":333},"end":{"line":6,"column":345}},{"start":{"line":6,"column":348},"end":{"line":6,"column":350}}],"line":6},"7":{"loc":{"start":{"line":6,"column":280},"end":{"line":6,"column":330}},"type":"binary-expr","locations":[{"start":{"line":6,"column":280},"end":{"line":6,"column":300}},{"start":{"line":6,"column":304},"end":{"line":6,"column":330}}],"line":6},"8":{"loc":{"start":{"line":7,"column":24},"end":{"line":7,"column":74}},"type":"cond-expr","locations":[{"start":{"line":7,"column":61},"end":{"line":7,"column":67}},{"start":{"line":7,"column":70},"end":{"line":7,"column":74}}],"line":7},"9":{"loc":{"start":{"line":11,"column":2},"end":{"line":70,"column":3}},"type":"if","locations":[{"start":{"line":11,"column":2},"end":{"line":70,"column":3}},{"start":{"line":11,"column":2},"end":{"line":70,"column":3}}],"line":11},"10":{"loc":{"start":{"line":18,"column":9},"end":{"line":70,"column":3}},"type":"if","locations":[{"start":{"line":18,"column":9},"end":{"line":70,"column":3}},{"start":{"line":18,"column":9},"end":{"line":70,"column":3}}],"line":18},"11":{"loc":{"start":{"line":18,"column":13},"end":{"line":18,"column":74}},"type":"binary-expr","locations":[{"start":{"line":18,"column":13},"end":{"line":18,"column":45}},{"start":{"line":18,"column":49},"end":{"line":18,"column":74}}],"line":18},"12":{"loc":{"start":{"line":25,"column":9},"end":{"line":70,"column":3}},"type":"if","locations":[{"start":{"line":25,"column":9},"end":{"line":70,"column":3}},{"start":{"line":25,"column":9},"end":{"line":70,"column":3}}],"line":25},"13":{"loc":{"start":{"line":26,"column":2},"end":{"line":28,"column":27}},"type":"binary-expr","locations":[{"start":{"line":26,"column":2},"end":{"line":26,"column":32}},{"start":{"line":27,"column":2},"end":{"line":27,"column":28}},{"start":{"line":28,"column":2},"end":{"line":28,"column":27}}],"line":26},"14":{"loc":{"start":{"line":37,"column":9},"end":{"line":70,"column":3}},"type":"if","locations":[{"start":{"line":37,"column":9},"end":{"line":70,"column":3}},{"start":{"line":37,"column":9},"end":{"line":70,"column":3}}],"line":37},"15":{"loc":{"start":{"line":38,"column":2},"end":{"line":40,"column":90}},"type":"binary-expr","locations":[{"start":{"line":38,"column":2},"end":{"line":38,"column":28}},{"start":{"line":39,"column":2},"end":{"line":39,"column":49}},{"start":{"line":40,"column":2},"end":{"line":40,"column":48}},{"start":{"line":40,"column":52},"end":{"line":40,"column":90}}],"line":38},"16":{"loc":{"start":{"line":48,"column":9},"end":{"line":70,"column":3}},"type":"if","locations":[{"start":{"line":48,"column":9},"end":{"line":70,"column":3}},{"start":{"line":48,"column":9},"end":{"line":70,"column":3}}],"line":48},"17":{"loc":{"start":{"line":49,"column":2},"end":{"line":51,"column":48}},"type":"binary-expr","locations":[{"start":{"line":49,"column":2},"end":{"line":49,"column":26}},{"start":{"line":50,"column":2},"end":{"line":50,"column":38}},{"start":{"line":51,"column":2},"end":{"line":51,"column":48}}],"line":49},"18":{"loc":{"start":{"line":60,"column":9},"end":{"line":70,"column":3}},"type":"if","locations":[{"start":{"line":60,"column":9},"end":{"line":70,"column":3}},{"start":{"line":60,"column":9},"end":{"line":70,"column":3}}],"line":60},"19":{"loc":{"start":{"line":61,"column":2},"end":{"line":63,"column":48}},"type":"binary-expr","locations":[{"start":{"line":61,"column":2},"end":{"line":61,"column":26}},{"start":{"line":62,"column":2},"end":{"line":62,"column":32}},{"start":{"line":63,"column":2},"end":{"line":63,"column":48}}],"line":61}},"s":{"0":0,"1":0,"2":0,"3":0,"4":0,"5":0,"6":0,"7":0,"8":0,"9":0,"10":0,"11":0,"12":0,"13":0,"14":0,"15":0,"16":0,"17":0,"18":0,"19":0,"20":0,"21":0},"f":{"0":0},"b":{"0":[0,0],"1":[0,0],"2":[0,0],"3":[0,0],"4":[0,0],"5":[0,0],"6":[0,0],"7":[0,0],"8":[0,0],"9":[0,0],"10":[0,0],"11":[0,0],"12":[0,0],"13":[0,0,0],"14":[0,0],"15":[0,0,0,0],"16":[0,0],"17":[0,0,0],"18":[0,0],"19":[0,0,0]}}
,"/Users/dsellers/code/cad-prototype/app/src/js/libs/PDPBreakpoints.js": {"path":"/Users/dsellers/code/cad-prototype/app/src/js/libs/PDPBreakpoints.js","statementMap":{"0":{"start":{"line":1,"column":13},"end":{"line":1,"column":75}},"1":{"start":{"line":1,"column":75},"end":{"line":23,"column":22}},"2":{"start":{"line":4,"column":15},"end":{"line":4,"column":29}},"3":{"start":{"line":5,"column":21},"end":{"line":5,"column":30}},"4":{"start":{"line":6,"column":4},"end":{"line":8,"column":5}},"5":{"start":{"line":7,"column":6},"end":{"line":7,"column":28}},"6":{"start":{"line":9,"column":4},"end":{"line":11,"column":5}},"7":{"start":{"line":10,"column":6},"end":{"line":10,"column":32}},"8":{"start":{"line":12,"column":4},"end":{"line":14,"column":5}},"9":{"start":{"line":13,"column":6},"end":{"line":13,"column":29}},"10":{"start":{"line":15,"column":4},"end":{"line":17,"column":5}},"11":{"start":{"line":16,"column":6},"end":{"line":16,"column":28}},"12":{"start":{"line":18,"column":4},"end":{"line":18,"column":58}},"13":{"start":{"line":23,"column":22},"end":{"line":23,"column":58}}},"fnMap":{"0":{"name":"onResize","decl":{"start":{"line":3,"column":21},"end":{"line":3,"column":29}},"loc":{"start":{"line":3,"column":35},"end":{"line":19,"column":3}},"line":3}},"branchMap":{"0":{"loc":{"start":{"line":6,"column":4},"end":{"line":8,"column":5}},"type":"if","locations":[{"start":{"line":6,"column":4},"end":{"line":8,"column":5}},{"start":{"line":6,"column":4},"end":{"line":8,"column":5}}],"line":6},"1":{"loc":{"start":{"line":9,"column":4},"end":{"line":11,"column":5}},"type":"if","locations":[{"start":{"line":9,"column":4},"end":{"line":11,"column":5}},{"start":{"line":9,"column":4},"end":{"line":11,"column":5}}],"line":9},"2":{"loc":{"start":{"line":12,"column":4},"end":{"line":14,"column":5}},"type":"if","locations":[{"start":{"line":12,"column":4},"end":{"line":14,"column":5}},{"start":{"line":12,"column":4},"end":{"line":14,"column":5}}],"line":12},"3":{"loc":{"start":{"line":15,"column":4},"end":{"line":17,"column":5}},"type":"if","locations":[{"start":{"line":15,"column":4},"end":{"line":17,"column":5}},{"start":{"line":15,"column":4},"end":{"line":17,"column":5}}],"line":15}},"s":{"0":0,"1":0,"2":0,"3":0,"4":0,"5":0,"6":0,"7":0,"8":0,"9":0,"10":0,"11":0,"12":0,"13":0},"f":{"0":0},"b":{"0":[0,0],"1":[0,0],"2":[0,0],"3":[0,0]}}
,"/Users/dsellers/code/cad-prototype/app/src/js/libs/noop.js": {"path":"/Users/dsellers/code/cad-prototype/app/src/js/libs/noop.js","statementMap":{"0":{"start":{"line":1,"column":13},"end":{"line":1,"column":75}},"1":{"start":{"line":1,"column":75},"end":{"line":1,"column":108}},"2":{"start":{"line":1,"column":108},"end":{"line":1,"column":144}}},"fnMap":{"0":{"name":"(anonymous_0)","decl":{"start":{"line":1,"column":93},"end":{"line":1,"column":94}},"loc":{"start":{"line":1,"column":105},"end":{"line":1,"column":107}},"line":1}},"branchMap":{},"s":{"0":0,"1":0,"2":0},"f":{"0":0},"b":{}}
,"/Users/dsellers/code/cad-prototype/app/src/js/polyfills/windowPolyfill.js": {"path":"/Users/dsellers/code/cad-prototype/app/src/js/polyfills/windowPolyfill.js","statementMap":{"0":{"start":{"line":1,"column":13},"end":{"line":1,"column":75}},"1":{"start":{"line":1,"column":89},"end":{"line":1,"column":339}},"2":{"start":{"line":1,"column":175},"end":{"line":1,"column":193}},"3":{"start":{"line":1,"column":213},"end":{"line":1,"column":338}},"4":{"start":{"line":2,"column":10},"end":{"line":4,"column":16}},"5":{"start":{"line":4,"column":17},"end":{"line":6,"column":4}},"6":{"start":{"line":6,"column":4},"end":{"line":6,"column":40}}},"fnMap":{"0":{"name":"(anonymous_0)","decl":{"start":{"line":1,"column":159},"end":{"line":1,"column":160}},"loc":{"start":{"line":1,"column":174},"end":{"line":1,"column":194}},"line":1},"1":{"name":"(anonymous_1)","decl":{"start":{"line":1,"column":197},"end":{"line":1,"column":198}},"loc":{"start":{"line":1,"column":212},"end":{"line":1,"column":339}},"line":1}},"branchMap":{"0":{"loc":{"start":{"line":1,"column":89},"end":{"line":1,"column":339}},"type":"cond-expr","locations":[{"start":{"line":1,"column":159},"end":{"line":1,"column":194}},{"start":{"line":1,"column":197},"end":{"line":1,"column":339}}],"line":1},"1":{"loc":{"start":{"line":1,"column":89},"end":{"line":1,"column":156}},"type":"binary-expr","locations":[{"start":{"line":1,"column":89},"end":{"line":1,"column":117}},{"start":{"line":1,"column":121},"end":{"line":1,"column":156}}],"line":1},"2":{"loc":{"start":{"line":1,"column":220},"end":{"line":1,"column":337}},"type":"cond-expr","locations":[{"start":{"line":1,"column":316},"end":{"line":1,"column":324}},{"start":{"line":1,"column":327},"end":{"line":1,"column":337}}],"line":1},"3":{"loc":{"start":{"line":1,"column":220},"end":{"line":1,"column":313}},"type":"binary-expr","locations":[{"start":{"line":1,"column":220},"end":{"line":1,"column":223}},{"start":{"line":1,"column":227},"end":{"line":1,"column":255}},{"start":{"line":1,"column":259},"end":{"line":1,"column":285}},{"start":{"line":1,"column":289},"end":{"line":1,"column":313}}],"line":1},"4":{"loc":{"start":{"line":2,"column":10},"end":{"line":4,"column":16}},"type":"cond-expr","locations":[{"start":{"line":3,"column":0},"end":{"line":3,"column":6}},{"start":{"line":4,"column":0},"end":{"line":4,"column":16}}],"line":2},"5":{"loc":{"start":{"line":2,"column":11},"end":{"line":2,"column":72}},"type":"cond-expr","locations":[{"start":{"line":2,"column":43},"end":{"line":2,"column":54}},{"start":{"line":2,"column":57},"end":{"line":2,"column":72}}],"line":2}},"s":{"0":0,"1":0,"2":0,"3":0,"4":0,"5":0,"6":0},"f":{"0":0,"1":0},"b":{"0":[0,0],"1":[0,0],"2":[0,0],"3":[0,0,0,0],"4":[0,0],"5":[0,0]}}
,"/Users/dsellers/code/cad-prototype/app/src/js/reducers/AppReducer.js": {"path":"/Users/dsellers/code/cad-prototype/app/src/js/reducers/AppReducer.js","statementMap":{"0":{"start":{"line":4,"column":30},"end":{"line":7,"column":2}},"1":{"start":{"line":10,"column":2},"end":{"line":19,"column":3}},"2":{"start":{"line":12,"column":6},"end":{"line":14,"column":9}},"3":{"start":{"line":17,"column":6},"end":{"line":17,"column":21}}},"fnMap":{"0":{"name":"AppReducer","decl":{"start":{"line":9,"column":24},"end":{"line":9,"column":34}},"loc":{"start":{"line":9,"column":76},"end":{"line":20,"column":1}},"line":9}},"branchMap":{"0":{"loc":{"start":{"line":9,"column":35},"end":{"line":9,"column":59}},"type":"default-arg","locations":[{"start":{"line":9,"column":45},"end":{"line":9,"column":59}}],"line":9},"1":{"loc":{"start":{"line":9,"column":61},"end":{"line":9,"column":74}},"type":"default-arg","locations":[{"start":{"line":9,"column":70},"end":{"line":9,"column":74}}],"line":9},"2":{"loc":{"start":{"line":10,"column":2},"end":{"line":19,"column":3}},"type":"switch","locations":[{"start":{"line":11,"column":4},"end":{"line":15,"column":5}},{"start":{"line":16,"column":4},"end":{"line":18,"column":5}}],"line":10}},"s":{"0":1,"1":3,"2":0,"3":3},"f":{"0":3},"b":{"0":[2],"1":[0],"2":[0,3]},"_coverageSchema":"332fd63041d2c1bcb487cc26dd0d5f7d97098a6c","hash":"1a5ce061892e4c7a02ce2440336bf875ab1bb7f5"}
,"/Users/dsellers/code/cad-prototype/app/src/js/reducers/index.js": {"path":"/Users/dsellers/code/cad-prototype/app/src/js/reducers/index.js","statementMap":{"0":{"start":{"line":7,"column":29},"end":{"line":9,"column":1}}},"fnMap":{},"branchMap":{},"s":{"0":1},"f":{},"b":{},"_coverageSchema":"332fd63041d2c1bcb487cc26dd0d5f7d97098a6c","hash":"210576e713590c0fe928c2629ac784c3d3fbbded"}
,"/Users/dsellers/code/cad-prototype/app/src/js/startup/AppStartup.js": {"path":"/Users/dsellers/code/cad-prototype/app/src/js/startup/AppStartup.js","statementMap":{},"fnMap":{},"branchMap":{},"s":{},"f":{},"b":{}}
,"/Users/dsellers/code/cad-prototype/app/src/js/stores/AppStore.js": {"path":"/Users/dsellers/code/cad-prototype/app/src/js/stores/AppStore.js","statementMap":{"0":{"start":{"line":13,"column":19},"end":{"line":13,"column":37}},"1":{"start":{"line":14,"column":20},"end":{"line":14,"column":96}},"2":{"start":{"line":14,"column":41},"end":{"line":14,"column":95}},"3":{"start":{"line":15,"column":2},"end":{"line":15,"column":32}},"4":{"start":{"line":26,"column":2},"end":{"line":32,"column":9}},"5":{"start":{"line":27,"column":4},"end":{"line":30,"column":6}},"6":{"start":{"line":28,"column":31},"end":{"line":28,"column":94}},"7":{"start":{"line":31,"column":4},"end":{"line":31,"column":15}},"8":{"start":{"line":37,"column":27},"end":{"line":37,"column":52}},"9":{"start":{"line":38,"column":25},"end":{"line":38,"column":61}},"10":{"start":{"line":39,"column":18},"end":{"line":39,"column":43}},"11":{"start":{"line":40,"column":24},"end":{"line":40,"column":86}},"12":{"start":{"line":42,"column":2},"end":{"line":42,"column":61}}},"fnMap":{"0":{"name":"cleanHydratedState","decl":{"start":{"line":12,"column":9},"end":{"line":12,"column":27}},"loc":{"start":{"line":12,"column":35},"end":{"line":16,"column":1}},"line":12},"1":{"name":"(anonymous_1)","decl":{"start":{"line":14,"column":36},"end":{"line":14,"column":37}},"loc":{"start":{"line":14,"column":41},"end":{"line":14,"column":95}},"line":14},"2":{"name":"mergeInjectedProps","decl":{"start":{"line":25,"column":9},"end":{"line":25,"column":27}},"loc":{"start":{"line":25,"column":35},"end":{"line":33,"column":1}},"line":25},"3":{"name":"(anonymous_3)","decl":{"start":{"line":26,"column":43},"end":{"line":26,"column":44}},"loc":{"start":{"line":26,"column":62},"end":{"line":32,"column":3}},"line":26},"4":{"name":"(anonymous_4)","decl":{"start":{"line":28,"column":6},"end":{"line":28,"column":7}},"loc":{"start":{"line":28,"column":31},"end":{"line":28,"column":94}},"line":28},"5":{"name":"(anonymous_5)","decl":{"start":{"line":36,"column":15},"end":{"line":36,"column":16}},"loc":{"start":{"line":36,"column":31},"end":{"line":43,"column":1}},"line":36}},"branchMap":{"0":{"loc":{"start":{"line":28,"column":31},"end":{"line":28,"column":94}},"type":"cond-expr","locations":[{"start":{"line":28,"column":75},"end":{"line":28,"column":85}},{"start":{"line":28,"column":88},"end":{"line":28,"column":94}}],"line":28},"1":{"loc":{"start":{"line":28,"column":32},"end":{"line":28,"column":71}},"type":"binary-expr","locations":[{"start":{"line":28,"column":32},"end":{"line":28,"column":47}},{"start":{"line":28,"column":51},"end":{"line":28,"column":71}}],"line":28},"2":{"loc":{"start":{"line":36,"column":16},"end":{"line":36,"column":26}},"type":"default-arg","locations":[{"start":{"line":36,"column":24},"end":{"line":36,"column":26}}],"line":36}},"s":{"0":1,"1":1,"2":0,"3":1,"4":1,"5":1,"6":0,"7":1,"8":1,"9":1,"10":1,"11":1,"12":1},"f":{"0":1,"1":0,"2":1,"3":1,"4":0,"5":1},"b":{"0":[0,0],"1":[0,0],"2":[1]},"_coverageSchema":"332fd63041d2c1bcb487cc26dd0d5f7d97098a6c","hash":"ae083e12a90d9dd95c851f5715032a55f3aaf480"}
,"/Users/dsellers/code/cad-prototype/app/src/lib/testNullCompiler.js": {"path":"/Users/dsellers/code/cad-prototype/app/src/lib/testNullCompiler.js","statementMap":{"0":{"start":{"line":2,"column":11},"end":{"line":2,"column":38}},"1":{"start":{"line":2,"column":28},"end":{"line":2,"column":37}},"2":{"start":{"line":4,"column":0},"end":{"line":4,"column":34}},"3":{"start":{"line":5,"column":0},"end":{"line":5,"column":35}},"4":{"start":{"line":6,"column":0},"end":{"line":6,"column":34}},"5":{"start":{"line":7,"column":0},"end":{"line":7,"column":34}},"6":{"start":{"line":8,"column":0},"end":{"line":8,"column":35}},"7":{"start":{"line":9,"column":0},"end":{"line":9,"column":34}},"8":{"start":{"line":10,"column":0},"end":{"line":10,"column":34}}},"fnMap":{"0":{"name":"noop","decl":{"start":{"line":2,"column":20},"end":{"line":2,"column":24}},"loc":{"start":{"line":2,"column":27},"end":{"line":2,"column":38}},"line":2}},"branchMap":{},"s":{"0":0,"1":0,"2":0,"3":0,"4":0,"5":0,"6":0,"7":0,"8":0},"f":{"0":0},"b":{}}
}
